This file contains any messages produced by compilers while
running configure, to aid debugging if configure makes a mistake.

It was created by GECODE configure 4.4.0, which was
generated by GNU Autoconf 2.69.  Invocation command line was

  $ ./configure 

## --------- ##
## Platform. ##
## --------- ##

hostname = alexey-linux-desktop1
uname -m = x86_64
uname -r = 3.16.0-57-generic
uname -s = Linux
uname -v = #77~14.04.1-Ubuntu SMP Thu Dec 17 23:20:00 UTC 2015

/usr/bin/uname -p = unknown
/bin/uname -X     = unknown

/bin/arch              = unknown
/usr/bin/arch -k       = unknown
/usr/convex/getsysinfo = unknown
/usr/bin/hostinfo      = unknown
/bin/machine           = unknown
/usr/bin/oslevel       = unknown
/bin/universe          = unknown

PATH: /opt/bricsys/bricscad/v15
PATH: /usr/local/sbin
PATH: /usr/local/bin
PATH: /usr/sbin
PATH: /usr/bin
PATH: /sbin
PATH: /bin
PATH: /usr/games
PATH: /usr/local/games
PATH: /opt/bricsys/bricscad/v15


## ----------- ##
## Core tests. ##
## ----------- ##

configure:2744: checking for the host operating system
configure:2754: result: Linux
configure:2835: checking for g++
configure:2851: found /usr/bin/g++
configure:2862: result: g++
configure:2889: checking for C++ compiler version
configure:2898: g++ --version >&5
g++ (Ubuntu 4.9.3-8ubuntu2~14.04) 4.9.3
Copyright (C) 2015 Free Software Foundation, Inc.
This is free software; see the source for copying conditions.  There is NO
warranty; not even for MERCHANTABILITY or FITNESS FOR A PARTICULAR PURPOSE.

configure:2909: $? = 0
configure:2898: g++ -v >&5
Using built-in specs.
COLLECT_GCC=g++
COLLECT_LTO_WRAPPER=/usr/lib/gcc/x86_64-linux-gnu/4.9/lto-wrapper
Target: x86_64-linux-gnu
Configured with: ../src/configure -v --with-pkgversion='Ubuntu 4.9.3-8ubuntu2~14.04' --with-bugurl=file:///usr/share/doc/gcc-4.9/README.Bugs --enable-languages=c,c++,java,go,d,fortran,objc,obj-c++ --prefix=/usr --program-suffix=-4.9 --enable-shared --enable-linker-build-id --libexecdir=/usr/lib --without-included-gettext --enable-threads=posix --with-gxx-include-dir=/usr/include/c++/4.9 --libdir=/usr/lib --enable-nls --with-sysroot=/ --enable-clocale=gnu --enable-libstdcxx-debug --enable-libstdcxx-time=yes --enable-gnu-unique-object --disable-vtable-verify --enable-plugin --with-system-zlib --disable-browser-plugin --enable-java-awt=gtk --enable-gtk-cairo --with-java-home=/usr/lib/jvm/java-1.5.0-gcj-4.9-amd64/jre --enable-java-home --with-jvm-root-dir=/usr/lib/jvm/java-1.5.0-gcj-4.9-amd64 --with-jvm-jar-dir=/usr/lib/jvm-exports/java-1.5.0-gcj-4.9-amd64 --with-arch-directory=amd64 --with-ecj-jar=/usr/share/java/eclipse-ecj.jar --enable-objc-gc --enable-multiarch --disable-werror --with-arch-32=i686 --with-abi=m64 --with-multilib-list=m32,m64,mx32 --enable-multilib --with-tune=generic --enable-checking=release --build=x86_64-linux-gnu --host=x86_64-linux-gnu --target=x86_64-linux-gnu
Thread model: posix
gcc version 4.9.3 (Ubuntu 4.9.3-8ubuntu2~14.04) 
configure:2909: $? = 0
configure:2898: g++ -V >&5
g++: error: unrecognized command line option '-V'
g++: fatal error: no input files
compilation terminated.
configure:2909: $? = 4
configure:2898: g++ -qversion >&5
g++: error: unrecognized command line option '-qversion'
g++: fatal error: no input files
compilation terminated.
configure:2909: $? = 4
configure:2929: checking whether the C++ compiler works
configure:2951: g++    conftest.cpp  >&5
configure:2955: $? = 0
configure:3003: result: yes
configure:3006: checking for C++ compiler default output file name
configure:3008: result: a.out
configure:3014: checking for suffix of executables
configure:3021: g++ -o conftest    conftest.cpp  >&5
configure:3025: $? = 0
configure:3047: result: 
configure:3069: checking whether we are cross compiling
configure:3077: g++ -o conftest    conftest.cpp  >&5
configure:3081: $? = 0
configure:3088: ./conftest
configure:3092: $? = 0
configure:3107: result: no
configure:3112: checking for suffix of object files
configure:3134: g++ -c   conftest.cpp >&5
configure:3138: $? = 0
configure:3159: result: o
configure:3163: checking whether we are using the GNU C++ compiler
configure:3182: g++ -c   conftest.cpp >&5
configure:3182: $? = 0
configure:3191: result: yes
configure:3200: checking whether g++ accepts -g
configure:3220: g++ -c -g  conftest.cpp >&5
configure:3220: $? = 0
configure:3261: result: yes
configure:3332: checking for gcc
configure:3348: found /usr/bin/gcc
configure:3359: result: gcc
configure:3588: checking for C compiler version
configure:3597: gcc --version >&5
gcc (Ubuntu 4.9.3-8ubuntu2~14.04) 4.9.3
Copyright (C) 2015 Free Software Foundation, Inc.
This is free software; see the source for copying conditions.  There is NO
warranty; not even for MERCHANTABILITY or FITNESS FOR A PARTICULAR PURPOSE.

configure:3608: $? = 0
configure:3597: gcc -v >&5
Using built-in specs.
COLLECT_GCC=gcc
COLLECT_LTO_WRAPPER=/usr/lib/gcc/x86_64-linux-gnu/4.9/lto-wrapper
Target: x86_64-linux-gnu
Configured with: ../src/configure -v --with-pkgversion='Ubuntu 4.9.3-8ubuntu2~14.04' --with-bugurl=file:///usr/share/doc/gcc-4.9/README.Bugs --enable-languages=c,c++,java,go,d,fortran,objc,obj-c++ --prefix=/usr --program-suffix=-4.9 --enable-shared --enable-linker-build-id --libexecdir=/usr/lib --without-included-gettext --enable-threads=posix --with-gxx-include-dir=/usr/include/c++/4.9 --libdir=/usr/lib --enable-nls --with-sysroot=/ --enable-clocale=gnu --enable-libstdcxx-debug --enable-libstdcxx-time=yes --enable-gnu-unique-object --disable-vtable-verify --enable-plugin --with-system-zlib --disable-browser-plugin --enable-java-awt=gtk --enable-gtk-cairo --with-java-home=/usr/lib/jvm/java-1.5.0-gcj-4.9-amd64/jre --enable-java-home --with-jvm-root-dir=/usr/lib/jvm/java-1.5.0-gcj-4.9-amd64 --with-jvm-jar-dir=/usr/lib/jvm-exports/java-1.5.0-gcj-4.9-amd64 --with-arch-directory=amd64 --with-ecj-jar=/usr/share/java/eclipse-ecj.jar --enable-objc-gc --enable-multiarch --disable-werror --with-arch-32=i686 --with-abi=m64 --with-multilib-list=m32,m64,mx32 --enable-multilib --with-tune=generic --enable-checking=release --build=x86_64-linux-gnu --host=x86_64-linux-gnu --target=x86_64-linux-gnu
Thread model: posix
gcc version 4.9.3 (Ubuntu 4.9.3-8ubuntu2~14.04) 
configure:3608: $? = 0
configure:3597: gcc -V >&5
gcc: error: unrecognized command line option '-V'
gcc: fatal error: no input files
compilation terminated.
configure:3608: $? = 4
configure:3597: gcc -qversion >&5
gcc: error: unrecognized command line option '-qversion'
gcc: fatal error: no input files
compilation terminated.
configure:3608: $? = 4
configure:3612: checking whether we are using the GNU C compiler
configure:3631: gcc -c   conftest.c >&5
configure:3631: $? = 0
configure:3640: result: yes
configure:3649: checking whether gcc accepts -g
configure:3669: gcc -c -g  conftest.c >&5
configure:3669: $? = 0
configure:3710: result: yes
configure:3727: checking for gcc option to accept ISO C89
configure:3790: gcc  -c   conftest.c >&5
configure:3790: $? = 0
configure:3803: result: none needed
configure:3873: checking for ranlib
configure:3889: found /usr/bin/ranlib
configure:3900: result: ranlib
configure:3925: checking for diff
configure:3941: found /usr/bin/diff
configure:3952: result: ok
configure:3965: checking for tar
configure:3981: found /bin/tar
configure:3992: result: ok
configure:4005: checking for make
configure:4021: found /usr/bin/make
configure:4032: result: ok
configure:4045: checking for sed
configure:4061: found /bin/sed
configure:4072: result: ok
configure:4085: checking for perl
configure:4101: found /usr/bin/perl
configure:4112: result: ok
configure:4129: checking how to run the C++ preprocessor
configure:4156: g++ -E  conftest.cpp
configure:4156: $? = 0
configure:4170: g++ -E  conftest.cpp
conftest.cpp:9:28: fatal error: ac_nonexistent.h: No such file or directory
 #include <ac_nonexistent.h>
                            ^
compilation terminated.
configure:4170: $? = 1
configure: failed program was:
| /* confdefs.h */
| #define PACKAGE_NAME "GECODE"
| #define PACKAGE_TARNAME "gecode"
| #define PACKAGE_VERSION "4.4.0"
| #define PACKAGE_STRING "GECODE 4.4.0"
| #define PACKAGE_BUGREPORT "users@gecode.org"
| #define PACKAGE_URL ""
| /* end confdefs.h.  */
| #include <ac_nonexistent.h>
configure:4195: result: g++ -E
configure:4215: g++ -E  conftest.cpp
configure:4215: $? = 0
configure:4229: g++ -E  conftest.cpp
conftest.cpp:9:28: fatal error: ac_nonexistent.h: No such file or directory
 #include <ac_nonexistent.h>
                            ^
compilation terminated.
configure:4229: $? = 1
configure: failed program was:
| /* confdefs.h */
| #define PACKAGE_NAME "GECODE"
| #define PACKAGE_TARNAME "gecode"
| #define PACKAGE_VERSION "4.4.0"
| #define PACKAGE_STRING "GECODE 4.4.0"
| #define PACKAGE_BUGREPORT "users@gecode.org"
| #define PACKAGE_URL ""
| /* end confdefs.h.  */
| #include <ac_nonexistent.h>
configure:4290: g++ -c   conftest.cpp >&5
configure:4290: $? = 0
configure:4505: gcc -c   conftest.c >&5
configure:4505: $? = 0
configure:4539: g++ -c   conftest.cpp >&5
configure:4539: $? = 0
configure:4606: checking for rc.exe
configure:4636: result: no
configure:4641: checking whether to build with Visual Studio resource files
configure:4661: result: no
configure:4933: checking Whether to build for different architectures
configure:5063: result: no
configure:5075: checking for user-defined library name prefix
configure:5083: result: no
configure:5097: checking for user-defined library name suffix
configure:5109: result: no
configure:5153: checking whether to build static libraries
configure:5168: result: no
configure:5176: checking whether to build shared libraries
configure:5181: result: yes
configure:5199: checking whether to build with debug symbols and assertions
configure:5211: result: no
configure:5218: checking for grep that handles long lines and -e
configure:5276: result: /bin/grep
configure:5281: checking for egrep
configure:5343: result: /bin/grep -E
configure:5348: checking for ANSI C header files
configure:5368: g++ -c -DNDEBUG  conftest.cpp >&5
configure:5368: $? = 0
configure:5441: g++ -o conftest -DNDEBUG   conftest.cpp  >&5
configure:5441: $? = 0
configure:5441: ./conftest
configure:5441: $? = 0
configure:5452: result: yes
configure:5465: checking for sys/types.h
configure:5465: g++ -c -DNDEBUG  conftest.cpp >&5
configure:5465: $? = 0
configure:5465: result: yes
configure:5465: checking for sys/stat.h
configure:5465: g++ -c -DNDEBUG  conftest.cpp >&5
configure:5465: $? = 0
configure:5465: result: yes
configure:5465: checking for stdlib.h
configure:5465: g++ -c -DNDEBUG  conftest.cpp >&5
configure:5465: $? = 0
configure:5465: result: yes
configure:5465: checking for string.h
configure:5465: g++ -c -DNDEBUG  conftest.cpp >&5
configure:5465: $? = 0
configure:5465: result: yes
configure:5465: checking for memory.h
configure:5465: g++ -c -DNDEBUG  conftest.cpp >&5
configure:5465: $? = 0
configure:5465: result: yes
configure:5465: checking for strings.h
configure:5465: g++ -c -DNDEBUG  conftest.cpp >&5
configure:5465: $? = 0
configure:5465: result: yes
configure:5465: checking for inttypes.h
configure:5465: g++ -c -DNDEBUG  conftest.cpp >&5
configure:5465: $? = 0
configure:5465: result: yes
configure:5465: checking for stdint.h
configure:5465: g++ -c -DNDEBUG  conftest.cpp >&5
configure:5465: $? = 0
configure:5465: result: yes
configure:5465: checking for unistd.h
configure:5465: g++ -c -DNDEBUG  conftest.cpp >&5
configure:5465: $? = 0
configure:5465: result: yes
configure:5591: checking whether to build with peak heap size tracking
configure:5593: result: no
configure:5602: checking whether to optimize for code size
configure:5620: result: no
configure:5631: checking whether to build with support for finding memory leaks
configure:5647: result: no
configure:5656: checking whether to build with auditing code
configure:5665: result: no
configure:5674: checking whether to build with profiling information
configure:6085: result: no
configure:6094: checking whether to build with gcov support
configure:6330: result: no
configure:6344: checking size of int
configure:6349: gcc -o conftest -DNDEBUG   conftest.c  >&5
configure:6349: $? = 0
configure:6349: ./conftest
configure:6349: $? = 0
configure:6363: result: 4
configure:6373: checking if int has at least 32 bit
configure:6391: gcc -c -DNDEBUG  conftest.c >&5
configure:6391: $? = 0
configure:6392: result: yes
configure:6399: checking if doubles have a big enough mantissa
configure:6417: gcc -c -DNDEBUG  conftest.c >&5
configure:6417: $? = 0
configure:6418: result: yes
configure:6438: checking whether to build with multi-threading support
configure:6441: result: yes
configure:6443: checking for unistd.h
configure:6443: result: yes
configure:6452: checking pthread.h usability
configure:6452: g++ -c -DNDEBUG  conftest.cpp >&5
configure:6452: $? = 0
configure:6452: result: yes
configure:6452: checking pthread.h presence
configure:6452: g++ -E  conftest.cpp
configure:6452: $? = 0
configure:6452: result: yes
configure:6452: checking for pthread.h
configure:6452: result: yes
configure:6460: checking libkern/OSAtomic.h usability
configure:6460: g++ -c -pthread -DNDEBUG  conftest.cpp >&5
conftest.cpp:57:30: fatal error: libkern/OSAtomic.h: No such file or directory
 #include <libkern/OSAtomic.h>
                              ^
compilation terminated.
configure:6460: $? = 1
configure: failed program was:
| /* confdefs.h */
| #define PACKAGE_NAME "GECODE"
| #define PACKAGE_TARNAME "gecode"
| #define PACKAGE_VERSION "4.4.0"
| #define PACKAGE_STRING "GECODE 4.4.0"
| #define PACKAGE_BUGREPORT "users@gecode.org"
| #define PACKAGE_URL ""
| #define GECODE_DLL_USERPREFIX ""
| #define GECODE_DLL_USERSUFFIX ""
| #define STDC_HEADERS 1
| #define HAVE_SYS_TYPES_H 1
| #define HAVE_SYS_STAT_H 1
| #define HAVE_STDLIB_H 1
| #define HAVE_STRING_H 1
| #define HAVE_MEMORY_H 1
| #define HAVE_STRINGS_H 1
| #define HAVE_INTTYPES_H 1
| #define HAVE_STDINT_H 1
| #define HAVE_UNISTD_H 1
| #define SIZEOF_INT 4
| #define GECODE_HAS_UNISTD_H 1
| #define GECODE_THREADS_PTHREADS 1
| /* end confdefs.h.  */
| #include <stdio.h>
| #ifdef HAVE_SYS_TYPES_H
| # include <sys/types.h>
| #endif
| #ifdef HAVE_SYS_STAT_H
| # include <sys/stat.h>
| #endif
| #ifdef STDC_HEADERS
| # include <stdlib.h>
| # include <stddef.h>
| #else
| # ifdef HAVE_STDLIB_H
| #  include <stdlib.h>
| # endif
| #endif
| #ifdef HAVE_STRING_H
| # if !defined STDC_HEADERS && defined HAVE_MEMORY_H
| #  include <memory.h>
| # endif
| # include <string.h>
| #endif
| #ifdef HAVE_STRINGS_H
| # include <strings.h>
| #endif
| #ifdef HAVE_INTTYPES_H
| # include <inttypes.h>
| #endif
| #ifdef HAVE_STDINT_H
| # include <stdint.h>
| #endif
| #ifdef HAVE_UNISTD_H
| # include <unistd.h>
| #endif
| #include <libkern/OSAtomic.h>
configure:6460: result: no
configure:6460: checking libkern/OSAtomic.h presence
configure:6460: g++ -E  conftest.cpp
conftest.cpp:24:30: fatal error: libkern/OSAtomic.h: No such file or directory
 #include <libkern/OSAtomic.h>
                              ^
compilation terminated.
configure:6460: $? = 1
configure: failed program was:
| /* confdefs.h */
| #define PACKAGE_NAME "GECODE"
| #define PACKAGE_TARNAME "gecode"
| #define PACKAGE_VERSION "4.4.0"
| #define PACKAGE_STRING "GECODE 4.4.0"
| #define PACKAGE_BUGREPORT "users@gecode.org"
| #define PACKAGE_URL ""
| #define GECODE_DLL_USERPREFIX ""
| #define GECODE_DLL_USERSUFFIX ""
| #define STDC_HEADERS 1
| #define HAVE_SYS_TYPES_H 1
| #define HAVE_SYS_STAT_H 1
| #define HAVE_STDLIB_H 1
| #define HAVE_STRING_H 1
| #define HAVE_MEMORY_H 1
| #define HAVE_STRINGS_H 1
| #define HAVE_INTTYPES_H 1
| #define HAVE_STDINT_H 1
| #define HAVE_UNISTD_H 1
| #define SIZEOF_INT 4
| #define GECODE_HAS_UNISTD_H 1
| #define GECODE_THREADS_PTHREADS 1
| /* end confdefs.h.  */
| #include <libkern/OSAtomic.h>
configure:6460: result: no
configure:6460: checking for libkern/OSAtomic.h
configure:6460: result: no
configure:6466: checking for spin locks
configure:6479: g++ -c -pthread -DNDEBUG  conftest.cpp >&5
configure:6479: $? = 0
configure:6480: result: yes
configure:6516: checking sys/time.h usability
configure:6516: g++ -c -pthread -DNDEBUG  conftest.cpp >&5
configure:6516: $? = 0
configure:6516: result: yes
configure:6516: checking sys/time.h presence
configure:6516: g++ -E  conftest.cpp
configure:6516: $? = 0
configure:6516: result: yes
configure:6516: checking for sys/time.h
configure:6516: result: yes
configure:6667: checking whether g++ accepts -fPIC
configure:6688: g++ -c -fPIC -pthread -DNDEBUG -Werror  conftest.cpp >&5
configure:6688: $? = 0
configure:6696: result: yes
configure:6716: checking whether gcc accepts -fPIC
configure:6737: gcc -c -fPIC -pthread -DNDEBUG -Werror  conftest.c >&5
configure:6737: $? = 0
configure:6745: result: yes
configure:6781: checking whether g++ accepts -Wextra
configure:6802: g++ -c -Wextra -fPIC -pthread -DNDEBUG -Werror  conftest.cpp >&5
configure:6802: $? = 0
configure:6810: result: yes
configure:6830: checking whether gcc accepts -Wextra
configure:6851: gcc -c -Wextra -fPIC -pthread -DNDEBUG -Werror  conftest.c >&5
configure:6851: $? = 0
configure:6859: result: yes
configure:6895: checking whether g++ accepts -Wall
configure:6916: g++ -c -Wall -Wextra -fPIC -pthread -DNDEBUG -Werror  conftest.cpp >&5
configure:6916: $? = 0
configure:6924: result: yes
configure:6944: checking whether gcc accepts -Wall
configure:6965: gcc -c -Wall -Wextra -fPIC -pthread -DNDEBUG -Werror  conftest.c >&5
configure:6965: $? = 0
configure:6973: result: yes
configure:7009: checking whether g++ accepts -pipe
configure:7030: g++ -c -pipe -Wall -Wextra -fPIC -pthread -DNDEBUG -Werror  conftest.cpp >&5
configure:7030: $? = 0
configure:7038: result: yes
configure:7058: checking whether gcc accepts -pipe
configure:7079: gcc -c -pipe -Wall -Wextra -fPIC -pthread -DNDEBUG -Werror  conftest.c >&5
configure:7079: $? = 0
configure:7087: result: yes
configure:7235: checking whether g++ accepts -ggdb
configure:7256: g++ -c -ggdb -pipe -Wall -Wextra -fPIC -pthread -DNDEBUG -Werror  conftest.cpp >&5
configure:7256: $? = 0
configure:7377: result: yes
configure:7512: checking for __builtin_ffsl
configure:7512: g++ -o conftest -ggdb -pipe -Wall -Wextra -fPIC -pthread -DNDEBUG   conftest.cpp  >&5
conftest.cpp:49:22: warning: new declaration 'char __builtin_ffsl()' ambiguates built-in declaration 'int __builtin_ffsl(long int)'
 char __builtin_ffsl ();
                      ^
configure:7512: $? = 0
configure:7512: result: yes
configure:7593: checking whether to use gcc visibility attributes
configure:7596: result: yes
configure:7616: checking whether g++ accepts -fvisibility=hidden
configure:7637: g++ -c -fvisibility=hidden -ggdb -pipe -Wall -Wextra -fPIC -pthread -DNDEBUG -Werror  conftest.cpp >&5
configure:7637: $? = 0
configure:7645: result: yes
configure:7676: checking if compiler supports forced inlining
configure:7702: g++ -c  -fvisibility=hidden -ggdb -pipe -Wall -Wextra -fPIC -pthread -DNDEBUG -Werror  conftest.cpp >&5
conftest.cpp:29:25: error: #error "Macro __clang__ is undefined!"
                       # error "Macro __clang__ is undefined!"
                         ^
conftest.cpp:32:15: error: 'please' does not name a type
               please, do fail
               ^
configure:7702: $? = 1
configure: failed program was:
| /* confdefs.h */
| #define PACKAGE_NAME "GECODE"
| #define PACKAGE_TARNAME "gecode"
| #define PACKAGE_VERSION "4.4.0"
| #define PACKAGE_STRING "GECODE 4.4.0"
| #define PACKAGE_BUGREPORT "users@gecode.org"
| #define PACKAGE_URL ""
| #define GECODE_DLL_USERPREFIX ""
| #define GECODE_DLL_USERSUFFIX ""
| #define STDC_HEADERS 1
| #define HAVE_SYS_TYPES_H 1
| #define HAVE_SYS_STAT_H 1
| #define HAVE_STDLIB_H 1
| #define HAVE_STRING_H 1
| #define HAVE_MEMORY_H 1
| #define HAVE_STRINGS_H 1
| #define HAVE_INTTYPES_H 1
| #define HAVE_STDINT_H 1
| #define HAVE_UNISTD_H 1
| #define SIZEOF_INT 4
| #define GECODE_HAS_UNISTD_H 1
| #define GECODE_THREADS_PTHREADS 1
| #define GECODE_THREADS_PTHREADS_SPINLOCK 1
| #define GECODE_USE_GETTIMEOFDAY 1
| #define GECODE_HAS_BUILTIN_FFSL /**/
| #define GECODE_GCC_HAS_CLASS_VISIBILITY /**/
| /* end confdefs.h.  */
| #ifndef __clang__
|                       # error "Macro __clang__ is undefined!"
|               /* For some compilers (eg. SGI's CC), #error is not
|                  enough...  */
|               please, do fail
|               #endif
| int
| main ()
| {
| 
|   ;
|   return 0;
| }
configure:7721: g++ -c  -fvisibility=hidden -ggdb -pipe -Wall -Wextra -fPIC -pthread -DNDEBUG -Werror  conftest.cpp >&5
configure:7721: $? = 0
configure:7722: result: yes
configure:7760: checking whether g++ accepts -O3
configure:7781: g++ -c -O3 -fvisibility=hidden -ggdb -pipe -Wall -Wextra -fPIC -pthread -DNDEBUG -Werror  conftest.cpp >&5
configure:7781: $? = 0
configure:7789: result: yes
configure:7809: checking whether gcc accepts -O3
configure:7830: gcc -c -O3 -fvisibility=hidden -ggdb -pipe -Wall -Wextra -fPIC -pthread -DNDEBUG -Werror  conftest.c >&5
configure:7830: $? = 0
configure:7838: result: yes
configure:7874: checking whether g++ accepts -fno-strict-aliasing
configure:7895: g++ -c -fno-strict-aliasing -O3 -fvisibility=hidden -ggdb -pipe -Wall -Wextra -fPIC -pthread -DNDEBUG -Werror  conftest.cpp >&5
configure:7895: $? = 0
configure:7903: result: yes
configure:7923: checking whether gcc accepts -fno-strict-aliasing
configure:7944: gcc -c -fno-strict-aliasing -O3 -fvisibility=hidden -ggdb -pipe -Wall -Wextra -fPIC -pthread -DNDEBUG -Werror  conftest.c >&5
configure:7944: $? = 0
configure:7952: result: yes
configure:7988: checking whether g++ accepts -fno-math-errno
configure:8009: g++ -c -fno-math-errno -fno-strict-aliasing -O3 -fvisibility=hidden -ggdb -pipe -Wall -Wextra -fPIC -pthread -DNDEBUG -Werror  conftest.cpp >&5
configure:8009: $? = 0
configure:8017: result: yes
configure:8037: checking whether gcc accepts -fno-math-errno
configure:8058: gcc -c -fno-math-errno -fno-strict-aliasing -O3 -fvisibility=hidden -ggdb -pipe -Wall -Wextra -fPIC -pthread -DNDEBUG -Werror  conftest.c >&5
configure:8058: $? = 0
configure:8066: result: yes
configure:8102: checking whether g++ accepts -ffinite-math-only
configure:8123: g++ -c -ffinite-math-only -fno-math-errno -fno-strict-aliasing -O3 -fvisibility=hidden -ggdb -pipe -Wall -Wextra -fPIC -pthread -DNDEBUG -Werror  conftest.cpp >&5
configure:8123: $? = 0
configure:8131: result: yes
configure:8151: checking whether gcc accepts -ffinite-math-only
configure:8172: gcc -c -ffinite-math-only -fno-math-errno -fno-strict-aliasing -O3 -fvisibility=hidden -ggdb -pipe -Wall -Wextra -fPIC -pthread -DNDEBUG -Werror  conftest.c >&5
configure:8172: $? = 0
configure:8180: result: yes
configure:8216: checking whether g++ accepts -fno-rounding-math
configure:8237: g++ -c -fno-rounding-math -ffinite-math-only -fno-math-errno -fno-strict-aliasing -O3 -fvisibility=hidden -ggdb -pipe -Wall -Wextra -fPIC -pthread -DNDEBUG -Werror  conftest.cpp >&5
configure:8237: $? = 0
configure:8245: result: yes
configure:8265: checking whether gcc accepts -fno-rounding-math
configure:8286: gcc -c -fno-rounding-math -ffinite-math-only -fno-math-errno -fno-strict-aliasing -O3 -fvisibility=hidden -ggdb -pipe -Wall -Wextra -fPIC -pthread -DNDEBUG -Werror  conftest.c >&5
configure:8286: $? = 0
configure:8294: result: yes
configure:8330: checking whether g++ accepts -fno-signaling-nans
configure:8351: g++ -c -fno-signaling-nans -fno-rounding-math -ffinite-math-only -fno-math-errno -fno-strict-aliasing -O3 -fvisibility=hidden -ggdb -pipe -Wall -Wextra -fPIC -pthread -DNDEBUG -Werror  conftest.cpp >&5
configure:8351: $? = 0
configure:8359: result: yes
configure:8379: checking whether gcc accepts -fno-signaling-nans
configure:8400: gcc -c -fno-signaling-nans -fno-rounding-math -ffinite-math-only -fno-math-errno -fno-strict-aliasing -O3 -fvisibility=hidden -ggdb -pipe -Wall -Wextra -fPIC -pthread -DNDEBUG -Werror  conftest.c >&5
configure:8400: $? = 0
configure:8408: result: yes
configure:8444: checking whether g++ accepts -fcx-limited-range
configure:8465: g++ -c -fcx-limited-range -fno-signaling-nans -fno-rounding-math -ffinite-math-only -fno-math-errno -fno-strict-aliasing -O3 -fvisibility=hidden -ggdb -pipe -Wall -Wextra -fPIC -pthread -DNDEBUG -Werror  conftest.cpp >&5
configure:8465: $? = 0
configure:8473: result: yes
configure:8493: checking whether gcc accepts -fcx-limited-range
configure:8514: gcc -c -fcx-limited-range -fno-signaling-nans -fno-rounding-math -ffinite-math-only -fno-math-errno -fno-strict-aliasing -O3 -fvisibility=hidden -ggdb -pipe -Wall -Wextra -fPIC -pthread -DNDEBUG -Werror  conftest.c >&5
configure:8514: $? = 0
configure:8522: result: yes
configure:8558: checking whether g++ accepts -mthreads
configure:8579: g++ -c -mthreads -fcx-limited-range -fno-signaling-nans -fno-rounding-math -ffinite-math-only -fno-math-errno -fno-strict-aliasing -O3 -fvisibility=hidden -ggdb -pipe -Wall -Wextra -fPIC -pthread -DNDEBUG -Werror  conftest.cpp >&5
g++: error: unrecognized command line option '-mthreads'
configure:8579: $? = 1
configure: failed program was:
| /* confdefs.h */
| #define PACKAGE_NAME "GECODE"
| #define PACKAGE_TARNAME "gecode"
| #define PACKAGE_VERSION "4.4.0"
| #define PACKAGE_STRING "GECODE 4.4.0"
| #define PACKAGE_BUGREPORT "users@gecode.org"
| #define PACKAGE_URL ""
| #define GECODE_DLL_USERPREFIX ""
| #define GECODE_DLL_USERSUFFIX ""
| #define STDC_HEADERS 1
| #define HAVE_SYS_TYPES_H 1
| #define HAVE_SYS_STAT_H 1
| #define HAVE_STDLIB_H 1
| #define HAVE_STRING_H 1
| #define HAVE_MEMORY_H 1
| #define HAVE_STRINGS_H 1
| #define HAVE_INTTYPES_H 1
| #define HAVE_STDINT_H 1
| #define HAVE_UNISTD_H 1
| #define SIZEOF_INT 4
| #define GECODE_HAS_UNISTD_H 1
| #define GECODE_THREADS_PTHREADS 1
| #define GECODE_THREADS_PTHREADS_SPINLOCK 1
| #define GECODE_USE_GETTIMEOFDAY 1
| #define GECODE_HAS_BUILTIN_FFSL /**/
| #define GECODE_GCC_HAS_CLASS_VISIBILITY /**/
| #define forceinline inline __attribute__ ((__always_inline__))
| /* end confdefs.h.  */
| 
| int
| main ()
| {
| 
|   ;
|   return 0;
| }
configure:8595: result: no
configure:8607: checking whether gcc accepts -mthreads
configure:8628: gcc -c -mthreads -fcx-limited-range -fno-signaling-nans -fno-rounding-math -ffinite-math-only -fno-math-errno -fno-strict-aliasing -O3 -fvisibility=hidden -ggdb -pipe -Wall -Wextra -fPIC -pthread -DNDEBUG -Werror  conftest.c >&5
gcc: error: unrecognized command line option '-mthreads'
configure:8628: $? = 1
configure: failed program was:
| /* confdefs.h */
| #define PACKAGE_NAME "GECODE"
| #define PACKAGE_TARNAME "gecode"
| #define PACKAGE_VERSION "4.4.0"
| #define PACKAGE_STRING "GECODE 4.4.0"
| #define PACKAGE_BUGREPORT "users@gecode.org"
| #define PACKAGE_URL ""
| #define GECODE_DLL_USERPREFIX ""
| #define GECODE_DLL_USERSUFFIX ""
| #define STDC_HEADERS 1
| #define HAVE_SYS_TYPES_H 1
| #define HAVE_SYS_STAT_H 1
| #define HAVE_STDLIB_H 1
| #define HAVE_STRING_H 1
| #define HAVE_MEMORY_H 1
| #define HAVE_STRINGS_H 1
| #define HAVE_INTTYPES_H 1
| #define HAVE_STDINT_H 1
| #define HAVE_UNISTD_H 1
| #define SIZEOF_INT 4
| #define GECODE_HAS_UNISTD_H 1
| #define GECODE_THREADS_PTHREADS 1
| #define GECODE_THREADS_PTHREADS_SPINLOCK 1
| #define GECODE_USE_GETTIMEOFDAY 1
| #define GECODE_HAS_BUILTIN_FFSL /**/
| #define GECODE_GCC_HAS_CLASS_VISIBILITY /**/
| #define forceinline inline __attribute__ ((__always_inline__))
| /* end confdefs.h.  */
| 
| int
| main ()
| {
| 
|   ;
|   return 0;
| }
configure:8644: result: no
configure:8907: checking whether g++ accepts -Qunused-arguments
configure:8928: g++ -c -Qunused-arguments -fcx-limited-range -fno-signaling-nans -fno-rounding-math -ffinite-math-only -fno-math-errno -fno-strict-aliasing -O3 -fvisibility=hidden -ggdb -pipe -Wall -Wextra -fPIC -pthread -DNDEBUG -Werror  conftest.cpp >&5
g++: error: unrecognized command line option '-Qunused-arguments'
configure:8928: $? = 1
configure: failed program was:
| /* confdefs.h */
| #define PACKAGE_NAME "GECODE"
| #define PACKAGE_TARNAME "gecode"
| #define PACKAGE_VERSION "4.4.0"
| #define PACKAGE_STRING "GECODE 4.4.0"
| #define PACKAGE_BUGREPORT "users@gecode.org"
| #define PACKAGE_URL ""
| #define GECODE_DLL_USERPREFIX ""
| #define GECODE_DLL_USERSUFFIX ""
| #define STDC_HEADERS 1
| #define HAVE_SYS_TYPES_H 1
| #define HAVE_SYS_STAT_H 1
| #define HAVE_STDLIB_H 1
| #define HAVE_STRING_H 1
| #define HAVE_MEMORY_H 1
| #define HAVE_STRINGS_H 1
| #define HAVE_INTTYPES_H 1
| #define HAVE_STDINT_H 1
| #define HAVE_UNISTD_H 1
| #define SIZEOF_INT 4
| #define GECODE_HAS_UNISTD_H 1
| #define GECODE_THREADS_PTHREADS 1
| #define GECODE_THREADS_PTHREADS_SPINLOCK 1
| #define GECODE_USE_GETTIMEOFDAY 1
| #define GECODE_HAS_BUILTIN_FFSL /**/
| #define GECODE_GCC_HAS_CLASS_VISIBILITY /**/
| #define forceinline inline __attribute__ ((__always_inline__))
| /* end confdefs.h.  */
| 
| int
| main ()
| {
| 
|   ;
|   return 0;
| }
configure:8944: result: no
configure:8956: checking whether gcc accepts -Qunused-arguments
configure:8977: gcc -c -Qunused-arguments -fcx-limited-range -fno-signaling-nans -fno-rounding-math -ffinite-math-only -fno-math-errno -fno-strict-aliasing -O3 -fvisibility=hidden -ggdb -pipe -Wall -Wextra -fPIC -pthread -DNDEBUG -Werror  conftest.c >&5
gcc: error: unrecognized command line option '-Qunused-arguments'
configure:8977: $? = 1
configure: failed program was:
| /* confdefs.h */
| #define PACKAGE_NAME "GECODE"
| #define PACKAGE_TARNAME "gecode"
| #define PACKAGE_VERSION "4.4.0"
| #define PACKAGE_STRING "GECODE 4.4.0"
| #define PACKAGE_BUGREPORT "users@gecode.org"
| #define PACKAGE_URL ""
| #define GECODE_DLL_USERPREFIX ""
| #define GECODE_DLL_USERSUFFIX ""
| #define STDC_HEADERS 1
| #define HAVE_SYS_TYPES_H 1
| #define HAVE_SYS_STAT_H 1
| #define HAVE_STDLIB_H 1
| #define HAVE_STRING_H 1
| #define HAVE_MEMORY_H 1
| #define HAVE_STRINGS_H 1
| #define HAVE_INTTYPES_H 1
| #define HAVE_STDINT_H 1
| #define HAVE_UNISTD_H 1
| #define SIZEOF_INT 4
| #define GECODE_HAS_UNISTD_H 1
| #define GECODE_THREADS_PTHREADS 1
| #define GECODE_THREADS_PTHREADS_SPINLOCK 1
| #define GECODE_USE_GETTIMEOFDAY 1
| #define GECODE_HAS_BUILTIN_FFSL /**/
| #define GECODE_GCC_HAS_CLASS_VISIBILITY /**/
| #define forceinline inline __attribute__ ((__always_inline__))
| /* end confdefs.h.  */
| 
| int
| main ()
| {
| 
|   ;
|   return 0;
| }
configure:8993: result: no
configure:11245: checking ext/hash_map usability
configure:11245: g++ -c -fcx-limited-range -fno-signaling-nans -fno-rounding-math -ffinite-math-only -fno-math-errno -fno-strict-aliasing -O3 -fvisibility=hidden -ggdb -pipe -Wall -Wextra -fPIC -pthread -DNDEBUG  conftest.cpp >&5
In file included from /usr/include/c++/4.9/ext/hash_map:60:0,
                 from conftest.cpp:62:
/usr/include/c++/4.9/backward/backward_warning.h:32:2: warning: #warning This file includes at least one deprecated or antiquated header which may be removed without further notice at a future date. Please use a non-deprecated interface with equivalent functionality instead. For a listing of replacement headers and interfaces, consult the file backward_warning.h. To disable this warning use -Wno-deprecated. [-Wcpp]
 #warning \
  ^
configure:11245: $? = 0
configure:11245: result: yes
configure:11245: checking ext/hash_map presence
configure:11245: g++ -E  conftest.cpp
In file included from /usr/include/c++/4.9/ext/hash_map:60:0,
                 from conftest.cpp:29:
/usr/include/c++/4.9/backward/backward_warning.h:32:2: warning: #warning This file includes at least one deprecated or antiquated header which may be removed without further notice at a future date. Please use a non-deprecated interface with equivalent functionality instead. For a listing of replacement headers and interfaces, consult the file backward_warning.h. To disable this warning use -Wno-deprecated. [-Wcpp]
 #warning \
  ^
configure:11245: $? = 0
configure:11245: result: yes
configure:11245: checking for ext/hash_map
configure:11245: result: yes
configure:11254: checking unordered_map usability
configure:11254: g++ -c -fcx-limited-range -fno-signaling-nans -fno-rounding-math -ffinite-math-only -fno-math-errno -fno-strict-aliasing -O3 -fvisibility=hidden -ggdb -pipe -Wall -Wextra -fPIC -pthread -DNDEBUG  conftest.cpp >&5
In file included from /usr/include/c++/4.9/unordered_map:35:0,
                 from conftest.cpp:63:
/usr/include/c++/4.9/bits/c++0x_warning.h:32:2: error: #error This file requires compiler and library support for the ISO C++ 2011 standard. This support is currently experimental, and must be enabled with the -std=c++11 or -std=gnu++11 compiler options.
 #error This file requires compiler and library support for the \
  ^
configure:11254: $? = 1
configure: failed program was:
| /* confdefs.h */
| #define PACKAGE_NAME "GECODE"
| #define PACKAGE_TARNAME "gecode"
| #define PACKAGE_VERSION "4.4.0"
| #define PACKAGE_STRING "GECODE 4.4.0"
| #define PACKAGE_BUGREPORT "users@gecode.org"
| #define PACKAGE_URL ""
| #define GECODE_DLL_USERPREFIX ""
| #define GECODE_DLL_USERSUFFIX ""
| #define STDC_HEADERS 1
| #define HAVE_SYS_TYPES_H 1
| #define HAVE_SYS_STAT_H 1
| #define HAVE_STDLIB_H 1
| #define HAVE_STRING_H 1
| #define HAVE_MEMORY_H 1
| #define HAVE_STRINGS_H 1
| #define HAVE_INTTYPES_H 1
| #define HAVE_STDINT_H 1
| #define HAVE_UNISTD_H 1
| #define SIZEOF_INT 4
| #define GECODE_HAS_UNISTD_H 1
| #define GECODE_THREADS_PTHREADS 1
| #define GECODE_THREADS_PTHREADS_SPINLOCK 1
| #define GECODE_USE_GETTIMEOFDAY 1
| #define GECODE_HAS_BUILTIN_FFSL /**/
| #define GECODE_GCC_HAS_CLASS_VISIBILITY /**/
| #define forceinline inline __attribute__ ((__always_inline__))
| #define GECODE_HAS_GNU_HASH_MAP /**/
| /* end confdefs.h.  */
| #include <stdio.h>
| #ifdef HAVE_SYS_TYPES_H
| # include <sys/types.h>
| #endif
| #ifdef HAVE_SYS_STAT_H
| # include <sys/stat.h>
| #endif
| #ifdef STDC_HEADERS
| # include <stdlib.h>
| # include <stddef.h>
| #else
| # ifdef HAVE_STDLIB_H
| #  include <stdlib.h>
| # endif
| #endif
| #ifdef HAVE_STRING_H
| # if !defined STDC_HEADERS && defined HAVE_MEMORY_H
| #  include <memory.h>
| # endif
| # include <string.h>
| #endif
| #ifdef HAVE_STRINGS_H
| # include <strings.h>
| #endif
| #ifdef HAVE_INTTYPES_H
| # include <inttypes.h>
| #endif
| #ifdef HAVE_STDINT_H
| # include <stdint.h>
| #endif
| #ifdef HAVE_UNISTD_H
| # include <unistd.h>
| #endif
| #include <unordered_map>
configure:11254: result: no
configure:11254: checking unordered_map presence
configure:11254: g++ -E  conftest.cpp
In file included from /usr/include/c++/4.9/unordered_map:35:0,
                 from conftest.cpp:30:
/usr/include/c++/4.9/bits/c++0x_warning.h:32:2: error: #error This file requires compiler and library support for the ISO C++ 2011 standard. This support is currently experimental, and must be enabled with the -std=c++11 or -std=gnu++11 compiler options.
 #error This file requires compiler and library support for the \
  ^
configure:11254: $? = 1
configure: failed program was:
| /* confdefs.h */
| #define PACKAGE_NAME "GECODE"
| #define PACKAGE_TARNAME "gecode"
| #define PACKAGE_VERSION "4.4.0"
| #define PACKAGE_STRING "GECODE 4.4.0"
| #define PACKAGE_BUGREPORT "users@gecode.org"
| #define PACKAGE_URL ""
| #define GECODE_DLL_USERPREFIX ""
| #define GECODE_DLL_USERSUFFIX ""
| #define STDC_HEADERS 1
| #define HAVE_SYS_TYPES_H 1
| #define HAVE_SYS_STAT_H 1
| #define HAVE_STDLIB_H 1
| #define HAVE_STRING_H 1
| #define HAVE_MEMORY_H 1
| #define HAVE_STRINGS_H 1
| #define HAVE_INTTYPES_H 1
| #define HAVE_STDINT_H 1
| #define HAVE_UNISTD_H 1
| #define SIZEOF_INT 4
| #define GECODE_HAS_UNISTD_H 1
| #define GECODE_THREADS_PTHREADS 1
| #define GECODE_THREADS_PTHREADS_SPINLOCK 1
| #define GECODE_USE_GETTIMEOFDAY 1
| #define GECODE_HAS_BUILTIN_FFSL /**/
| #define GECODE_GCC_HAS_CLASS_VISIBILITY /**/
| #define forceinline inline __attribute__ ((__always_inline__))
| #define GECODE_HAS_GNU_HASH_MAP /**/
| /* end confdefs.h.  */
| #include <unordered_map>
configure:11254: result: no
configure:11254: checking for unordered_map
configure:11254: result: no
configure:11271: checking for dot
configure:11301: result: no
configure:11306: checking whether to enable graphs in the documentation
configure:11311: result: no
configure:11336: checking whether to enable the documentation search engine
configure:11344: result: no
configure:11354: checking whether to generate a doxygen tagfile
configure:11357: result: yes
configure:11371: checking whether to build compressed html documentation
configure:11393: result: no
configure:11405: checking whether to build docset documentation for XCode
configure:11427: result: no
configure:11458: checking whether to build the float variables library
configure:11461: result: yes
configure:11491: checking whether to build the set variables library
configure:11494: result: yes
configure:11524: checking whether to build the int variables library
configure:11527: result: yes
configure:11557: checking whether to build with MPFR support
configure:11560: result: yes
configure:11603: checking for __gmpz_init in -lgmp
configure:11628: g++ -o conftest -fcx-limited-range -fno-signaling-nans -fno-rounding-math -ffinite-math-only -fno-math-errno -fno-strict-aliasing -O3 -fvisibility=hidden -ggdb -pipe -Wall -Wextra -fPIC -pthread -DNDEBUG    conftest.cpp -lgmp    >&5
configure:11628: $? = 0
configure:11637: result: yes
configure:11851: checking gmp.h usability
configure:11851: g++ -c -fcx-limited-range -fno-signaling-nans -fno-rounding-math -ffinite-math-only -fno-math-errno -fno-strict-aliasing -O3 -fvisibility=hidden -ggdb -pipe -Wall -Wextra -fPIC -pthread -DNDEBUG    conftest.cpp >&5
configure:11851: $? = 0
configure:11851: result: yes
configure:11851: checking gmp.h presence
configure:11851: g++ -E    conftest.cpp
configure:11851: $? = 0
configure:11851: result: yes
configure:11851: checking for gmp.h
configure:11851: result: yes
configure:11858: checking mpfr.h usability
configure:11858: g++ -c -fcx-limited-range -fno-signaling-nans -fno-rounding-math -ffinite-math-only -fno-math-errno -fno-strict-aliasing -O3 -fvisibility=hidden -ggdb -pipe -Wall -Wextra -fPIC -pthread -DNDEBUG    conftest.cpp >&5
configure:11858: $? = 0
configure:11858: result: yes
configure:11858: checking mpfr.h presence
configure:11858: g++ -E    conftest.cpp
configure:11858: $? = 0
configure:11858: result: yes
configure:11858: checking for mpfr.h
configure:11858: result: yes
configure:11863: checking for mpfr_add in -lmpfr
configure:11888: g++ -o conftest -fcx-limited-range -fno-signaling-nans -fno-rounding-math -ffinite-math-only -fno-math-errno -fno-strict-aliasing -O3 -fvisibility=hidden -ggdb -pipe -Wall -Wextra -fPIC -pthread -DNDEBUG     conftest.cpp -lmpfr     -lmpfr  -lgmp >&5
configure:11888: $? = 0
configure:11897: result: yes
configure:11985: checking for qmake-qt4
configure:12001: found /usr/bin/qmake-qt4
configure:12012: result: qmake-qt4
configure:12027: checking for moc-qt4
configure:12043: found /usr/bin/moc-qt4
configure:12054: result: moc-qt4
configure:12065: checking whether to build with Qt support
configure:12085: result: yes
configure:12143: checking whether to build Gist
configure:12146: result: yes
configure:12201: checking for flex
configure:12217: found /usr/bin/flex
configure:12228: result: flex
configure:12250: checking whether we have at least flex 2.5.33
configure:12262: result: yes
configure:12307: checking for bison
configure:12323: found /usr/bin/bison
configure:12334: result: bison
configure:12356: checking whether we have at least bison 2.3
configure:12372: result: no
configure:12391: checking for stdlib.h
configure:12391: result: yes
configure:12391: checking for unistd.h
configure:12391: result: yes
configure:12391: checking for sys/param.h
configure:12391: g++ -c -fcx-limited-range -fno-signaling-nans -fno-rounding-math -ffinite-math-only -fno-math-errno -fno-strict-aliasing -O3 -fvisibility=hidden -ggdb -pipe -Wall -Wextra -fPIC -pthread -DNDEBUG  conftest.cpp >&5
configure:12391: $? = 0
configure:12391: result: yes
configure:12411: checking for getpagesize
configure:12411: g++ -o conftest -fcx-limited-range -fno-signaling-nans -fno-rounding-math -ffinite-math-only -fno-math-errno -fno-strict-aliasing -O3 -fvisibility=hidden -ggdb -pipe -Wall -Wextra -fPIC -pthread -DNDEBUG   conftest.cpp  >&5
configure:12411: $? = 0
configure:12411: result: yes
configure:12420: checking for working mmap
configure:12567: g++ -o conftest -fcx-limited-range -fno-signaling-nans -fno-rounding-math -ffinite-math-only -fno-math-errno -fno-strict-aliasing -O3 -fvisibility=hidden -ggdb -pipe -Wall -Wextra -fPIC -pthread -DNDEBUG   conftest.cpp  >&5
configure:12567: $? = 0
configure:12567: ./conftest
configure:12567: $? = 0
configure:12577: result: yes
configure:12593: checking whether to build driver
configure:12597: result: yes
configure:12616: checking whether to build flatzinc
configure:12620: result: yes
configure:12640: checking whether to build driver
configure:12644: result: yes
configure:12663: checking whether to build examples
configure:12667: result: yes
configure:12687: checking whether to build minimodel
configure:12691: result: yes
configure:12708: checking whether to build search
configure:12712: result: yes
configure:12934: creating ./config.status

## ---------------------- ##
## Running config.status. ##
## ---------------------- ##

This file was extended by GECODE config.status 4.4.0, which was
generated by GNU Autoconf 2.69.  Invocation command line was

  CONFIG_FILES    = 
  CONFIG_HEADERS  = 
  CONFIG_LINKS    = 
  CONFIG_COMMANDS = 
  $ ./config.status 

on alexey-linux-desktop1

config.status:937: creating Makefile
config.status:937: creating tools/flatzinc/mzn-gecode
config.status:937: creating doxygen.conf
config.status:937: creating doxygen.hh
config.status:937: creating gecode/support/config.hpp

## ---------------- ##
## Cache variables. ##
## ---------------- ##

ac_cv_c_compiler_gnu=yes
ac_cv_cxx_compiler_gnu=yes
ac_cv_cxx_compiler_vendor=gnu
ac_cv_env_CCC_set=
ac_cv_env_CCC_value=
ac_cv_env_CC_set=
ac_cv_env_CC_value=
ac_cv_env_CFLAGS_set=
ac_cv_env_CFLAGS_value=
ac_cv_env_CPPFLAGS_set=
ac_cv_env_CPPFLAGS_value=
ac_cv_env_CXXCPP_set=
ac_cv_env_CXXCPP_value=
ac_cv_env_CXXFLAGS_set=
ac_cv_env_CXXFLAGS_value=
ac_cv_env_CXX_set=
ac_cv_env_CXX_value=
ac_cv_env_LDFLAGS_set=
ac_cv_env_LDFLAGS_value=
ac_cv_env_LIBS_set=
ac_cv_env_LIBS_value=
ac_cv_env_build_alias_set=
ac_cv_env_build_alias_value=
ac_cv_env_host_alias_set=
ac_cv_env_host_alias_value=
ac_cv_env_target_alias_set=
ac_cv_env_target_alias_value=
ac_cv_func___builtin_ffsl=yes
ac_cv_func_getpagesize=yes
ac_cv_func_mmap_fixed_mapped=yes
ac_cv_header_ext_hash_map=yes
ac_cv_header_gmp_h=yes
ac_cv_header_inttypes_h=yes
ac_cv_header_libkern_OSAtomic_h=no
ac_cv_header_memory_h=yes
ac_cv_header_mpfr_h=yes
ac_cv_header_pthread_h=yes
ac_cv_header_stdc=yes
ac_cv_header_stdint_h=yes
ac_cv_header_stdlib_h=yes
ac_cv_header_string_h=yes
ac_cv_header_strings_h=yes
ac_cv_header_sys_param_h=yes
ac_cv_header_sys_stat_h=yes
ac_cv_header_sys_time_h=yes
ac_cv_header_sys_types_h=yes
ac_cv_header_unistd_h=yes
ac_cv_header_unordered_map=no
ac_cv_lib_gmp___gmpz_init=yes
ac_cv_lib_mpfr_mpfr_add=yes
ac_cv_objext=o
ac_cv_path_EGREP='/bin/grep -E'
ac_cv_path_GREP=/bin/grep
ac_cv_prog_CXXCPP='g++ -E'
ac_cv_prog_MOC=moc-qt4
ac_cv_prog_PROG_DIFF=ok
ac_cv_prog_PROG_MAKE=ok
ac_cv_prog_PROG_PERL=ok
ac_cv_prog_PROG_SED=ok
ac_cv_prog_PROG_TAR=ok
ac_cv_prog_QMAKE=qmake-qt4
ac_cv_prog_ac_ct_CC=gcc
ac_cv_prog_ac_ct_CXX=g++
ac_cv_prog_ac_ct_HAVEBISON=bison
ac_cv_prog_ac_ct_HAVEFLEX=flex
ac_cv_prog_ac_ct_RANLIB=ranlib
ac_cv_prog_cc_c89=
ac_cv_prog_cc_g=yes
ac_cv_prog_cxx_g=yes
ac_cv_sizeof_int=4

## ----------------- ##
## Output variables. ##
## ----------------- ##

ALLVIS='$(top_srcdir)/gecode/int/var-imp/int.vis $(top_srcdir)/gecode/int/var-imp/bool.vis $(top_srcdir)/gecode/set/var-imp/set.vis $(top_srcdir)/gecode/float/var-imp/float.vis'
BATCHFILE=''
BUILDDLL='yes'
BUILDSTATIC='no'
BUILD_MACOS_FRAMEWORK=''
CC='gcc'
CCIN=' '
CFLAGS='-fcx-limited-range -fno-signaling-nans -fno-rounding-math -ffinite-math-only -fno-math-errno -fno-strict-aliasing -O3 -fvisibility=hidden -ggdb -pipe -Wall -Wextra -fPIC -pthread -DNDEBUG'
COMPILEOBJ='-c -o '
COMPILESBJ='-S -o '
CPPFLAGS=''
CXX='g++'
CXXCPP='g++ -E'
CXXFLAGS='-fcx-limited-range -fno-signaling-nans -fno-rounding-math -ffinite-math-only -fno-math-errno -fno-strict-aliasing -O3 -fvisibility=hidden -ggdb -pipe -Wall -Wextra -fPIC -pthread -DNDEBUG'
CXXIN=' '
DEBUG_BUILD='no'
DEFS='-DHAVE_CONFIG_H'
DLLEXT='so.41.0'
DLLFLAGS='-shared -pthread'
DLLPATH='-L.'
DLL_ARCH=''
DOT=''
DRIVER='driver'
ECHO_C=''
ECHO_N='-n'
ECHO_T=''
EGREP='/bin/grep -E'
ENABLEDOCCHM='no'
ENABLEDOCDOCSET='no'
ENABLEDOCSEARCH='no'
EXAMPLES_EXTRA_CXXFLAGS=''
EXEEXT=''
EXEOUTPUT='-o '
FLATZINC='flatzinc'
FLOAT='float'
GECODE_BUILD_DRIVER_FLAG=''
GECODE_BUILD_FLATZINC_FLAG=''
GECODE_BUILD_FLOAT_FLAG=''
GECODE_BUILD_GIST_FLAG=''
GECODE_BUILD_INT_FLAG=''
GECODE_BUILD_KERNEL_FLAG=''
GECODE_BUILD_MINIMODEL_FLAG=''
GECODE_BUILD_SEARCH_FLAG=''
GECODE_BUILD_SET_FLAG=''
GECODE_BUILD_SUPPORT_FLAG=''
GECODE_DOXYGEN_DOT='NO'
GECODE_DOXYGEN_TAGFILE='doc/gecode-doc.tag'
GECODE_FLATZINC_VERSION='1.6'
GECODE_SOVERSION='41'
GIST='gist'
GLDFLAGS=''
GMP_CPPFLAGS=''
GMP_LIB_PATH=''
GMP_LINK=' -lgmp'
GREP='/bin/grep'
HAVEBISON='bison'
HAVEFLEX='flex'
HAVE_FLEXBISON='no'
HAVE_RC=''
INSTALLLIBS='no'
INT='int'
KERNEL='kernel'
LDFLAGS=''
LIBEXT='so.41.0'
LIBOBJS=''
LIBPREFIX='libgecode'
LIBS=''
LINKFLOAT='-lgecodefloat'
LINKINT='-lgecodeint'
LINKLIBDIR=''
LINKOUTPUT='-o '
LINKPREFIX='-lgecode'
LINKSET='-lgecodeset'
LINKSUFFIX=''
LTLIBOBJS=''
MANIFEST='@true'
MINUSLDIR='-L${exec_prefix}/lib'
MM='minimodel'
MOC='moc-qt4'
MPFR_CPPFLAGS=''
MPFR_LIB_PATH=''
MPFR_LINK='-lmpfr'
OBJEXT='o'
PACKAGE_BUGREPORT='users@gecode.org'
PACKAGE_NAME='GECODE'
PACKAGE_STRING='GECODE 4.4.0'
PACKAGE_TARNAME='gecode'
PACKAGE_URL=''
PACKAGE_VERSION='4.4.0'
PATH_SEPARATOR=':'
PROG_DIFF='ok'
PROG_MAKE='ok'
PROG_PERL='ok'
PROG_SED='ok'
PROG_TAR='ok'
QMAKE='qmake-qt4'
QTDEFINES=' -DQT_NO_DEBUG -DQT_GUI_LIB -DQT_CORE_LIB -DQT_SHARED'
QTINCLUDES=' -I/usr/share/qt4/mkspecs/linux-g++-64 -I. -I/usr/include/qt4/QtCore -I/usr/include/qt4/QtGui -I/usr/include/qt4 -I.'
QTLIBS=' $(SUBLIBS)  -L/usr/lib/x86_64-linux-gnu -lQtGui -lQtCore -lpthread '
RANLIB='ranlib'
RESCOMP='@true'
SBJEXT='s'
SEARCH='search'
SET='set'
SHELL='/bin/bash'
SOLINKSUFFIX='.so'
SOSUFFIX='.so.41'
STATICLIBEXT='a'
SUPPORT='support'
USERSUFFIX=''
VERSION='4.4.0'
WLSONAME='-Wl,-soname='
ac_ct_CC='gcc'
ac_ct_CXX='g++'
bindir='${exec_prefix}/bin'
build_alias=''
cygpathprefix='/usr/local'
datadir='${datarootdir}'
datarootdir='${prefix}/share'
docdir='${datarootdir}/doc/gecode'
dvidir='${docdir}'
enable_driver='yes'
enable_examples='yes'
enable_flatzinc='yes'
enable_float_vars='yes'
enable_gist='yes'
enable_int_vars='yes'
enable_minimodel='yes'
enable_mpfr='yes'
enable_qt='yes'
enable_resource='no'
enable_search='yes'
enable_set_vars='yes'
exec_prefix='${prefix}'
host_alias=''
htmldir='${docdir}'
includedir='${prefix}/include'
infodir='${datarootdir}/info'
libdir='${exec_prefix}/lib'
libexecdir='${exec_prefix}/libexec'
localedir='${datarootdir}/locale'
localstatedir='${prefix}/var'
mandir='${datarootdir}/man'
need_soname='yes'
oldincludedir='/usr/include'
pdfdir='${docdir}'
prefix='/usr/local'
program_transform_name='s,x,x,'
psdir='${docdir}'
sbindir='${exec_prefix}/sbin'
sharedlibdir='${exec_prefix}/lib'
sharedstatedir='${prefix}/com'
subdirs=' '
sysconfdir='${prefix}/etc'
target_alias=''

## ----------- ##
## confdefs.h. ##
## ----------- ##

/* confdefs.h */
#define PACKAGE_NAME "GECODE"
#define PACKAGE_TARNAME "gecode"
#define PACKAGE_VERSION "4.4.0"
#define PACKAGE_STRING "GECODE 4.4.0"
#define PACKAGE_BUGREPORT "users@gecode.org"
#define PACKAGE_URL ""
#define GECODE_DLL_USERPREFIX ""
#define GECODE_DLL_USERSUFFIX ""
#define STDC_HEADERS 1
#define HAVE_SYS_TYPES_H 1
#define HAVE_SYS_STAT_H 1
#define HAVE_STDLIB_H 1
#define HAVE_STRING_H 1
#define HAVE_MEMORY_H 1
#define HAVE_STRINGS_H 1
#define HAVE_INTTYPES_H 1
#define HAVE_STDINT_H 1
#define HAVE_UNISTD_H 1
#define SIZEOF_INT 4
#define GECODE_HAS_UNISTD_H 1
#define GECODE_THREADS_PTHREADS 1
#define GECODE_THREADS_PTHREADS_SPINLOCK 1
#define GECODE_USE_GETTIMEOFDAY 1
#define GECODE_HAS_BUILTIN_FFSL /**/
#define GECODE_GCC_HAS_CLASS_VISIBILITY /**/
#define forceinline inline __attribute__ ((__always_inline__))
#define GECODE_HAS_GNU_HASH_MAP /**/
#define GECODE_HAS_FLOAT_VARS /**/
#define GECODE_HAS_SET_VARS /**/
#define GECODE_HAS_INT_VARS /**/
#define HAVE_GMP_H 1
#define HAVE_MPFR_H 1
#define GECODE_HAS_MPFR /**/
#define GECODE_HAS_QT /**/
#define GECODE_HAS_GIST /**/
#define HAVE_STDLIB_H 1
#define HAVE_UNISTD_H 1
#define HAVE_SYS_PARAM_H 1
#define HAVE_GETPAGESIZE 1
#define HAVE_MMAP 1
#define GECODE_VERSION "4.4.0"
#define GECODE_LIBRARY_VERSION "4-4-0"
#define GECODE_VERSION_NUMBER 400400
#define GECODE_FLATZINC_VERSION "1.6"

configure: exit 0
