This file contains any messages produced by compilers while
running configure, to aid debugging if configure makes a mistake.

It was created by Cbc configure 2.9.7, which was
generated by GNU Autoconf 2.59.  Invocation command line was

  $ ./configure --prefix=/home/alexey/development/cpp_projects/keggle_santa/libs/Cbc-2.9.7 --cache-file=/dev/null --srcdir=.

## --------- ##
## Platform. ##
## --------- ##

hostname = alexey-linux-desktop1
uname -m = x86_64
uname -r = 3.16.0-57-generic
uname -s = Linux
uname -v = #77~14.04.1-Ubuntu SMP Thu Dec 17 23:20:00 UTC 2015

/usr/bin/uname -p = unknown
/bin/uname -X     = unknown

/bin/arch              = unknown
/usr/bin/arch -k       = unknown
/usr/convex/getsysinfo = unknown
hostinfo               = unknown
/bin/machine           = unknown
/usr/bin/oslevel       = unknown
/bin/universe          = unknown

PATH: /opt/bricsys/bricscad/v15
PATH: /usr/local/sbin
PATH: /usr/local/bin
PATH: /usr/sbin
PATH: /usr/bin
PATH: /sbin
PATH: /bin
PATH: /usr/games
PATH: /usr/local/games
PATH: /opt/bricsys/bricscad/v15


## ----------- ##
## Core tests. ##
## ----------- ##

configure:1720: checking build system type
configure:1738: result: x86_64-unknown-linux-gnu
configure:1811: checking for svnversion
configure:1827: found /usr/bin/svnversion
configure:1838: result: yes
configure:1868: checking whether we want to compile in debug mode
configure:1914: result: no
configure:2164: checking for gcc
configure:2180: found /usr/bin/gcc
configure:2190: result: gcc
configure:2211: checking for C compiler version
configure:2214: gcc --version </dev/null >&5
gcc (Ubuntu 4.9.3-8ubuntu2~14.04) 4.9.3
Copyright (C) 2015 Free Software Foundation, Inc.
This is free software; see the source for copying conditions.  There is NO
warranty; not even for MERCHANTABILITY or FITNESS FOR A PARTICULAR PURPOSE.

configure:2217: $? = 0
configure:2219: gcc -v </dev/null >&5
Using built-in specs.
COLLECT_GCC=gcc
COLLECT_LTO_WRAPPER=/usr/lib/gcc/x86_64-linux-gnu/4.9/lto-wrapper
Target: x86_64-linux-gnu
Configured with: ../src/configure -v --with-pkgversion='Ubuntu 4.9.3-8ubuntu2~14.04' --with-bugurl=file:///usr/share/doc/gcc-4.9/README.Bugs --enable-languages=c,c++,java,go,d,fortran,objc,obj-c++ --prefix=/usr --program-suffix=-4.9 --enable-shared --enable-linker-build-id --libexecdir=/usr/lib --without-included-gettext --enable-threads=posix --with-gxx-include-dir=/usr/include/c++/4.9 --libdir=/usr/lib --enable-nls --with-sysroot=/ --enable-clocale=gnu --enable-libstdcxx-debug --enable-libstdcxx-time=yes --enable-gnu-unique-object --disable-vtable-verify --enable-plugin --with-system-zlib --disable-browser-plugin --enable-java-awt=gtk --enable-gtk-cairo --with-java-home=/usr/lib/jvm/java-1.5.0-gcj-4.9-amd64/jre --enable-java-home --with-jvm-root-dir=/usr/lib/jvm/java-1.5.0-gcj-4.9-amd64 --with-jvm-jar-dir=/usr/lib/jvm-exports/java-1.5.0-gcj-4.9-amd64 --with-arch-directory=amd64 --with-ecj-jar=/usr/share/java/eclipse-ecj.jar --enable-objc-gc --enable-multiarch --disable-werror --with-arch-32=i686 --with-abi=m64 --with-multilib-list=m32,m64,mx32 --enable-multilib --with-tune=generic --enable-checking=release --build=x86_64-linux-gnu --host=x86_64-linux-gnu --target=x86_64-linux-gnu
Thread model: posix
gcc version 4.9.3 (Ubuntu 4.9.3-8ubuntu2~14.04) 
configure:2222: $? = 0
configure:2224: gcc -V </dev/null >&5
gcc: error: unrecognized command line option '-V'
gcc: fatal error: no input files
compilation terminated.
configure:2227: $? = 4
configure:2250: checking for C compiler default output file name
configure:2253: gcc    conftest.c  >&5
configure:2256: $? = 0
configure:2302: result: a.out
configure:2307: checking whether the C compiler works
configure:2313: ./a.out
configure:2316: $? = 0
configure:2333: result: yes
configure:2340: checking whether we are cross compiling
configure:2342: result: no
configure:2345: checking for suffix of executables
configure:2347: gcc -o conftest    conftest.c  >&5
configure:2350: $? = 0
configure:2375: result: 
configure:2381: checking for suffix of object files
configure:2402: gcc -c   conftest.c >&5
configure:2405: $? = 0
configure:2427: result: o
configure:2431: checking whether we are using the GNU C compiler
configure:2455: gcc -c   conftest.c >&5
configure:2461: $? = 0
configure:2465: test -z 
			 || test ! -s conftest.err
configure:2468: $? = 0
configure:2471: test -s conftest.o
configure:2474: $? = 0
configure:2487: result: yes
configure:2493: checking whether gcc accepts -g
configure:2514: gcc -c -g  conftest.c >&5
configure:2520: $? = 0
configure:2524: test -z 
			 || test ! -s conftest.err
configure:2527: $? = 0
configure:2530: test -s conftest.o
configure:2533: $? = 0
configure:2544: result: yes
configure:2561: checking for gcc option to accept ANSI C
configure:2631: gcc  -c -g -O2  conftest.c >&5
configure:2637: $? = 0
configure:2641: test -z 
			 || test ! -s conftest.err
configure:2644: $? = 0
configure:2647: test -s conftest.o
configure:2650: $? = 0
configure:2668: result: none needed
configure:2686: gcc -c -g -O2  conftest.c >&5
conftest.c:2:3: error: unknown type name 'choke'
   choke me
   ^
conftest.c:2:3: error: expected '=', ',', ';', 'asm' or '__attribute__' at end of input
configure:2692: $? = 1
configure: failed program was:
| #ifndef __cplusplus
|   choke me
| #endif
configure:3120: gcc -o conftest -O3 -pipe -DNDEBUG -pedantic-errors -Wimplicit -Wparentheses -Wsequence-point -Wreturn-type -Wcast-qual -Wall -Wno-unknown-pragmas -Wno-long-long   -DCBC_BUILD   conftest.c  >&5
configure:3126: $? = 0
configure:3130: test -z 
			 || test ! -s conftest.err
configure:3133: $? = 0
configure:3136: test -s conftest
configure:3139: $? = 0
configure:3206: C compiler options are: -O3 -pipe -DNDEBUG -pedantic-errors -Wimplicit -Wparentheses -Wsequence-point -Wreturn-type -Wcast-qual -Wall -Wno-unknown-pragmas -Wno-long-long   -DCBC_BUILD
configure:3321: checking for g++
configure:3337: found /usr/bin/g++
configure:3347: result: g++
configure:3363: checking for C++ compiler version
configure:3366: g++ --version </dev/null >&5
g++ (Ubuntu 4.9.3-8ubuntu2~14.04) 4.9.3
Copyright (C) 2015 Free Software Foundation, Inc.
This is free software; see the source for copying conditions.  There is NO
warranty; not even for MERCHANTABILITY or FITNESS FOR A PARTICULAR PURPOSE.

configure:3369: $? = 0
configure:3371: g++ -v </dev/null >&5
Using built-in specs.
COLLECT_GCC=g++
COLLECT_LTO_WRAPPER=/usr/lib/gcc/x86_64-linux-gnu/4.9/lto-wrapper
Target: x86_64-linux-gnu
Configured with: ../src/configure -v --with-pkgversion='Ubuntu 4.9.3-8ubuntu2~14.04' --with-bugurl=file:///usr/share/doc/gcc-4.9/README.Bugs --enable-languages=c,c++,java,go,d,fortran,objc,obj-c++ --prefix=/usr --program-suffix=-4.9 --enable-shared --enable-linker-build-id --libexecdir=/usr/lib --without-included-gettext --enable-threads=posix --with-gxx-include-dir=/usr/include/c++/4.9 --libdir=/usr/lib --enable-nls --with-sysroot=/ --enable-clocale=gnu --enable-libstdcxx-debug --enable-libstdcxx-time=yes --enable-gnu-unique-object --disable-vtable-verify --enable-plugin --with-system-zlib --disable-browser-plugin --enable-java-awt=gtk --enable-gtk-cairo --with-java-home=/usr/lib/jvm/java-1.5.0-gcj-4.9-amd64/jre --enable-java-home --with-jvm-root-dir=/usr/lib/jvm/java-1.5.0-gcj-4.9-amd64 --with-jvm-jar-dir=/usr/lib/jvm-exports/java-1.5.0-gcj-4.9-amd64 --with-arch-directory=amd64 --with-ecj-jar=/usr/share/java/eclipse-ecj.jar --enable-objc-gc --enable-multiarch --disable-werror --with-arch-32=i686 --with-abi=m64 --with-multilib-list=m32,m64,mx32 --enable-multilib --with-tune=generic --enable-checking=release --build=x86_64-linux-gnu --host=x86_64-linux-gnu --target=x86_64-linux-gnu
Thread model: posix
gcc version 4.9.3 (Ubuntu 4.9.3-8ubuntu2~14.04) 
configure:3374: $? = 0
configure:3376: g++ -V </dev/null >&5
g++: error: unrecognized command line option '-V'
g++: fatal error: no input files
compilation terminated.
configure:3379: $? = 4
configure:3382: checking whether we are using the GNU C++ compiler
configure:3406: g++ -c   conftest.cc >&5
configure:3412: $? = 0
configure:3416: test -z 
			 || test ! -s conftest.err
configure:3419: $? = 0
configure:3422: test -s conftest.o
configure:3425: $? = 0
configure:3438: result: yes
configure:3444: checking whether g++ accepts -g
configure:3465: g++ -c -g  conftest.cc >&5
configure:3471: $? = 0
configure:3475: test -z 
			 || test ! -s conftest.err
configure:3478: $? = 0
configure:3481: test -s conftest.o
configure:3484: $? = 0
configure:3495: result: yes
configure:3537: g++ -c -g -O2  conftest.cc >&5
configure:3543: $? = 0
configure:3547: test -z 
			 || test ! -s conftest.err
configure:3550: $? = 0
configure:3553: test -s conftest.o
configure:3556: $? = 0
configure:3582: g++ -c -g -O2  conftest.cc >&5
conftest.cc: In function 'int main()':
conftest.cc:19:9: error: 'exit' was not declared in this scope
 exit (42);
         ^
configure:3588: $? = 1
configure: failed program was:
| /* confdefs.h.  */
| 
| #define PACKAGE_NAME "Cbc"
| #define PACKAGE_TARNAME "cbc"
| #define PACKAGE_VERSION "2.9.7"
| #define PACKAGE_STRING "Cbc 2.9.7"
| #define PACKAGE_BUGREPORT "cbc@lists.coin-or.org"
| #define CBC_VERSION "2.9.7"
| #define CBC_VERSION_MAJOR 2
| #define CBC_VERSION_MINOR 9
| #define CBC_VERSION_RELEASE 7
| #define COIN_CBC_VERBOSITY 0
| #define COIN_CBC_CHECKLEVEL 0
| /* end confdefs.h.  */
| 
| int
| main ()
| {
| exit (42);
|   ;
|   return 0;
| }
configure:3537: g++ -c -g -O2  conftest.cc >&5
conftest.cc:15:40: error: 'void std::exit(int)' should have been declared inside 'std'
 extern "C" void std::exit (int) throw (); using std::exit;
                                        ^
configure:3543: $? = 1
configure: failed program was:
| /* confdefs.h.  */
| 
| #define PACKAGE_NAME "Cbc"
| #define PACKAGE_TARNAME "cbc"
| #define PACKAGE_VERSION "2.9.7"
| #define PACKAGE_STRING "Cbc 2.9.7"
| #define PACKAGE_BUGREPORT "cbc@lists.coin-or.org"
| #define CBC_VERSION "2.9.7"
| #define CBC_VERSION_MAJOR 2
| #define CBC_VERSION_MINOR 9
| #define CBC_VERSION_RELEASE 7
| #define COIN_CBC_VERBOSITY 0
| #define COIN_CBC_CHECKLEVEL 0
| /* end confdefs.h.  */
| extern "C" void std::exit (int) throw (); using std::exit;
| #include <stdlib.h>
| int
| main ()
| {
| exit (42);
|   ;
|   return 0;
| }
configure:3537: g++ -c -g -O2  conftest.cc >&5
conftest.cc:15:31: error: 'void std::exit(int)' should have been declared inside 'std'
 extern "C" void std::exit (int); using std::exit;
                               ^
In file included from conftest.cc:16:0:
/usr/include/stdlib.h:543:70: error: declaration of 'void std::exit(int) throw ()' has a different exception specifier
 extern void exit (int __status) __THROW __attribute__ ((__noreturn__));
                                                                      ^
conftest.cc:15:17: error: from previous declaration 'void std::exit(int)'
 extern "C" void std::exit (int); using std::exit;
                 ^
configure:3543: $? = 1
configure: failed program was:
| /* confdefs.h.  */
| 
| #define PACKAGE_NAME "Cbc"
| #define PACKAGE_TARNAME "cbc"
| #define PACKAGE_VERSION "2.9.7"
| #define PACKAGE_STRING "Cbc 2.9.7"
| #define PACKAGE_BUGREPORT "cbc@lists.coin-or.org"
| #define CBC_VERSION "2.9.7"
| #define CBC_VERSION_MAJOR 2
| #define CBC_VERSION_MINOR 9
| #define CBC_VERSION_RELEASE 7
| #define COIN_CBC_VERBOSITY 0
| #define COIN_CBC_CHECKLEVEL 0
| /* end confdefs.h.  */
| extern "C" void std::exit (int); using std::exit;
| #include <stdlib.h>
| int
| main ()
| {
| exit (42);
|   ;
|   return 0;
| }
configure:3537: g++ -c -g -O2  conftest.cc >&5
configure:3543: $? = 0
configure:3547: test -z 
			 || test ! -s conftest.err
configure:3550: $? = 0
configure:3553: test -s conftest.o
configure:3556: $? = 0
configure:3582: g++ -c -g -O2  conftest.cc >&5
configure:3588: $? = 0
configure:3592: test -z 
			 || test ! -s conftest.err
configure:3595: $? = 0
configure:3598: test -s conftest.o
configure:3601: $? = 0
configure:3633: checking whether C++ compiler g++ works
configure:3651: g++ -c -g -O2  conftest.cc >&5
configure:3657: $? = 0
configure:3661: test -z 
			 || test ! -s conftest.err
configure:3664: $? = 0
configure:3667: test -s conftest.o
configure:3670: $? = 0
configure:3672: result: yes
configure:4000: g++ -o conftest -O3 -pipe -DNDEBUG -pedantic-errors -Wparentheses -Wreturn-type -Wcast-qual -Wall -Wpointer-arith -Wwrite-strings -Wconversion -Wno-unknown-pragmas -Wno-long-long   -DCBC_BUILD   conftest.cc  >&5
configure:4006: $? = 0
configure:4010: test -z 
			 || test ! -s conftest.err
configure:4013: $? = 0
configure:4016: test -s conftest
configure:4019: $? = 0
configure:4086: C++ compiler options are: -O3 -pipe -DNDEBUG -pedantic-errors -Wparentheses -Wreturn-type -Wcast-qual -Wall -Wpointer-arith -Wwrite-strings -Wconversion -Wno-unknown-pragmas -Wno-long-long   -DCBC_BUILD
configure:4205: checking for egrep
configure:4215: result: grep -E
configure:4220: checking whether ln -s works
configure:4224: result: yes
configure:4245: checking for a BSD-compatible install
configure:4300: result: /usr/bin/install -c
configure:4311: checking whether build environment is sane
configure:4354: result: yes
configure:4419: checking for gawk
configure:4448: result: no
configure:4419: checking for mawk
configure:4435: found /usr/bin/mawk
configure:4445: result: mawk
configure:4455: checking whether make sets $(MAKE)
configure:4475: result: yes
configure:4505: checking for style of include used by make
configure:4533: result: GNU
configure:4714: checking dependency style of gcc
configure:4804: result: gcc3
configure:4823: checking dependency style of g++
configure:4913: result: gcc3
configure:4931: checking whether to enable maintainer-specific portions of Makefiles
configure:4940: result: no
configure:20439: Using libtool script in directory ..
configure:20538: checking if library version is set
configure:20542: result: 12:7:9
configure:20615: checking for pkg-config
configure:20631: found /usr/bin/pkg-config
configure:20641: result: pkg-config
configure:20656: checking pkg-config is at least version 0.16.0
configure:20659: result: yes
configure:20755: checking for COIN-OR package CoinDepend
configure:20908: result: yes: 0.59.7 0.107.6 2.10.11 
configure:21303: checking for COIN-OR package Clp
configure:21456: result: yes: 1.16.9 
configure:21851: checking for COIN-OR package OsiTests
configure:21982: result: yes: 0.107.6 
configure:22331: checking for COIN-OR package Sample
configure:22462: result: yes: 1.2.10 
configure:22811: checking for COIN-OR package Netlib
configure:22960: result: not given: No package 'coindatanetlib' found
configure:23291: checking for COIN-OR package Miplib3
configure:23422: result: yes: 1.2.6 
configure:23801: checking cmath usability
configure:23813: g++ -c -O3 -pipe -DNDEBUG -pedantic-errors -Wparentheses -Wreturn-type -Wcast-qual -Wall -Wpointer-arith -Wwrite-strings -Wconversion -Wno-unknown-pragmas -Wno-long-long   -DCBC_BUILD  conftest.cc >&5
configure:23819: $? = 0
configure:23823: test -z 
			 || test ! -s conftest.err
configure:23826: $? = 0
configure:23829: test -s conftest.o
configure:23832: $? = 0
configure:23842: result: yes
configure:23846: checking cmath presence
configure:23856: g++ -E  conftest.cc
configure:23862: $? = 0
configure:23882: result: yes
configure:23917: checking for cmath
configure:23924: result: yes
configure:24130: checking cfloat usability
configure:24142: g++ -c -O3 -pipe -DNDEBUG -pedantic-errors -Wparentheses -Wreturn-type -Wcast-qual -Wall -Wpointer-arith -Wwrite-strings -Wconversion -Wno-unknown-pragmas -Wno-long-long   -DCBC_BUILD  conftest.cc >&5
configure:24148: $? = 0
configure:24152: test -z 
			 || test ! -s conftest.err
configure:24155: $? = 0
configure:24158: test -s conftest.o
configure:24161: $? = 0
configure:24171: result: yes
configure:24175: checking cfloat presence
configure:24185: g++ -E  conftest.cc
configure:24191: $? = 0
configure:24211: result: yes
configure:24246: checking for cfloat
configure:24253: result: yes
configure:24459: checking cieeefp usability
configure:24471: g++ -c -O3 -pipe -DNDEBUG -pedantic-errors -Wparentheses -Wreturn-type -Wcast-qual -Wall -Wpointer-arith -Wwrite-strings -Wconversion -Wno-unknown-pragmas -Wno-long-long   -DCBC_BUILD  conftest.cc >&5
conftest.cc:72:19: fatal error: cieeefp: No such file or directory
 #include <cieeefp>
                   ^
compilation terminated.
configure:24477: $? = 1
configure: failed program was:
| /* confdefs.h.  */
| 
| #define PACKAGE_NAME "Cbc"
| #define PACKAGE_TARNAME "cbc"
| #define PACKAGE_VERSION "2.9.7"
| #define PACKAGE_STRING "Cbc 2.9.7"
| #define PACKAGE_BUGREPORT "cbc@lists.coin-or.org"
| #define CBC_VERSION "2.9.7"
| #define CBC_VERSION_MAJOR 2
| #define CBC_VERSION_MINOR 9
| #define CBC_VERSION_RELEASE 7
| #define COIN_CBC_VERBOSITY 0
| #define COIN_CBC_CHECKLEVEL 0
| #ifdef __cplusplus
| extern "C" void exit (int) throw ();
| #endif
| #define PACKAGE "cbc"
| #define VERSION "2.9.7"
| #define STDC_HEADERS 1
| #define HAVE_SYS_TYPES_H 1
| #define HAVE_SYS_STAT_H 1
| #define HAVE_STDLIB_H 1
| #define HAVE_STRING_H 1
| #define HAVE_MEMORY_H 1
| #define HAVE_STRINGS_H 1
| #define HAVE_INTTYPES_H 1
| #define HAVE_STDINT_H 1
| #define HAVE_UNISTD_H 1
| #define HAVE_DLFCN_H 1
| #define COIN_HAS_COINDEPEND 1
| #define COIN_HAS_CLP 1
| #define COIN_HAS_OSITESTS 1
| #define COIN_HAS_SAMPLE 1
| #define COIN_HAS_MIPLIB3 1
| #define HAVE_CMATH 1
| #define HAVE_CFLOAT 1
| /* end confdefs.h.  */
| #include <stdio.h>
| #if HAVE_SYS_TYPES_H
| # include <sys/types.h>
| #endif
| #if HAVE_SYS_STAT_H
| # include <sys/stat.h>
| #endif
| #if STDC_HEADERS
| # include <stdlib.h>
| # include <stddef.h>
| #else
| # if HAVE_STDLIB_H
| #  include <stdlib.h>
| # endif
| #endif
| #if HAVE_STRING_H
| # if !STDC_HEADERS && HAVE_MEMORY_H
| #  include <memory.h>
| # endif
| # include <string.h>
| #endif
| #if HAVE_STRINGS_H
| # include <strings.h>
| #endif
| #if HAVE_INTTYPES_H
| # include <inttypes.h>
| #else
| # if HAVE_STDINT_H
| #  include <stdint.h>
| # endif
| #endif
| #if HAVE_UNISTD_H
| # include <unistd.h>
| #endif
| #include <cieeefp>
configure:24500: result: no
configure:24504: checking cieeefp presence
configure:24514: g++ -E  conftest.cc
conftest.cc:38:19: fatal error: cieeefp: No such file or directory
 #include <cieeefp>
                   ^
compilation terminated.
configure:24520: $? = 1
configure: failed program was:
| /* confdefs.h.  */
| 
| #define PACKAGE_NAME "Cbc"
| #define PACKAGE_TARNAME "cbc"
| #define PACKAGE_VERSION "2.9.7"
| #define PACKAGE_STRING "Cbc 2.9.7"
| #define PACKAGE_BUGREPORT "cbc@lists.coin-or.org"
| #define CBC_VERSION "2.9.7"
| #define CBC_VERSION_MAJOR 2
| #define CBC_VERSION_MINOR 9
| #define CBC_VERSION_RELEASE 7
| #define COIN_CBC_VERBOSITY 0
| #define COIN_CBC_CHECKLEVEL 0
| #ifdef __cplusplus
| extern "C" void exit (int) throw ();
| #endif
| #define PACKAGE "cbc"
| #define VERSION "2.9.7"
| #define STDC_HEADERS 1
| #define HAVE_SYS_TYPES_H 1
| #define HAVE_SYS_STAT_H 1
| #define HAVE_STDLIB_H 1
| #define HAVE_STRING_H 1
| #define HAVE_MEMORY_H 1
| #define HAVE_STRINGS_H 1
| #define HAVE_INTTYPES_H 1
| #define HAVE_STDINT_H 1
| #define HAVE_UNISTD_H 1
| #define HAVE_DLFCN_H 1
| #define COIN_HAS_COINDEPEND 1
| #define COIN_HAS_CLP 1
| #define COIN_HAS_OSITESTS 1
| #define COIN_HAS_SAMPLE 1
| #define COIN_HAS_MIPLIB3 1
| #define HAVE_CMATH 1
| #define HAVE_CFLOAT 1
| /* end confdefs.h.  */
| #include <cieeefp>
configure:24540: result: no
configure:24575: checking for cieeefp
configure:24582: result: no
configure:24617: checking ieeefp.h usability
configure:24629: g++ -c -O3 -pipe -DNDEBUG -pedantic-errors -Wparentheses -Wreturn-type -Wcast-qual -Wall -Wpointer-arith -Wwrite-strings -Wconversion -Wno-unknown-pragmas -Wno-long-long   -DCBC_BUILD  conftest.cc >&5
conftest.cc:72:20: fatal error: ieeefp.h: No such file or directory
 #include <ieeefp.h>
                    ^
compilation terminated.
configure:24635: $? = 1
configure: failed program was:
| /* confdefs.h.  */
| 
| #define PACKAGE_NAME "Cbc"
| #define PACKAGE_TARNAME "cbc"
| #define PACKAGE_VERSION "2.9.7"
| #define PACKAGE_STRING "Cbc 2.9.7"
| #define PACKAGE_BUGREPORT "cbc@lists.coin-or.org"
| #define CBC_VERSION "2.9.7"
| #define CBC_VERSION_MAJOR 2
| #define CBC_VERSION_MINOR 9
| #define CBC_VERSION_RELEASE 7
| #define COIN_CBC_VERBOSITY 0
| #define COIN_CBC_CHECKLEVEL 0
| #ifdef __cplusplus
| extern "C" void exit (int) throw ();
| #endif
| #define PACKAGE "cbc"
| #define VERSION "2.9.7"
| #define STDC_HEADERS 1
| #define HAVE_SYS_TYPES_H 1
| #define HAVE_SYS_STAT_H 1
| #define HAVE_STDLIB_H 1
| #define HAVE_STRING_H 1
| #define HAVE_MEMORY_H 1
| #define HAVE_STRINGS_H 1
| #define HAVE_INTTYPES_H 1
| #define HAVE_STDINT_H 1
| #define HAVE_UNISTD_H 1
| #define HAVE_DLFCN_H 1
| #define COIN_HAS_COINDEPEND 1
| #define COIN_HAS_CLP 1
| #define COIN_HAS_OSITESTS 1
| #define COIN_HAS_SAMPLE 1
| #define COIN_HAS_MIPLIB3 1
| #define HAVE_CMATH 1
| #define HAVE_CFLOAT 1
| /* end confdefs.h.  */
| #include <stdio.h>
| #if HAVE_SYS_TYPES_H
| # include <sys/types.h>
| #endif
| #if HAVE_SYS_STAT_H
| # include <sys/stat.h>
| #endif
| #if STDC_HEADERS
| # include <stdlib.h>
| # include <stddef.h>
| #else
| # if HAVE_STDLIB_H
| #  include <stdlib.h>
| # endif
| #endif
| #if HAVE_STRING_H
| # if !STDC_HEADERS && HAVE_MEMORY_H
| #  include <memory.h>
| # endif
| # include <string.h>
| #endif
| #if HAVE_STRINGS_H
| # include <strings.h>
| #endif
| #if HAVE_INTTYPES_H
| # include <inttypes.h>
| #else
| # if HAVE_STDINT_H
| #  include <stdint.h>
| # endif
| #endif
| #if HAVE_UNISTD_H
| # include <unistd.h>
| #endif
| #include <ieeefp.h>
configure:24658: result: no
configure:24662: checking ieeefp.h presence
configure:24672: g++ -E  conftest.cc
conftest.cc:38:20: fatal error: ieeefp.h: No such file or directory
 #include <ieeefp.h>
                    ^
compilation terminated.
configure:24678: $? = 1
configure: failed program was:
| /* confdefs.h.  */
| 
| #define PACKAGE_NAME "Cbc"
| #define PACKAGE_TARNAME "cbc"
| #define PACKAGE_VERSION "2.9.7"
| #define PACKAGE_STRING "Cbc 2.9.7"
| #define PACKAGE_BUGREPORT "cbc@lists.coin-or.org"
| #define CBC_VERSION "2.9.7"
| #define CBC_VERSION_MAJOR 2
| #define CBC_VERSION_MINOR 9
| #define CBC_VERSION_RELEASE 7
| #define COIN_CBC_VERBOSITY 0
| #define COIN_CBC_CHECKLEVEL 0
| #ifdef __cplusplus
| extern "C" void exit (int) throw ();
| #endif
| #define PACKAGE "cbc"
| #define VERSION "2.9.7"
| #define STDC_HEADERS 1
| #define HAVE_SYS_TYPES_H 1
| #define HAVE_SYS_STAT_H 1
| #define HAVE_STDLIB_H 1
| #define HAVE_STRING_H 1
| #define HAVE_MEMORY_H 1
| #define HAVE_STRINGS_H 1
| #define HAVE_INTTYPES_H 1
| #define HAVE_STDINT_H 1
| #define HAVE_UNISTD_H 1
| #define HAVE_DLFCN_H 1
| #define COIN_HAS_COINDEPEND 1
| #define COIN_HAS_CLP 1
| #define COIN_HAS_OSITESTS 1
| #define COIN_HAS_SAMPLE 1
| #define COIN_HAS_MIPLIB3 1
| #define HAVE_CMATH 1
| #define HAVE_CFLOAT 1
| /* end confdefs.h.  */
| #include <ieeefp.h>
configure:24698: result: no
configure:24733: checking for ieeefp.h
configure:24740: result: no
configure:25083: checking for COIN-OR package DyLP
configure:25247: result: not given: No package 'osi-dylp' found
configure:25593: checking for COIN-OR package Vol
configure:25742: result: not given: No package 'osi-vol' found
configure:26073: checking for COIN-OR package Cpx
configure:26252: result: not given: No package 'osi-cplex' found
configure:26613: checking for COIN-OR package Glpk
configure:26777: result: not given: No package 'osi-glpk' found
configure:27123: checking for COIN-OR package Grb
configure:27272: result: not given: No package 'osi-gurobi' found
configure:27603: checking for COIN-OR package Msk
configure:27767: result: not given: No package 'osi-mosek' found
configure:28113: checking for COIN-OR package Spx
configure:28277: result: not given: No package 'osi-soplex' found
configure:28623: checking for COIN-OR package Xpr
configure:28772: result: not given: No package 'osi-xpress' found
configure:29109: checking for COIN-OR package ASL
configure:29288: result: not given: No package 'coinasl' found
configure:29657: checking if user provides library for Nauty
configure:29702: result: no
configure:29889: checking for cbc-generic default solver
configure:29899: result: clp
configure:30241: OsiCbc default solver is clp
configure:30373: checking whether this is a VPATH configuration
configure:30380: result: no
configure:30420: configuring doxygen documentation options
configure:30427: checking for doxygen
configure:30454: result: no
configure:30463: checking for latex
configure:30490: result: no
configure:30518: checking for dot
configure:30545: result: NO
configure:30596: checking for doxygen doc'n for CoinUtils 
configure:30612: result: ../CoinUtils/doxydoc (tag)
configure:30596: checking for doxygen doc'n for Osi 
configure:30612: result: ../Osi/doxydoc (tag)
configure:30596: checking for doxygen doc'n for Clp 
configure:30612: result: ../Clp/doxydoc (tag)
configure:30596: checking for doxygen doc'n for DyLP 
configure:30628: result: /home/alexey/development/cpp_projects/keggle_santa/libs/Cbc-2.9.7/share/coin/doc/DyLP/doxydoc (tag)
configure:30596: checking for doxygen doc'n for Cgl 
configure:30612: result: ../Cgl/doxydoc (tag)
configure:30596: checking for doxygen doc'n for Vol 
configure:30628: result: /home/alexey/development/cpp_projects/keggle_santa/libs/Cbc-2.9.7/share/coin/doc/Vol/doxydoc (tag)
configure:30657: checking which command should be used to link input files
configure:30665: result: ln -s
configure:31188: creating ./config.status

## ---------------------- ##
## Running config.status. ##
## ---------------------- ##

This file was extended by Cbc config.status 2.9.7, which was
generated by GNU Autoconf 2.59.  Invocation command line was

  CONFIG_FILES    = 
  CONFIG_HEADERS  = 
  CONFIG_LINKS    = 
  CONFIG_COMMANDS = 
  $ ./config.status 

on alexey-linux-desktop1

config.status:959: creating Makefile
config.status:959: creating examples/Makefile
config.status:959: creating src/Makefile
config.status:959: creating src/OsiCbc/Makefile
config.status:959: creating test/Makefile
config.status:959: creating cbc.pc
config.status:959: creating cbc-uninstalled.pc
config.status:959: creating osi-cbc.pc
config.status:959: creating osi-cbc-uninstalled.pc
config.status:959: creating doxydoc/doxygen.conf
config.status:1063: creating src/config.h
config.status:1063: creating src/config_cbc.h
config.status:1385: executing depfiles commands
configure:32798: In case of trouble, first consult the troubleshooting page at https://projects.coin-or.org/BuildTools/wiki/user-troubleshooting
configure:32801: Configuration of Cbc successful

## ---------------- ##
## Cache variables. ##
## ---------------- ##

ac_cv_build=x86_64-unknown-linux-gnu
ac_cv_build_alias=x86_64-unknown-linux-gnu
ac_cv_c_compiler_gnu=yes
ac_cv_cxx_compiler_gnu=yes
ac_cv_env_ADD_CFLAGS_set=
ac_cv_env_ADD_CFLAGS_value=
ac_cv_env_ADD_CXXFLAGS_set=
ac_cv_env_ADD_CXXFLAGS_value=
ac_cv_env_CC_set=
ac_cv_env_CC_value=
ac_cv_env_CDEFS_set=
ac_cv_env_CDEFS_value=
ac_cv_env_CFLAGS_set=
ac_cv_env_CFLAGS_value=
ac_cv_env_CPPFLAGS_set=
ac_cv_env_CPPFLAGS_value=
ac_cv_env_CPP_set=
ac_cv_env_CPP_value=
ac_cv_env_CXXCPP_set=
ac_cv_env_CXXCPP_value=
ac_cv_env_CXXDEFS_set=
ac_cv_env_CXXDEFS_value=
ac_cv_env_CXXFLAGS_set=
ac_cv_env_CXXFLAGS_value=
ac_cv_env_CXX_set=
ac_cv_env_CXX_value=
ac_cv_env_DBG_CFLAGS_set=
ac_cv_env_DBG_CFLAGS_value=
ac_cv_env_DBG_CXXFLAGS_set=
ac_cv_env_DBG_CXXFLAGS_value=
ac_cv_env_F77_set=
ac_cv_env_F77_value=
ac_cv_env_FFLAGS_set=
ac_cv_env_FFLAGS_value=
ac_cv_env_LDFLAGS_set=
ac_cv_env_LDFLAGS_value=
ac_cv_env_MPICC_set=
ac_cv_env_MPICC_value=
ac_cv_env_MPICXX_set=
ac_cv_env_MPICXX_value=
ac_cv_env_OPT_CFLAGS_set=
ac_cv_env_OPT_CFLAGS_value=
ac_cv_env_OPT_CXXFLAGS_set=
ac_cv_env_OPT_CXXFLAGS_value=
ac_cv_env_PKG_CONFIG_set=
ac_cv_env_PKG_CONFIG_value=
ac_cv_env_build_alias_set=
ac_cv_env_build_alias_value=
ac_cv_env_host_alias_set=
ac_cv_env_host_alias_value=
ac_cv_env_target_alias_set=
ac_cv_env_target_alias_value=
ac_cv_exeext=
ac_cv_header_cfloat=yes
ac_cv_header_cieeefp=no
ac_cv_header_cmath=yes
ac_cv_header_ieeefp_h=no
ac_cv_objext=o
ac_cv_path_install='/usr/bin/install -c'
ac_cv_prog_AWK=mawk
ac_cv_prog_ac_ct_CC=gcc
ac_cv_prog_ac_ct_CXX=g++
ac_cv_prog_ac_ct_PKG_CONFIG=pkg-config
ac_cv_prog_cc_g=yes
ac_cv_prog_cc_stdc=
ac_cv_prog_coin_doxy_usedot=NO
ac_cv_prog_coin_have_doxygen=no
ac_cv_prog_coin_have_latex=no
ac_cv_prog_cxx_g=yes
ac_cv_prog_egrep='grep -E'
ac_cv_prog_have_svnversion=yes
ac_cv_prog_make_make_set=yes
am_cv_CC_dependencies_compiler_type=gcc3
am_cv_CXX_dependencies_compiler_type=gcc3

## ----------------- ##
## Output variables. ##
## ----------------- ##

ABSBUILDDIR='/home/alexey/development/cpp_projects/keggle_santa/libs/Cbc-2.9.7/Cbc'
ACLOCAL='${SHELL} /home/alexey/development/cpp_projects/keggle_santa/libs/Cbc-2.9.7/Cbc/missing --run aclocal-1.9'
ADD_CFLAGS=''
ADD_CXXFLAGS=''
ALWAYS_FALSE_FALSE=''
ALWAYS_FALSE_TRUE='#'
AMDEPBACKSLASH='\'
AMDEP_FALSE='#'
AMDEP_TRUE=''
AMTAR='${SHELL} /home/alexey/development/cpp_projects/keggle_santa/libs/Cbc-2.9.7/Cbc/missing --run tar'
AR='ar'
ASL_CFLAGS=''
ASL_CFLAGS_INSTALLED=''
ASL_DATA=''
ASL_DATA_INSTALLED=''
ASL_DEPENDENCIES=''
ASL_LIBS=''
ASL_LIBS_INSTALLED=''
AUTOCONF='${SHELL} /home/alexey/development/cpp_projects/keggle_santa/libs/Cbc-2.9.7/Cbc/missing --run autoconf'
AUTOHEADER='${SHELL} /home/alexey/development/cpp_projects/keggle_santa/libs/Cbc-2.9.7/Cbc/missing --run autoheader'
AUTOMAKE='${SHELL} /home/alexey/development/cpp_projects/keggle_santa/libs/Cbc-2.9.7/Cbc/missing --run automake-1.9'
AUX_DIR=''
AWK='mawk'
BUILDTOOLSDIR=''
CBCGENERIC_CFLAGS='-I/home/alexey/development/cpp_projects/keggle_santa/libs/Cbc-2.9.7/Clp/src/OsiClp -I/home/alexey/development/cpp_projects/keggle_santa/libs/Cbc-2.9.7/Clp/src -I/home/alexey/development/cpp_projects/keggle_santa/libs/Cbc-2.9.7/Osi/src/Osi -I/home/alexey/development/cpp_projects/keggle_santa/libs/Cbc-2.9.7/CoinUtils/src   -I/home/alexey/development/cpp_projects/keggle_santa/libs/Cbc-2.9.7/Cgl/src -I/home/alexey/development/cpp_projects/keggle_santa/libs/Cbc-2.9.7/Cgl/src/CglAllDifferent -I/home/alexey/development/cpp_projects/keggle_santa/libs/Cbc-2.9.7/Cgl/src/CglClique -I/home/alexey/development/cpp_projects/keggle_santa/libs/Cbc-2.9.7/Cgl/src/CglDuplicateRow -I/home/alexey/development/cpp_projects/keggle_santa/libs/Cbc-2.9.7/Cgl/src/CglFlowCover -I/home/alexey/development/cpp_projects/keggle_santa/libs/Cbc-2.9.7/Cgl/src/CglGMI -I/home/alexey/development/cpp_projects/keggle_santa/libs/Cbc-2.9.7/Cgl/src/CglGomory -I/home/alexey/development/cpp_projects/keggle_santa/libs/Cbc-2.9.7/Cgl/src/CglKnapsackCover -I/home/alexey/development/cpp_projects/keggle_santa/libs/Cbc-2.9.7/Cgl/src/CglLandP -I/home/alexey/development/cpp_projects/keggle_santa/libs/Cbc-2.9.7/Cgl/src/CglLiftAndProject -I/home/alexey/development/cpp_projects/keggle_santa/libs/Cbc-2.9.7/Cgl/src/CglMixedIntegerRounding -I/home/alexey/development/cpp_projects/keggle_santa/libs/Cbc-2.9.7/Cgl/src/CglMixedIntegerRounding2 -I/home/alexey/development/cpp_projects/keggle_santa/libs/Cbc-2.9.7/Cgl/src/CglOddHole -I/home/alexey/development/cpp_projects/keggle_santa/libs/Cbc-2.9.7/Cgl/src/CglPreProcess -I/home/alexey/development/cpp_projects/keggle_santa/libs/Cbc-2.9.7/Cgl/src/CglProbing -I/home/alexey/development/cpp_projects/keggle_santa/libs/Cbc-2.9.7/Cgl/src/CglRedSplit -I/home/alexey/development/cpp_projects/keggle_santa/libs/Cbc-2.9.7/Cgl/src/CglRedSplit2 -I/home/alexey/development/cpp_projects/keggle_santa/libs/Cbc-2.9.7/Cgl/src/CglResidualCapacity -I/home/alexey/development/cpp_projects/keggle_santa/libs/Cbc-2.9.7/Cgl/src/CglSimpleRounding -I/home/alexey/development/cpp_projects/keggle_santa/libs/Cbc-2.9.7/Cgl/src/CglTwomir -I/home/alexey/development/cpp_projects/keggle_santa/libs/Cbc-2.9.7/Cgl/src/CglZeroHalf -I/home/alexey/development/cpp_projects/keggle_santa/libs/Cbc-2.9.7/Clp/src/OsiClp -I/home/alexey/development/cpp_projects/keggle_santa/libs/Cbc-2.9.7/Clp/src -I/home/alexey/development/cpp_projects/keggle_santa/libs/Cbc-2.9.7/Osi/src/Osi -I/home/alexey/development/cpp_projects/keggle_santa/libs/Cbc-2.9.7/CoinUtils/src   '
CBCGENERIC_CFLAGS_INSTALLED=''
CBCGENERIC_DEPENDENCIES=' /home/alexey/development/cpp_projects/keggle_santa/libs/Cbc-2.9.7/Clp/src/OsiClp/libOsiClp.la /home/alexey/development/cpp_projects/keggle_santa/libs/Cbc-2.9.7/Clp/src/libClpSolver.la /home/alexey/development/cpp_projects/keggle_santa/libs/Cbc-2.9.7/Clp/src/libClp.la /home/alexey/development/cpp_projects/keggle_santa/libs/Cbc-2.9.7/Osi/src/Osi/libOsi.la /home/alexey/development/cpp_projects/keggle_santa/libs/Cbc-2.9.7/CoinUtils/src/libCoinUtils.la   /home/alexey/development/cpp_projects/keggle_santa/libs/Cbc-2.9.7/Cgl/src/libCgl.la /home/alexey/development/cpp_projects/keggle_santa/libs/Cbc-2.9.7/Clp/src/OsiClp/libOsiClp.la /home/alexey/development/cpp_projects/keggle_santa/libs/Cbc-2.9.7/Clp/src/libClpSolver.la /home/alexey/development/cpp_projects/keggle_santa/libs/Cbc-2.9.7/Clp/src/libClp.la /home/alexey/development/cpp_projects/keggle_santa/libs/Cbc-2.9.7/Osi/src/Osi/libOsi.la /home/alexey/development/cpp_projects/keggle_santa/libs/Cbc-2.9.7/CoinUtils/src/libCoinUtils.la    '
CBCGENERIC_LIBS='/home/alexey/development/cpp_projects/keggle_santa/libs/Cbc-2.9.7/Clp/src/OsiClp/libOsiClp.la /home/alexey/development/cpp_projects/keggle_santa/libs/Cbc-2.9.7/Clp/src/libClpSolver.la /home/alexey/development/cpp_projects/keggle_santa/libs/Cbc-2.9.7/Clp/src/libClp.la /home/alexey/development/cpp_projects/keggle_santa/libs/Cbc-2.9.7/Osi/src/Osi/libOsi.la /home/alexey/development/cpp_projects/keggle_santa/libs/Cbc-2.9.7/CoinUtils/src/libCoinUtils.la -lbz2 -lz -llapack -lblas -lm   /home/alexey/development/cpp_projects/keggle_santa/libs/Cbc-2.9.7/Cgl/src/libCgl.la /home/alexey/development/cpp_projects/keggle_santa/libs/Cbc-2.9.7/Clp/src/OsiClp/libOsiClp.la /home/alexey/development/cpp_projects/keggle_santa/libs/Cbc-2.9.7/Clp/src/libClpSolver.la /home/alexey/development/cpp_projects/keggle_santa/libs/Cbc-2.9.7/Clp/src/libClp.la /home/alexey/development/cpp_projects/keggle_santa/libs/Cbc-2.9.7/Osi/src/Osi/libOsi.la /home/alexey/development/cpp_projects/keggle_santa/libs/Cbc-2.9.7/CoinUtils/src/libCoinUtils.la -lbz2 -lz -llapack -lblas -lm   '
CBCGENERIC_LIBS_INSTALLED=''
CBCGENERIC_PCLIBS=''
CBCGENERIC_PCREQUIRES='osi-clp cgl osi coinutils '
CBCLIB_CFLAGS='-I/home/alexey/development/cpp_projects/keggle_santa/libs/Cbc-2.9.7/Clp/src/OsiClp -I/home/alexey/development/cpp_projects/keggle_santa/libs/Cbc-2.9.7/Clp/src -I/home/alexey/development/cpp_projects/keggle_santa/libs/Cbc-2.9.7/Osi/src/Osi -I/home/alexey/development/cpp_projects/keggle_santa/libs/Cbc-2.9.7/CoinUtils/src   -I/home/alexey/development/cpp_projects/keggle_santa/libs/Cbc-2.9.7/Cgl/src -I/home/alexey/development/cpp_projects/keggle_santa/libs/Cbc-2.9.7/Cgl/src/CglAllDifferent -I/home/alexey/development/cpp_projects/keggle_santa/libs/Cbc-2.9.7/Cgl/src/CglClique -I/home/alexey/development/cpp_projects/keggle_santa/libs/Cbc-2.9.7/Cgl/src/CglDuplicateRow -I/home/alexey/development/cpp_projects/keggle_santa/libs/Cbc-2.9.7/Cgl/src/CglFlowCover -I/home/alexey/development/cpp_projects/keggle_santa/libs/Cbc-2.9.7/Cgl/src/CglGMI -I/home/alexey/development/cpp_projects/keggle_santa/libs/Cbc-2.9.7/Cgl/src/CglGomory -I/home/alexey/development/cpp_projects/keggle_santa/libs/Cbc-2.9.7/Cgl/src/CglKnapsackCover -I/home/alexey/development/cpp_projects/keggle_santa/libs/Cbc-2.9.7/Cgl/src/CglLandP -I/home/alexey/development/cpp_projects/keggle_santa/libs/Cbc-2.9.7/Cgl/src/CglLiftAndProject -I/home/alexey/development/cpp_projects/keggle_santa/libs/Cbc-2.9.7/Cgl/src/CglMixedIntegerRounding -I/home/alexey/development/cpp_projects/keggle_santa/libs/Cbc-2.9.7/Cgl/src/CglMixedIntegerRounding2 -I/home/alexey/development/cpp_projects/keggle_santa/libs/Cbc-2.9.7/Cgl/src/CglOddHole -I/home/alexey/development/cpp_projects/keggle_santa/libs/Cbc-2.9.7/Cgl/src/CglPreProcess -I/home/alexey/development/cpp_projects/keggle_santa/libs/Cbc-2.9.7/Cgl/src/CglProbing -I/home/alexey/development/cpp_projects/keggle_santa/libs/Cbc-2.9.7/Cgl/src/CglRedSplit -I/home/alexey/development/cpp_projects/keggle_santa/libs/Cbc-2.9.7/Cgl/src/CglRedSplit2 -I/home/alexey/development/cpp_projects/keggle_santa/libs/Cbc-2.9.7/Cgl/src/CglResidualCapacity -I/home/alexey/development/cpp_projects/keggle_santa/libs/Cbc-2.9.7/Cgl/src/CglSimpleRounding -I/home/alexey/development/cpp_projects/keggle_santa/libs/Cbc-2.9.7/Cgl/src/CglTwomir -I/home/alexey/development/cpp_projects/keggle_santa/libs/Cbc-2.9.7/Cgl/src/CglZeroHalf -I/home/alexey/development/cpp_projects/keggle_santa/libs/Cbc-2.9.7/Clp/src/OsiClp -I/home/alexey/development/cpp_projects/keggle_santa/libs/Cbc-2.9.7/Clp/src -I/home/alexey/development/cpp_projects/keggle_santa/libs/Cbc-2.9.7/Osi/src/Osi -I/home/alexey/development/cpp_projects/keggle_santa/libs/Cbc-2.9.7/CoinUtils/src   '
CBCLIB_CFLAGS_INSTALLED=''
CBCLIB_DEPENDENCIES=' /home/alexey/development/cpp_projects/keggle_santa/libs/Cbc-2.9.7/Clp/src/OsiClp/libOsiClp.la /home/alexey/development/cpp_projects/keggle_santa/libs/Cbc-2.9.7/Clp/src/libClpSolver.la /home/alexey/development/cpp_projects/keggle_santa/libs/Cbc-2.9.7/Clp/src/libClp.la /home/alexey/development/cpp_projects/keggle_santa/libs/Cbc-2.9.7/Osi/src/Osi/libOsi.la /home/alexey/development/cpp_projects/keggle_santa/libs/Cbc-2.9.7/CoinUtils/src/libCoinUtils.la   /home/alexey/development/cpp_projects/keggle_santa/libs/Cbc-2.9.7/Cgl/src/libCgl.la /home/alexey/development/cpp_projects/keggle_santa/libs/Cbc-2.9.7/Clp/src/OsiClp/libOsiClp.la /home/alexey/development/cpp_projects/keggle_santa/libs/Cbc-2.9.7/Clp/src/libClpSolver.la /home/alexey/development/cpp_projects/keggle_santa/libs/Cbc-2.9.7/Clp/src/libClp.la /home/alexey/development/cpp_projects/keggle_santa/libs/Cbc-2.9.7/Osi/src/Osi/libOsi.la /home/alexey/development/cpp_projects/keggle_santa/libs/Cbc-2.9.7/CoinUtils/src/libCoinUtils.la    '
CBCLIB_LIBS='/home/alexey/development/cpp_projects/keggle_santa/libs/Cbc-2.9.7/Clp/src/OsiClp/libOsiClp.la /home/alexey/development/cpp_projects/keggle_santa/libs/Cbc-2.9.7/Clp/src/libClpSolver.la /home/alexey/development/cpp_projects/keggle_santa/libs/Cbc-2.9.7/Clp/src/libClp.la /home/alexey/development/cpp_projects/keggle_santa/libs/Cbc-2.9.7/Osi/src/Osi/libOsi.la /home/alexey/development/cpp_projects/keggle_santa/libs/Cbc-2.9.7/CoinUtils/src/libCoinUtils.la -lbz2 -lz -llapack -lblas -lm   /home/alexey/development/cpp_projects/keggle_santa/libs/Cbc-2.9.7/Cgl/src/libCgl.la /home/alexey/development/cpp_projects/keggle_santa/libs/Cbc-2.9.7/Clp/src/OsiClp/libOsiClp.la /home/alexey/development/cpp_projects/keggle_santa/libs/Cbc-2.9.7/Clp/src/libClpSolver.la /home/alexey/development/cpp_projects/keggle_santa/libs/Cbc-2.9.7/Clp/src/libClp.la /home/alexey/development/cpp_projects/keggle_santa/libs/Cbc-2.9.7/Osi/src/Osi/libOsi.la /home/alexey/development/cpp_projects/keggle_santa/libs/Cbc-2.9.7/CoinUtils/src/libCoinUtils.la -lbz2 -lz -llapack -lblas -lm   '
CBCLIB_LIBS_INSTALLED=''
CBCLIB_PCLIBS=''
CBCLIB_PCREQUIRES='osi-clp cgl osi coinutils '
CBC_BUILD_CBC_GENERIC_FALSE=''
CBC_BUILD_CBC_GENERIC_TRUE='#'
CBC_SVN_REV=''
CC='gcc'
CCDEPMODE='depmode=gcc3'
CDEFS=''
CFLAGS='-O3 -pipe -DNDEBUG -pedantic-errors -Wimplicit -Wparentheses -Wsequence-point -Wreturn-type -Wcast-qual -Wall -Wno-unknown-pragmas -Wno-long-long   -DCBC_BUILD'
CLP_CFLAGS='-I/home/alexey/development/cpp_projects/keggle_santa/libs/Cbc-2.9.7/Clp/src/OsiClp -I/home/alexey/development/cpp_projects/keggle_santa/libs/Cbc-2.9.7/Clp/src -I/home/alexey/development/cpp_projects/keggle_santa/libs/Cbc-2.9.7/Osi/src/Osi -I/home/alexey/development/cpp_projects/keggle_santa/libs/Cbc-2.9.7/CoinUtils/src  '
CLP_CFLAGS_INSTALLED=''
CLP_DATA=''
CLP_DATA_INSTALLED=''
CLP_DEPENDENCIES=' /home/alexey/development/cpp_projects/keggle_santa/libs/Cbc-2.9.7/Clp/src/OsiClp/libOsiClp.la /home/alexey/development/cpp_projects/keggle_santa/libs/Cbc-2.9.7/Clp/src/libClpSolver.la /home/alexey/development/cpp_projects/keggle_santa/libs/Cbc-2.9.7/Clp/src/libClp.la /home/alexey/development/cpp_projects/keggle_santa/libs/Cbc-2.9.7/Osi/src/Osi/libOsi.la /home/alexey/development/cpp_projects/keggle_santa/libs/Cbc-2.9.7/CoinUtils/src/libCoinUtils.la  '
CLP_LIBS='/home/alexey/development/cpp_projects/keggle_santa/libs/Cbc-2.9.7/Clp/src/OsiClp/libOsiClp.la /home/alexey/development/cpp_projects/keggle_santa/libs/Cbc-2.9.7/Clp/src/libClpSolver.la /home/alexey/development/cpp_projects/keggle_santa/libs/Cbc-2.9.7/Clp/src/libClp.la /home/alexey/development/cpp_projects/keggle_santa/libs/Cbc-2.9.7/Osi/src/Osi/libOsi.la /home/alexey/development/cpp_projects/keggle_santa/libs/Cbc-2.9.7/CoinUtils/src/libCoinUtils.la -lbz2 -lz -llapack -lblas -lm  '
CLP_LIBS_INSTALLED=''
COINDEPEND_CFLAGS='-I/home/alexey/development/cpp_projects/keggle_santa/libs/Cbc-2.9.7/Cgl/src -I/home/alexey/development/cpp_projects/keggle_santa/libs/Cbc-2.9.7/Cgl/src/CglAllDifferent -I/home/alexey/development/cpp_projects/keggle_santa/libs/Cbc-2.9.7/Cgl/src/CglClique -I/home/alexey/development/cpp_projects/keggle_santa/libs/Cbc-2.9.7/Cgl/src/CglDuplicateRow -I/home/alexey/development/cpp_projects/keggle_santa/libs/Cbc-2.9.7/Cgl/src/CglFlowCover -I/home/alexey/development/cpp_projects/keggle_santa/libs/Cbc-2.9.7/Cgl/src/CglGMI -I/home/alexey/development/cpp_projects/keggle_santa/libs/Cbc-2.9.7/Cgl/src/CglGomory -I/home/alexey/development/cpp_projects/keggle_santa/libs/Cbc-2.9.7/Cgl/src/CglKnapsackCover -I/home/alexey/development/cpp_projects/keggle_santa/libs/Cbc-2.9.7/Cgl/src/CglLandP -I/home/alexey/development/cpp_projects/keggle_santa/libs/Cbc-2.9.7/Cgl/src/CglLiftAndProject -I/home/alexey/development/cpp_projects/keggle_santa/libs/Cbc-2.9.7/Cgl/src/CglMixedIntegerRounding -I/home/alexey/development/cpp_projects/keggle_santa/libs/Cbc-2.9.7/Cgl/src/CglMixedIntegerRounding2 -I/home/alexey/development/cpp_projects/keggle_santa/libs/Cbc-2.9.7/Cgl/src/CglOddHole -I/home/alexey/development/cpp_projects/keggle_santa/libs/Cbc-2.9.7/Cgl/src/CglPreProcess -I/home/alexey/development/cpp_projects/keggle_santa/libs/Cbc-2.9.7/Cgl/src/CglProbing -I/home/alexey/development/cpp_projects/keggle_santa/libs/Cbc-2.9.7/Cgl/src/CglRedSplit -I/home/alexey/development/cpp_projects/keggle_santa/libs/Cbc-2.9.7/Cgl/src/CglRedSplit2 -I/home/alexey/development/cpp_projects/keggle_santa/libs/Cbc-2.9.7/Cgl/src/CglResidualCapacity -I/home/alexey/development/cpp_projects/keggle_santa/libs/Cbc-2.9.7/Cgl/src/CglSimpleRounding -I/home/alexey/development/cpp_projects/keggle_santa/libs/Cbc-2.9.7/Cgl/src/CglTwomir -I/home/alexey/development/cpp_projects/keggle_santa/libs/Cbc-2.9.7/Cgl/src/CglZeroHalf -I/home/alexey/development/cpp_projects/keggle_santa/libs/Cbc-2.9.7/Clp/src/OsiClp -I/home/alexey/development/cpp_projects/keggle_santa/libs/Cbc-2.9.7/Clp/src -I/home/alexey/development/cpp_projects/keggle_santa/libs/Cbc-2.9.7/Osi/src/Osi -I/home/alexey/development/cpp_projects/keggle_santa/libs/Cbc-2.9.7/CoinUtils/src  '
COINDEPEND_CFLAGS_INSTALLED=''
COINDEPEND_DATA=''
COINDEPEND_DATA_INSTALLED=''
COINDEPEND_DEPENDENCIES=' /home/alexey/development/cpp_projects/keggle_santa/libs/Cbc-2.9.7/Cgl/src/libCgl.la /home/alexey/development/cpp_projects/keggle_santa/libs/Cbc-2.9.7/Clp/src/OsiClp/libOsiClp.la /home/alexey/development/cpp_projects/keggle_santa/libs/Cbc-2.9.7/Clp/src/libClpSolver.la /home/alexey/development/cpp_projects/keggle_santa/libs/Cbc-2.9.7/Clp/src/libClp.la /home/alexey/development/cpp_projects/keggle_santa/libs/Cbc-2.9.7/Osi/src/Osi/libOsi.la /home/alexey/development/cpp_projects/keggle_santa/libs/Cbc-2.9.7/CoinUtils/src/libCoinUtils.la  '
COINDEPEND_LIBS='/home/alexey/development/cpp_projects/keggle_santa/libs/Cbc-2.9.7/Cgl/src/libCgl.la /home/alexey/development/cpp_projects/keggle_santa/libs/Cbc-2.9.7/Clp/src/OsiClp/libOsiClp.la /home/alexey/development/cpp_projects/keggle_santa/libs/Cbc-2.9.7/Clp/src/libClpSolver.la /home/alexey/development/cpp_projects/keggle_santa/libs/Cbc-2.9.7/Clp/src/libClp.la /home/alexey/development/cpp_projects/keggle_santa/libs/Cbc-2.9.7/Osi/src/Osi/libOsi.la /home/alexey/development/cpp_projects/keggle_santa/libs/Cbc-2.9.7/CoinUtils/src/libCoinUtils.la -lbz2 -lz -llapack -lblas -lm  '
COINDEPEND_LIBS_INSTALLED=''
COIN_CC_IS_CL_FALSE=''
COIN_CC_IS_CL_TRUE='#'
COIN_CXX_IS_CL_FALSE=''
COIN_CXX_IS_CL_TRUE='#'
COIN_HAS_ASL_FALSE=''
COIN_HAS_ASL_TRUE='#'
COIN_HAS_CLP_FALSE='#'
COIN_HAS_CLP_TRUE=''
COIN_HAS_COINDEPEND_FALSE='#'
COIN_HAS_COINDEPEND_TRUE=''
COIN_HAS_CPX_FALSE=''
COIN_HAS_CPX_TRUE='#'
COIN_HAS_DOXYGEN_FALSE=''
COIN_HAS_DOXYGEN_TRUE='#'
COIN_HAS_DYLP_FALSE=''
COIN_HAS_DYLP_TRUE='#'
COIN_HAS_GLPK_FALSE=''
COIN_HAS_GLPK_TRUE='#'
COIN_HAS_GRB_FALSE=''
COIN_HAS_GRB_TRUE='#'
COIN_HAS_LATEX_FALSE=''
COIN_HAS_LATEX_TRUE='#'
COIN_HAS_MIPLIB3_FALSE='#'
COIN_HAS_MIPLIB3_TRUE=''
COIN_HAS_MSK_FALSE=''
COIN_HAS_MSK_TRUE='#'
COIN_HAS_NETLIB_FALSE=''
COIN_HAS_NETLIB_TRUE='#'
COIN_HAS_NTY_FALSE=''
COIN_HAS_NTY_TRUE='#'
COIN_HAS_OSITESTS_FALSE='#'
COIN_HAS_OSITESTS_TRUE=''
COIN_HAS_PKGCONFIG_FALSE='#'
COIN_HAS_PKGCONFIG_TRUE=''
COIN_HAS_SAMPLE_FALSE='#'
COIN_HAS_SAMPLE_TRUE=''
COIN_HAS_SPX_FALSE=''
COIN_HAS_SPX_TRUE='#'
COIN_HAS_VOL_FALSE=''
COIN_HAS_VOL_TRUE='#'
COIN_HAS_XPR_FALSE=''
COIN_HAS_XPR_TRUE='#'
COIN_PKG_CONFIG_PATH='/home/alexey/development/cpp_projects/keggle_santa/libs/Cbc-2.9.7/lib64/pkgconfig:/home/alexey/development/cpp_projects/keggle_santa/libs/Cbc-2.9.7/lib/pkgconfig:/home/alexey/development/cpp_projects/keggle_santa/libs/Cbc-2.9.7/share/pkgconfig:'
COIN_PKG_CONFIG_PATH_UNINSTALLED='/home/alexey/development/cpp_projects/keggle_santa/libs/Cbc-2.9.7/Cbc:/home/alexey/development/cpp_projects/keggle_santa/libs/Cbc-2.9.7/Cgl:/home/alexey/development/cpp_projects/keggle_santa/libs/Cbc-2.9.7/Clp:/home/alexey/development/cpp_projects/keggle_santa/libs/Cbc-2.9.7/Osi:/home/alexey/development/cpp_projects/keggle_santa/libs/Cbc-2.9.7/CoinUtils:/home/alexey/development/cpp_projects/keggle_santa/libs/Cbc-2.9.7/Data/miplib3:/home/alexey/development/cpp_projects/keggle_santa/libs/Cbc-2.9.7/Data/Sample:'
CPP='gcc -E'
CPPFLAGS=''
CPX_CFLAGS=''
CPX_CFLAGS_INSTALLED=''
CPX_DATA=''
CPX_DATA_INSTALLED=''
CPX_DEPENDENCIES=''
CPX_LIBS=''
CPX_LIBS_INSTALLED=''
CXX='g++'
CXXCPP='g++ -E'
CXXDEFS=''
CXXDEPMODE='depmode=gcc3'
CXXFLAGS='-O3 -pipe -DNDEBUG -pedantic-errors -Wparentheses -Wreturn-type -Wcast-qual -Wall -Wpointer-arith -Wwrite-strings -Wconversion -Wno-unknown-pragmas -Wno-long-long   -DCBC_BUILD'
CYGPATH_W='echo'
DBG_CFLAGS='-g -O0 -pipe -pedantic-errors -Wimplicit -Wparentheses -Wsequence-point -Wreturn-type -Wcast-qual -Wall -Wno-unknown-pragmas -Wno-long-long  '
DBG_CXXFLAGS='-g -O0 -pipe -pedantic-errors -Wparentheses -Wreturn-type -Wcast-qual -Wall -Wpointer-arith -Wwrite-strings -Wconversion -Wno-unknown-pragmas -Wno-long-long  '
DEFS='-DHAVE_CONFIG_H'
DEPDIR='.deps'
DEPENDENCY_LINKING_FALSE='#'
DEPENDENCY_LINKING_TRUE=''
DYLP_CFLAGS=''
DYLP_CFLAGS_INSTALLED=''
DYLP_DATA=''
DYLP_DATA_INSTALLED=''
DYLP_DEPENDENCIES=''
DYLP_LIBS=''
DYLP_LIBS_INSTALLED=''
ECHO='echo'
ECHO_C=''
ECHO_N='-n'
ECHO_T=''
EGREP='grep -E'
EXEEXT=''
F77=''
FFLAGS=''
GLPK_CFLAGS=''
GLPK_CFLAGS_INSTALLED=''
GLPK_DATA=''
GLPK_DATA_INSTALLED=''
GLPK_DEPENDENCIES=''
GLPK_LIBS=''
GLPK_LIBS_INSTALLED=''
GRB_CFLAGS=''
GRB_CFLAGS_INSTALLED=''
GRB_DATA=''
GRB_DATA_INSTALLED=''
GRB_DEPENDENCIES=''
GRB_LIBS=''
GRB_LIBS_INSTALLED=''
HAVE_EXTERNALS_FALSE=''
HAVE_EXTERNALS_TRUE='#'
INSTALL_DATA='${INSTALL} -m 644'
INSTALL_PROGRAM='${INSTALL}'
INSTALL_SCRIPT='${INSTALL}'
INSTALL_STRIP_PROGRAM='${SHELL} $(install_sh) -c -s'
LDFLAGS=''
LIBEXT='a'
LIBOBJS=''
LIBS=''
LIBTOOL='$(SHELL) $(top_builddir)/../libtool'
LIBTOOLM4=''
LN_S='ln -s'
LTLIBOBJS=''
LT_LDFLAGS='-no-undefined -version-info 12:7:9'
MAINT='#'
MAINTAINER_MODE_FALSE=''
MAINTAINER_MODE_TRUE='#'
MAKEINFO='${SHELL} /home/alexey/development/cpp_projects/keggle_santa/libs/Cbc-2.9.7/Cbc/missing --run makeinfo'
MIPLIB3_CFLAGS=' '
MIPLIB3_CFLAGS_INSTALLED=''
MIPLIB3_DATA='/home/alexey/development/cpp_projects/keggle_santa/libs/Cbc-2.9.7/Data/miplib3'
MIPLIB3_DATA_INSTALLED=''
MIPLIB3_DEPENDENCIES='  '
MIPLIB3_LIBS=' '
MIPLIB3_LIBS_INSTALLED=''
MPICC=''
MPICXX=''
MSK_CFLAGS=''
MSK_CFLAGS_INSTALLED=''
MSK_DATA=''
MSK_DATA_INSTALLED=''
MSK_DEPENDENCIES=''
MSK_LIBS=''
MSK_LIBS_INSTALLED=''
NETLIB_CFLAGS=''
NETLIB_CFLAGS_INSTALLED=''
NETLIB_DATA=''
NETLIB_DATA_INSTALLED=''
NETLIB_DEPENDENCIES=''
NETLIB_LIBS=''
NETLIB_LIBS_INSTALLED=''
NTYINCDIR=''
NTYLIB=''
OBJEXT='o'
OPT_CFLAGS='-O3 -pipe -DNDEBUG -pedantic-errors -Wimplicit -Wparentheses -Wsequence-point -Wreturn-type -Wcast-qual -Wall -Wno-unknown-pragmas -Wno-long-long  '
OPT_CXXFLAGS='-O3 -pipe -DNDEBUG -pedantic-errors -Wparentheses -Wreturn-type -Wcast-qual -Wall -Wpointer-arith -Wwrite-strings -Wconversion -Wno-unknown-pragmas -Wno-long-long  '
OSICBC_DFLT_SOLVER_CLP_FALSE='#'
OSICBC_DFLT_SOLVER_CLP_TRUE=''
OSICBC_DFLT_SOLVER_CPX_FALSE=''
OSICBC_DFLT_SOLVER_CPX_TRUE='#'
OSICBC_DFLT_SOLVER_DYLP_FALSE=''
OSICBC_DFLT_SOLVER_DYLP_TRUE='#'
OSICBC_DFLT_SOLVER_GLPK_FALSE=''
OSICBC_DFLT_SOLVER_GLPK_TRUE='#'
OSICBC_DFLT_SOLVER_GRB_FALSE=''
OSICBC_DFLT_SOLVER_GRB_TRUE='#'
OSICBC_DFLT_SOLVER_MSK_FALSE=''
OSICBC_DFLT_SOLVER_MSK_TRUE='#'
OSICBC_DFLT_SOLVER_SPX_FALSE=''
OSICBC_DFLT_SOLVER_SPX_TRUE='#'
OSICBC_DFLT_SOLVER_SYM_FALSE=''
OSICBC_DFLT_SOLVER_SYM_TRUE='#'
OSICBC_DFLT_SOLVER_VOL_FALSE=''
OSICBC_DFLT_SOLVER_VOL_TRUE='#'
OSICBC_DFLT_SOLVER_XPR_FALSE=''
OSICBC_DFLT_SOLVER_XPR_TRUE='#'
OSITESTS_CFLAGS='-I/home/alexey/development/cpp_projects/keggle_santa/libs/Cbc-2.9.7/Osi/src/OsiCommonTest -I/home/alexey/development/cpp_projects/keggle_santa/libs/Cbc-2.9.7/Osi/src/Osi -I/home/alexey/development/cpp_projects/keggle_santa/libs/Cbc-2.9.7/CoinUtils/src  '
OSITESTS_CFLAGS_INSTALLED=''
OSITESTS_DATA=''
OSITESTS_DATA_INSTALLED=''
OSITESTS_DEPENDENCIES=' /home/alexey/development/cpp_projects/keggle_santa/libs/Cbc-2.9.7/Osi/src/OsiCommonTest/libOsiCommonTests.la /home/alexey/development/cpp_projects/keggle_santa/libs/Cbc-2.9.7/Osi/src/Osi/libOsi.la /home/alexey/development/cpp_projects/keggle_santa/libs/Cbc-2.9.7/CoinUtils/src/libCoinUtils.la  '
OSITESTS_LIBS='/home/alexey/development/cpp_projects/keggle_santa/libs/Cbc-2.9.7/Osi/src/OsiCommonTest/libOsiCommonTests.la /home/alexey/development/cpp_projects/keggle_santa/libs/Cbc-2.9.7/Osi/src/Osi/libOsi.la /home/alexey/development/cpp_projects/keggle_santa/libs/Cbc-2.9.7/CoinUtils/src/libCoinUtils.la -lbz2 -lz -llapack -lblas -lm  '
OSITESTS_LIBS_INSTALLED=''
PACKAGE='cbc'
PACKAGE_BUGREPORT='cbc@lists.coin-or.org'
PACKAGE_NAME='Cbc'
PACKAGE_STRING='Cbc 2.9.7'
PACKAGE_TARNAME='cbc'
PACKAGE_VERSION='2.9.7'
PATH_SEPARATOR=':'
PKG_CONFIG='pkg-config'
RANLIB='ranlib'
RPATH_FLAGS=' -Wl,--rpath -Wl,/home/alexey/development/cpp_projects/keggle_santa/libs/Cbc-2.9.7/lib'
SAMPLE_CFLAGS=' '
SAMPLE_CFLAGS_INSTALLED=''
SAMPLE_DATA='/home/alexey/development/cpp_projects/keggle_santa/libs/Cbc-2.9.7/Data/Sample'
SAMPLE_DATA_INSTALLED=''
SAMPLE_DEPENDENCIES='  '
SAMPLE_LIBS=' '
SAMPLE_LIBS_INSTALLED=''
SET_MAKE=''
SHELL='/bin/bash'
SPX_CFLAGS=''
SPX_CFLAGS_INSTALLED=''
SPX_DATA=''
SPX_DATA_INSTALLED=''
SPX_DEPENDENCIES=''
SPX_LIBS=''
SPX_LIBS_INSTALLED=''
STRIP='strip'
VERSION='2.9.7'
VOL_CFLAGS=''
VOL_CFLAGS_INSTALLED=''
VOL_DATA=''
VOL_DATA_INSTALLED=''
VOL_DEPENDENCIES=''
VOL_LIBS=''
VOL_LIBS_INSTALLED=''
VPATH_DISTCLEANFILES=''
XPR_CFLAGS=''
XPR_CFLAGS_INSTALLED=''
XPR_DATA=''
XPR_DATA_INSTALLED=''
XPR_DEPENDENCIES=''
XPR_LIBS=''
XPR_LIBS_INSTALLED=''
abs_bin_dir='/home/alexey/development/cpp_projects/keggle_santa/libs/Cbc-2.9.7/bin'
abs_include_dir='/home/alexey/development/cpp_projects/keggle_santa/libs/Cbc-2.9.7/include'
abs_lib_dir='/home/alexey/development/cpp_projects/keggle_santa/libs/Cbc-2.9.7/lib'
abs_source_dir='/home/alexey/development/cpp_projects/keggle_santa/libs/Cbc-2.9.7/Cbc'
ac_c_preproc_warn_flag=''
ac_ct_AR='ar'
ac_ct_CC='gcc'
ac_ct_CXX='g++'
ac_ct_F77=''
ac_ct_PKG_CONFIG='pkg-config'
ac_ct_RANLIB='ranlib'
ac_ct_STRIP='strip'
ac_cxx_preproc_warn_flag=''
am__fastdepCC_FALSE='#'
am__fastdepCC_TRUE=''
am__fastdepCXX_FALSE='#'
am__fastdepCXX_TRUE=''
am__include='include'
am__leading_dot='.'
am__quote=''
am__tar='${AMTAR} chof - "$$tardir"'
am__untar='${AMTAR} xf -'
bindir='${exec_prefix}/bin'
build='x86_64-unknown-linux-gnu'
build_alias=''
build_cpu='x86_64'
build_os='linux-gnu'
build_vendor='unknown'
coin_doxy_excludes=' */CoinUtils */Osi */Clp */Cgl'
coin_doxy_logname='doxydoc/cbc_doxy.log'
coin_doxy_tagfiles=' ../CoinUtils/doxydoc/coinutils_doxy.tag=../../../CoinUtils/doxydoc/html ../Osi/doxydoc/osi_doxy.tag=../../../Osi/doxydoc/html ../Clp/doxydoc/clp_doxy.tag=../../../Clp/doxydoc/html /home/alexey/development/cpp_projects/keggle_santa/libs/Cbc-2.9.7/share/coin/doc/DyLP/doxydoc/dylp_doxy.tag=/home/alexey/development/cpp_projects/keggle_santa/libs/Cbc-2.9.7/share/coin/doc/DyLP/doxydoc/html ../Cgl/doxydoc/cgl_doxy.tag=../../../Cgl/doxydoc/html /home/alexey/development/cpp_projects/keggle_santa/libs/Cbc-2.9.7/share/coin/doc/Vol/doxydoc/vol_doxy.tag=/home/alexey/development/cpp_projects/keggle_santa/libs/Cbc-2.9.7/share/coin/doc/Vol/doxydoc/html'
coin_doxy_tagname='doxydoc/cbc_doxy.tag'
coin_doxy_usedot='NO'
coin_have_doxygen='no'
coin_have_latex='no'
datadir='${prefix}/share'
exec_prefix='${prefix}'
have_autoconf=''
have_automake=''
have_svn=''
have_svnversion='yes'
host='x86_64-unknown-linux-gnu'
host_alias=''
host_cpu='x86_64'
host_os='linux-gnu'
host_vendor='unknown'
includedir='${prefix}/include'
infodir='${prefix}/info'
install_sh='/home/alexey/development/cpp_projects/keggle_santa/libs/Cbc-2.9.7/Cbc/install-sh'
libdir='${exec_prefix}/lib'
libexecdir='${exec_prefix}/libexec'
localstatedir='${prefix}/var'
mandir='${prefix}/man'
mkdir_p='mkdir -p --'
oldincludedir='/usr/include'
prefix='/home/alexey/development/cpp_projects/keggle_santa/libs/Cbc-2.9.7'
program_transform_name='s,x,x,'
sbindir='${exec_prefix}/sbin'
sharedstatedir='${prefix}/com'
sol_cc_compiler=''
sysconfdir='${prefix}/etc'
target_alias=''

## ----------- ##
## confdefs.h. ##
## ----------- ##

#define CBC_DEFAULT_SOLVER "clp"
#define CBC_VERSION "2.9.7"
#define CBC_VERSION_MAJOR 2
#define CBC_VERSION_MINOR 9
#define CBC_VERSION_RELEASE 7
#define COIN_CBC_CHECKLEVEL 0
#define COIN_CBC_VERBOSITY 0
#define COIN_HAS_CLP 1
#define COIN_HAS_COINDEPEND 1
#define COIN_HAS_MIPLIB3 1
#define COIN_HAS_OSITESTS 1
#define COIN_HAS_SAMPLE 1
#define HAVE_CFLOAT 1
#define HAVE_CMATH 1
#define HAVE_DLFCN_H 1
#define HAVE_INTTYPES_H 1
#define HAVE_MEMORY_H 1
#define HAVE_STDINT_H 1
#define HAVE_STDLIB_H 1
#define HAVE_STRINGS_H 1
#define HAVE_STRING_H 1
#define HAVE_SYS_STAT_H 1
#define HAVE_SYS_TYPES_H 1
#define HAVE_UNISTD_H 1
#define OSICBC_DFLT_SOLVER OsiClpSolverInterface
#define OSICBC_DFLT_SOLVER_CLP 1
#define OSICBC_DFLT_SOLVER_HPP "OsiClpSolverInterface.hpp"
#define PACKAGE "cbc"
#define PACKAGE_BUGREPORT "cbc@lists.coin-or.org"
#define PACKAGE_NAME "Cbc"
#define PACKAGE_STRING "Cbc 2.9.7"
#define PACKAGE_TARNAME "cbc"
#define PACKAGE_VERSION "2.9.7"
#define STDC_HEADERS 1
#define VERSION "2.9.7"
#endif
#ifdef __cplusplus
extern "C" void exit (int) throw ();

configure: exit 0
