This file contains any messages produced by compilers while
running configure, to aid debugging if configure makes a mistake.

It was created by CoinUtils configure 2.10.11, which was
generated by GNU Autoconf 2.59.  Invocation command line was

  $ ./configure --prefix=/home/alexey/development/cpp_projects/keggle_santa/libs/Cbc-2.9.7 --cache-file=/dev/null --srcdir=.

## --------- ##
## Platform. ##
## --------- ##

hostname = alexey-linux-desktop1
uname -m = x86_64
uname -r = 3.16.0-57-generic
uname -s = Linux
uname -v = #77~14.04.1-Ubuntu SMP Thu Dec 17 23:20:00 UTC 2015

/usr/bin/uname -p = unknown
/bin/uname -X     = unknown

/bin/arch              = unknown
/usr/bin/arch -k       = unknown
/usr/convex/getsysinfo = unknown
hostinfo               = unknown
/bin/machine           = unknown
/usr/bin/oslevel       = unknown
/bin/universe          = unknown

PATH: /opt/bricsys/bricscad/v15
PATH: /usr/local/sbin
PATH: /usr/local/bin
PATH: /usr/sbin
PATH: /usr/bin
PATH: /sbin
PATH: /bin
PATH: /usr/games
PATH: /usr/local/games
PATH: /opt/bricsys/bricscad/v15


## ----------- ##
## Core tests. ##
## ----------- ##

configure:1712: checking build system type
configure:1730: result: x86_64-unknown-linux-gnu
configure:1803: checking for svnversion
configure:1819: found /usr/bin/svnversion
configure:1830: result: yes
configure:1860: checking whether we want to compile in debug mode
configure:1906: result: no
configure:2156: checking for gcc
configure:2172: found /usr/bin/gcc
configure:2182: result: gcc
configure:2203: checking for C compiler version
configure:2206: gcc --version </dev/null >&5
gcc (Ubuntu 4.9.3-8ubuntu2~14.04) 4.9.3
Copyright (C) 2015 Free Software Foundation, Inc.
This is free software; see the source for copying conditions.  There is NO
warranty; not even for MERCHANTABILITY or FITNESS FOR A PARTICULAR PURPOSE.

configure:2209: $? = 0
configure:2211: gcc -v </dev/null >&5
Using built-in specs.
COLLECT_GCC=gcc
COLLECT_LTO_WRAPPER=/usr/lib/gcc/x86_64-linux-gnu/4.9/lto-wrapper
Target: x86_64-linux-gnu
Configured with: ../src/configure -v --with-pkgversion='Ubuntu 4.9.3-8ubuntu2~14.04' --with-bugurl=file:///usr/share/doc/gcc-4.9/README.Bugs --enable-languages=c,c++,java,go,d,fortran,objc,obj-c++ --prefix=/usr --program-suffix=-4.9 --enable-shared --enable-linker-build-id --libexecdir=/usr/lib --without-included-gettext --enable-threads=posix --with-gxx-include-dir=/usr/include/c++/4.9 --libdir=/usr/lib --enable-nls --with-sysroot=/ --enable-clocale=gnu --enable-libstdcxx-debug --enable-libstdcxx-time=yes --enable-gnu-unique-object --disable-vtable-verify --enable-plugin --with-system-zlib --disable-browser-plugin --enable-java-awt=gtk --enable-gtk-cairo --with-java-home=/usr/lib/jvm/java-1.5.0-gcj-4.9-amd64/jre --enable-java-home --with-jvm-root-dir=/usr/lib/jvm/java-1.5.0-gcj-4.9-amd64 --with-jvm-jar-dir=/usr/lib/jvm-exports/java-1.5.0-gcj-4.9-amd64 --with-arch-directory=amd64 --with-ecj-jar=/usr/share/java/eclipse-ecj.jar --enable-objc-gc --enable-multiarch --disable-werror --with-arch-32=i686 --with-abi=m64 --with-multilib-list=m32,m64,mx32 --enable-multilib --with-tune=generic --enable-checking=release --build=x86_64-linux-gnu --host=x86_64-linux-gnu --target=x86_64-linux-gnu
Thread model: posix
gcc version 4.9.3 (Ubuntu 4.9.3-8ubuntu2~14.04) 
configure:2214: $? = 0
configure:2216: gcc -V </dev/null >&5
gcc: error: unrecognized command line option '-V'
gcc: fatal error: no input files
compilation terminated.
configure:2219: $? = 4
configure:2242: checking for C compiler default output file name
configure:2245: gcc    conftest.c  >&5
configure:2248: $? = 0
configure:2294: result: a.out
configure:2299: checking whether the C compiler works
configure:2305: ./a.out
configure:2308: $? = 0
configure:2325: result: yes
configure:2332: checking whether we are cross compiling
configure:2334: result: no
configure:2337: checking for suffix of executables
configure:2339: gcc -o conftest    conftest.c  >&5
configure:2342: $? = 0
configure:2367: result: 
configure:2373: checking for suffix of object files
configure:2394: gcc -c   conftest.c >&5
configure:2397: $? = 0
configure:2419: result: o
configure:2423: checking whether we are using the GNU C compiler
configure:2447: gcc -c   conftest.c >&5
configure:2453: $? = 0
configure:2457: test -z 
			 || test ! -s conftest.err
configure:2460: $? = 0
configure:2463: test -s conftest.o
configure:2466: $? = 0
configure:2479: result: yes
configure:2485: checking whether gcc accepts -g
configure:2506: gcc -c -g  conftest.c >&5
configure:2512: $? = 0
configure:2516: test -z 
			 || test ! -s conftest.err
configure:2519: $? = 0
configure:2522: test -s conftest.o
configure:2525: $? = 0
configure:2536: result: yes
configure:2553: checking for gcc option to accept ANSI C
configure:2623: gcc  -c -g -O2  conftest.c >&5
configure:2629: $? = 0
configure:2633: test -z 
			 || test ! -s conftest.err
configure:2636: $? = 0
configure:2639: test -s conftest.o
configure:2642: $? = 0
configure:2660: result: none needed
configure:2678: gcc -c -g -O2  conftest.c >&5
conftest.c:2:3: error: unknown type name 'choke'
   choke me
   ^
conftest.c:2:3: error: expected '=', ',', ';', 'asm' or '__attribute__' at end of input
configure:2684: $? = 1
configure: failed program was:
| #ifndef __cplusplus
|   choke me
| #endif
configure:3112: gcc -o conftest -O3 -pipe -DNDEBUG -pedantic-errors -Wimplicit -Wparentheses -Wsequence-point -Wreturn-type -Wcast-qual -Wall -Wno-unknown-pragmas -Wno-long-long   -DCOINUTILS_BUILD   conftest.c  >&5
configure:3118: $? = 0
configure:3122: test -z 
			 || test ! -s conftest.err
configure:3125: $? = 0
configure:3128: test -s conftest
configure:3131: $? = 0
configure:3198: C compiler options are: -O3 -pipe -DNDEBUG -pedantic-errors -Wimplicit -Wparentheses -Wsequence-point -Wreturn-type -Wcast-qual -Wall -Wno-unknown-pragmas -Wno-long-long   -DCOINUTILS_BUILD
configure:3313: checking for g++
configure:3329: found /usr/bin/g++
configure:3339: result: g++
configure:3355: checking for C++ compiler version
configure:3358: g++ --version </dev/null >&5
g++ (Ubuntu 4.9.3-8ubuntu2~14.04) 4.9.3
Copyright (C) 2015 Free Software Foundation, Inc.
This is free software; see the source for copying conditions.  There is NO
warranty; not even for MERCHANTABILITY or FITNESS FOR A PARTICULAR PURPOSE.

configure:3361: $? = 0
configure:3363: g++ -v </dev/null >&5
Using built-in specs.
COLLECT_GCC=g++
COLLECT_LTO_WRAPPER=/usr/lib/gcc/x86_64-linux-gnu/4.9/lto-wrapper
Target: x86_64-linux-gnu
Configured with: ../src/configure -v --with-pkgversion='Ubuntu 4.9.3-8ubuntu2~14.04' --with-bugurl=file:///usr/share/doc/gcc-4.9/README.Bugs --enable-languages=c,c++,java,go,d,fortran,objc,obj-c++ --prefix=/usr --program-suffix=-4.9 --enable-shared --enable-linker-build-id --libexecdir=/usr/lib --without-included-gettext --enable-threads=posix --with-gxx-include-dir=/usr/include/c++/4.9 --libdir=/usr/lib --enable-nls --with-sysroot=/ --enable-clocale=gnu --enable-libstdcxx-debug --enable-libstdcxx-time=yes --enable-gnu-unique-object --disable-vtable-verify --enable-plugin --with-system-zlib --disable-browser-plugin --enable-java-awt=gtk --enable-gtk-cairo --with-java-home=/usr/lib/jvm/java-1.5.0-gcj-4.9-amd64/jre --enable-java-home --with-jvm-root-dir=/usr/lib/jvm/java-1.5.0-gcj-4.9-amd64 --with-jvm-jar-dir=/usr/lib/jvm-exports/java-1.5.0-gcj-4.9-amd64 --with-arch-directory=amd64 --with-ecj-jar=/usr/share/java/eclipse-ecj.jar --enable-objc-gc --enable-multiarch --disable-werror --with-arch-32=i686 --with-abi=m64 --with-multilib-list=m32,m64,mx32 --enable-multilib --with-tune=generic --enable-checking=release --build=x86_64-linux-gnu --host=x86_64-linux-gnu --target=x86_64-linux-gnu
Thread model: posix
gcc version 4.9.3 (Ubuntu 4.9.3-8ubuntu2~14.04) 
configure:3366: $? = 0
configure:3368: g++ -V </dev/null >&5
g++: error: unrecognized command line option '-V'
g++: fatal error: no input files
compilation terminated.
configure:3371: $? = 4
configure:3374: checking whether we are using the GNU C++ compiler
configure:3398: g++ -c   conftest.cc >&5
configure:3404: $? = 0
configure:3408: test -z 
			 || test ! -s conftest.err
configure:3411: $? = 0
configure:3414: test -s conftest.o
configure:3417: $? = 0
configure:3430: result: yes
configure:3436: checking whether g++ accepts -g
configure:3457: g++ -c -g  conftest.cc >&5
configure:3463: $? = 0
configure:3467: test -z 
			 || test ! -s conftest.err
configure:3470: $? = 0
configure:3473: test -s conftest.o
configure:3476: $? = 0
configure:3487: result: yes
configure:3529: g++ -c -g -O2  conftest.cc >&5
configure:3535: $? = 0
configure:3539: test -z 
			 || test ! -s conftest.err
configure:3542: $? = 0
configure:3545: test -s conftest.o
configure:3548: $? = 0
configure:3574: g++ -c -g -O2  conftest.cc >&5
conftest.cc: In function 'int main()':
conftest.cc:19:9: error: 'exit' was not declared in this scope
 exit (42);
         ^
configure:3580: $? = 1
configure: failed program was:
| /* confdefs.h.  */
| 
| #define PACKAGE_NAME "CoinUtils"
| #define PACKAGE_TARNAME "coinutils"
| #define PACKAGE_VERSION "2.10.11"
| #define PACKAGE_STRING "CoinUtils 2.10.11"
| #define PACKAGE_BUGREPORT "http://projects.coin-or.org/CoinUtils"
| #define COINUTILS_VERSION "2.10.11"
| #define COINUTILS_VERSION_MAJOR 2
| #define COINUTILS_VERSION_MINOR 10
| #define COINUTILS_VERSION_RELEASE 11
| #define COIN_COINUTILS_VERBOSITY 0
| #define COIN_COINUTILS_CHECKLEVEL 0
| /* end confdefs.h.  */
| 
| int
| main ()
| {
| exit (42);
|   ;
|   return 0;
| }
configure:3529: g++ -c -g -O2  conftest.cc >&5
conftest.cc:15:40: error: 'void std::exit(int)' should have been declared inside 'std'
 extern "C" void std::exit (int) throw (); using std::exit;
                                        ^
configure:3535: $? = 1
configure: failed program was:
| /* confdefs.h.  */
| 
| #define PACKAGE_NAME "CoinUtils"
| #define PACKAGE_TARNAME "coinutils"
| #define PACKAGE_VERSION "2.10.11"
| #define PACKAGE_STRING "CoinUtils 2.10.11"
| #define PACKAGE_BUGREPORT "http://projects.coin-or.org/CoinUtils"
| #define COINUTILS_VERSION "2.10.11"
| #define COINUTILS_VERSION_MAJOR 2
| #define COINUTILS_VERSION_MINOR 10
| #define COINUTILS_VERSION_RELEASE 11
| #define COIN_COINUTILS_VERBOSITY 0
| #define COIN_COINUTILS_CHECKLEVEL 0
| /* end confdefs.h.  */
| extern "C" void std::exit (int) throw (); using std::exit;
| #include <stdlib.h>
| int
| main ()
| {
| exit (42);
|   ;
|   return 0;
| }
configure:3529: g++ -c -g -O2  conftest.cc >&5
conftest.cc:15:31: error: 'void std::exit(int)' should have been declared inside 'std'
 extern "C" void std::exit (int); using std::exit;
                               ^
In file included from conftest.cc:16:0:
/usr/include/stdlib.h:543:70: error: declaration of 'void std::exit(int) throw ()' has a different exception specifier
 extern void exit (int __status) __THROW __attribute__ ((__noreturn__));
                                                                      ^
conftest.cc:15:17: error: from previous declaration 'void std::exit(int)'
 extern "C" void std::exit (int); using std::exit;
                 ^
configure:3535: $? = 1
configure: failed program was:
| /* confdefs.h.  */
| 
| #define PACKAGE_NAME "CoinUtils"
| #define PACKAGE_TARNAME "coinutils"
| #define PACKAGE_VERSION "2.10.11"
| #define PACKAGE_STRING "CoinUtils 2.10.11"
| #define PACKAGE_BUGREPORT "http://projects.coin-or.org/CoinUtils"
| #define COINUTILS_VERSION "2.10.11"
| #define COINUTILS_VERSION_MAJOR 2
| #define COINUTILS_VERSION_MINOR 10
| #define COINUTILS_VERSION_RELEASE 11
| #define COIN_COINUTILS_VERBOSITY 0
| #define COIN_COINUTILS_CHECKLEVEL 0
| /* end confdefs.h.  */
| extern "C" void std::exit (int); using std::exit;
| #include <stdlib.h>
| int
| main ()
| {
| exit (42);
|   ;
|   return 0;
| }
configure:3529: g++ -c -g -O2  conftest.cc >&5
configure:3535: $? = 0
configure:3539: test -z 
			 || test ! -s conftest.err
configure:3542: $? = 0
configure:3545: test -s conftest.o
configure:3548: $? = 0
configure:3574: g++ -c -g -O2  conftest.cc >&5
configure:3580: $? = 0
configure:3584: test -z 
			 || test ! -s conftest.err
configure:3587: $? = 0
configure:3590: test -s conftest.o
configure:3593: $? = 0
configure:3625: checking whether C++ compiler g++ works
configure:3643: g++ -c -g -O2  conftest.cc >&5
configure:3649: $? = 0
configure:3653: test -z 
			 || test ! -s conftest.err
configure:3656: $? = 0
configure:3659: test -s conftest.o
configure:3662: $? = 0
configure:3664: result: yes
configure:3992: g++ -o conftest -O3 -pipe -DNDEBUG -pedantic-errors -Wparentheses -Wreturn-type -Wcast-qual -Wall -Wpointer-arith -Wwrite-strings -Wconversion -Wno-unknown-pragmas -Wno-long-long   -DCOINUTILS_BUILD   conftest.cc  >&5
configure:3998: $? = 0
configure:4002: test -z 
			 || test ! -s conftest.err
configure:4005: $? = 0
configure:4008: test -s conftest
configure:4011: $? = 0
configure:4078: C++ compiler options are: -O3 -pipe -DNDEBUG -pedantic-errors -Wparentheses -Wreturn-type -Wcast-qual -Wall -Wpointer-arith -Wwrite-strings -Wconversion -Wno-unknown-pragmas -Wno-long-long   -DCOINUTILS_BUILD
configure:4149: Trying to determine Fortran compiler name
configure:4198: checking for gfortran
configure:4214: found /usr/bin/gfortran
configure:4224: result: gfortran
configure:4332: checking for Fortran 77 compiler version
configure:4335: gfortran --version </dev/null >&5
GNU Fortran (Ubuntu 4.8.5-2ubuntu1~14.04.1) 4.8.5
Copyright (C) 2015 Free Software Foundation, Inc.

GNU Fortran comes with NO WARRANTY, to the extent permitted by law.
You may redistribute copies of GNU Fortran
under the terms of the GNU General Public License.
For more information about these matters, see the file named COPYING

configure:4338: $? = 0
configure:4340: gfortran -v </dev/null >&5
Using built-in specs.
COLLECT_GCC=gfortran
COLLECT_LTO_WRAPPER=/usr/lib/gcc/x86_64-linux-gnu/4.8/lto-wrapper
Target: x86_64-linux-gnu
Configured with: ../src/configure -v --with-pkgversion='Ubuntu 4.8.5-2ubuntu1~14.04.1' --with-bugurl=file:///usr/share/doc/gcc-4.8/README.Bugs --enable-languages=c,c++,java,go,d,fortran,objc,obj-c++ --prefix=/usr --program-suffix=-4.8 --enable-shared --enable-linker-build-id --libexecdir=/usr/lib --without-included-gettext --enable-threads=posix --with-gxx-include-dir=/usr/include/c++/4.8 --libdir=/usr/lib --enable-nls --with-sysroot=/ --enable-clocale=gnu --enable-libstdcxx-debug --enable-libstdcxx-time=yes --enable-gnu-unique-object --disable-libmudflap --enable-plugin --with-system-zlib --disable-browser-plugin --enable-java-awt=gtk --enable-gtk-cairo --with-java-home=/usr/lib/jvm/java-1.5.0-gcj-4.8-amd64/jre --enable-java-home --with-jvm-root-dir=/usr/lib/jvm/java-1.5.0-gcj-4.8-amd64 --with-jvm-jar-dir=/usr/lib/jvm-exports/java-1.5.0-gcj-4.8-amd64 --with-arch-directory=amd64 --with-ecj-jar=/usr/share/java/eclipse-ecj.jar --enable-objc-gc --enable-multiarch --disable-werror --with-arch-32=i686 --with-abi=m64 --with-multilib-list=m32,m64,mx32 --with-tune=generic --enable-checking=release --build=x86_64-linux-gnu --host=x86_64-linux-gnu --target=x86_64-linux-gnu
Thread model: posix
gcc version 4.8.5 (Ubuntu 4.8.5-2ubuntu1~14.04.1) 
configure:4343: $? = 0
configure:4345: gfortran -V </dev/null >&5
gfortran: error: unrecognized command line option '-V'
gfortran: fatal error: no input files
compilation terminated.
configure:4348: $? = 4
configure:4356: checking whether we are using the GNU Fortran 77 compiler
configure:4370: gfortran -c  conftest.F >&5
configure:4376: $? = 0
configure:4380: test -z 
			 || test ! -s conftest.err
configure:4383: $? = 0
configure:4386: test -s conftest.o
configure:4389: $? = 0
configure:4402: result: yes
configure:4408: checking whether gfortran accepts -g
configure:4420: gfortran -c -g conftest.f >&5
configure:4426: $? = 0
configure:4430: test -z 
			 || test ! -s conftest.err
configure:4433: $? = 0
configure:4436: test -s conftest.o
configure:4439: $? = 0
configure:4451: result: yes
configure:4686: gfortran -o conftest -O3 -pipe    conftest.f  >&5
configure:4692: $? = 0
configure:4696: test -z 
			 || test ! -s conftest.err
configure:4699: $? = 0
configure:4702: test -s conftest
configure:4705: $? = 0
configure:4763: Fortran compiler options are: -O3 -pipe  
configure:4801: checking how to get verbose linking output from gfortran
configure:4812: gfortran -c -O3 -pipe   conftest.f >&5
configure:4818: $? = 0
configure:4822: test -z 
			 || test ! -s conftest.err
configure:4825: $? = 0
configure:4828: test -s conftest.o
configure:4831: $? = 0
configure:4848: gfortran -o conftest -O3 -pipe   -v  conftest.f  >&5
Using built-in specs.
COLLECT_GCC=gfortran
COLLECT_LTO_WRAPPER=/usr/lib/gcc/x86_64-linux-gnu/4.8/lto-wrapper
Target: x86_64-linux-gnu
Configured with: ../src/configure -v --with-pkgversion='Ubuntu 4.8.5-2ubuntu1~14.04.1' --with-bugurl=file:///usr/share/doc/gcc-4.8/README.Bugs --enable-languages=c,c++,java,go,d,fortran,objc,obj-c++ --prefix=/usr --program-suffix=-4.8 --enable-shared --enable-linker-build-id --libexecdir=/usr/lib --without-included-gettext --enable-threads=posix --with-gxx-include-dir=/usr/include/c++/4.8 --libdir=/usr/lib --enable-nls --with-sysroot=/ --enable-clocale=gnu --enable-libstdcxx-debug --enable-libstdcxx-time=yes --enable-gnu-unique-object --disable-libmudflap --enable-plugin --with-system-zlib --disable-browser-plugin --enable-java-awt=gtk --enable-gtk-cairo --with-java-home=/usr/lib/jvm/java-1.5.0-gcj-4.8-amd64/jre --enable-java-home --with-jvm-root-dir=/usr/lib/jvm/java-1.5.0-gcj-4.8-amd64 --with-jvm-jar-dir=/usr/lib/jvm-exports/java-1.5.0-gcj-4.8-amd64 --with-arch-directory=amd64 --with-ecj-jar=/usr/share/java/eclipse-ecj.jar --enable-objc-gc --enable-multiarch --disable-werror --with-arch-32=i686 --with-abi=m64 --with-multilib-list=m32,m64,mx32 --with-tune=generic --enable-checking=release --build=x86_64-linux-gnu --host=x86_64-linux-gnu --target=x86_64-linux-gnu
Thread model: posix
gcc version 4.8.5 (Ubuntu 4.8.5-2ubuntu1~14.04.1) 
COLLECT_GCC_OPTIONS='-o' 'conftest' '-O3' '-pipe' '-v' '-shared-libgcc' '-mtune=generic' '-march=x86-64'
 /usr/lib/gcc/x86_64-linux-gnu/4.8/f951 conftest.f -ffixed-form -quiet -dumpbase conftest.f -mtune=generic -march=x86-64 -auxbase conftest -O3 -version -fintrinsic-modules-path /usr/lib/gcc/x86_64-linux-gnu/4.8/finclude -o - |
 as -v --64 -o /tmp/ccyJsKZm.o
GNU assembler version 2.24 (x86_64-linux-gnu) using BFD version (GNU Binutils for Ubuntu) 2.24
GNU Fortran (Ubuntu 4.8.5-2ubuntu1~14.04.1) version 4.8.5 (x86_64-linux-gnu)
	compiled by GNU C version 4.8.5, GMP version 5.1.3, MPFR version 3.1.3, MPC version 1.0.1
GGC heuristics: --param ggc-min-expand=100 --param ggc-min-heapsize=131072
GNU Fortran (Ubuntu 4.8.5-2ubuntu1~14.04.1) version 4.8.5 (x86_64-linux-gnu)
	compiled by GNU C version 4.8.5, GMP version 5.1.3, MPFR version 3.1.3, MPC version 1.0.1
GGC heuristics: --param ggc-min-expand=100 --param ggc-min-heapsize=131072
Reading specs from /usr/lib/gcc/x86_64-linux-gnu/4.8/libgfortran.spec
rename spec lib to liborig
COLLECT_GCC_OPTIONS='-o' 'conftest' '-O3' '-pipe' '-v' '-shared-libgcc' '-mtune=generic' '-march=x86-64'
COMPILER_PATH=/usr/lib/gcc/x86_64-linux-gnu/4.8/:/usr/lib/gcc/x86_64-linux-gnu/4.8/:/usr/lib/gcc/x86_64-linux-gnu/:/usr/lib/gcc/x86_64-linux-gnu/4.8/:/usr/lib/gcc/x86_64-linux-gnu/
LIBRARY_PATH=/usr/lib/gcc/x86_64-linux-gnu/4.8/:/usr/lib/gcc/x86_64-linux-gnu/4.8/../../../x86_64-linux-gnu/:/usr/lib/gcc/x86_64-linux-gnu/4.8/../../../../lib/:/lib/x86_64-linux-gnu/:/lib/../lib/:/usr/lib/x86_64-linux-gnu/:/usr/lib/../lib/:/usr/lib/gcc/x86_64-linux-gnu/4.8/../../../:/lib/:/usr/lib/
COLLECT_GCC_OPTIONS='-o' 'conftest' '-O3' '-pipe' '-v' '-shared-libgcc' '-mtune=generic' '-march=x86-64'
 /usr/lib/gcc/x86_64-linux-gnu/4.8/collect2 --sysroot=/ --build-id --eh-frame-hdr -m elf_x86_64 --hash-style=gnu --as-needed -dynamic-linker /lib64/ld-linux-x86-64.so.2 -z relro -o conftest /usr/lib/gcc/x86_64-linux-gnu/4.8/../../../x86_64-linux-gnu/crt1.o /usr/lib/gcc/x86_64-linux-gnu/4.8/../../../x86_64-linux-gnu/crti.o /usr/lib/gcc/x86_64-linux-gnu/4.8/crtbegin.o -L/usr/lib/gcc/x86_64-linux-gnu/4.8 -L/usr/lib/gcc/x86_64-linux-gnu/4.8/../../../x86_64-linux-gnu -L/usr/lib/gcc/x86_64-linux-gnu/4.8/../../../../lib -L/lib/x86_64-linux-gnu -L/lib/../lib -L/usr/lib/x86_64-linux-gnu -L/usr/lib/../lib -L/usr/lib/gcc/x86_64-linux-gnu/4.8/../../.. /tmp/ccyJsKZm.o -lgfortran -lm -lgcc_s -lgcc -lquadmath -lm -lgcc_s -lgcc -lc -lgcc_s -lgcc /usr/lib/gcc/x86_64-linux-gnu/4.8/crtend.o /usr/lib/gcc/x86_64-linux-gnu/4.8/../../../x86_64-linux-gnu/crtn.o
configure:4903: result: -v
configure:4905: checking for Fortran libraries of gfortran
configure:4926: gfortran -o conftest -O3 -pipe   -v  conftest.f  >&5
Using built-in specs.
COLLECT_GCC=gfortran
COLLECT_LTO_WRAPPER=/usr/lib/gcc/x86_64-linux-gnu/4.8/lto-wrapper
Target: x86_64-linux-gnu
Configured with: ../src/configure -v --with-pkgversion='Ubuntu 4.8.5-2ubuntu1~14.04.1' --with-bugurl=file:///usr/share/doc/gcc-4.8/README.Bugs --enable-languages=c,c++,java,go,d,fortran,objc,obj-c++ --prefix=/usr --program-suffix=-4.8 --enable-shared --enable-linker-build-id --libexecdir=/usr/lib --without-included-gettext --enable-threads=posix --with-gxx-include-dir=/usr/include/c++/4.8 --libdir=/usr/lib --enable-nls --with-sysroot=/ --enable-clocale=gnu --enable-libstdcxx-debug --enable-libstdcxx-time=yes --enable-gnu-unique-object --disable-libmudflap --enable-plugin --with-system-zlib --disable-browser-plugin --enable-java-awt=gtk --enable-gtk-cairo --with-java-home=/usr/lib/jvm/java-1.5.0-gcj-4.8-amd64/jre --enable-java-home --with-jvm-root-dir=/usr/lib/jvm/java-1.5.0-gcj-4.8-amd64 --with-jvm-jar-dir=/usr/lib/jvm-exports/java-1.5.0-gcj-4.8-amd64 --with-arch-directory=amd64 --with-ecj-jar=/usr/share/java/eclipse-ecj.jar --enable-objc-gc --enable-multiarch --disable-werror --with-arch-32=i686 --with-abi=m64 --with-multilib-list=m32,m64,mx32 --with-tune=generic --enable-checking=release --build=x86_64-linux-gnu --host=x86_64-linux-gnu --target=x86_64-linux-gnu
Thread model: posix
gcc version 4.8.5 (Ubuntu 4.8.5-2ubuntu1~14.04.1) 
COLLECT_GCC_OPTIONS='-o' 'conftest' '-O3' '-pipe' '-v' '-shared-libgcc' '-mtune=generic' '-march=x86-64'
 /usr/lib/gcc/x86_64-linux-gnu/4.8/f951 conftest.f -ffixed-form -quiet -dumpbase conftest.f -mtune=generic -march=x86-64 -auxbase conftest -O3 -version -fintrinsic-modules-path /usr/lib/gcc/x86_64-linux-gnu/4.8/finclude -o - |
 as -v --64 -o /tmp/cc9m8hFp.o
GNU assembler version 2.24 (x86_64-linux-gnu) using BFD version (GNU Binutils for Ubuntu) 2.24
GNU Fortran (Ubuntu 4.8.5-2ubuntu1~14.04.1) version 4.8.5 (x86_64-linux-gnu)
	compiled by GNU C version 4.8.5, GMP version 5.1.3, MPFR version 3.1.3, MPC version 1.0.1
GGC heuristics: --param ggc-min-expand=100 --param ggc-min-heapsize=131072
GNU Fortran (Ubuntu 4.8.5-2ubuntu1~14.04.1) version 4.8.5 (x86_64-linux-gnu)
	compiled by GNU C version 4.8.5, GMP version 5.1.3, MPFR version 3.1.3, MPC version 1.0.1
GGC heuristics: --param ggc-min-expand=100 --param ggc-min-heapsize=131072
Reading specs from /usr/lib/gcc/x86_64-linux-gnu/4.8/libgfortran.spec
rename spec lib to liborig
COLLECT_GCC_OPTIONS='-o' 'conftest' '-O3' '-pipe' '-v' '-shared-libgcc' '-mtune=generic' '-march=x86-64'
COMPILER_PATH=/usr/lib/gcc/x86_64-linux-gnu/4.8/:/usr/lib/gcc/x86_64-linux-gnu/4.8/:/usr/lib/gcc/x86_64-linux-gnu/:/usr/lib/gcc/x86_64-linux-gnu/4.8/:/usr/lib/gcc/x86_64-linux-gnu/
LIBRARY_PATH=/usr/lib/gcc/x86_64-linux-gnu/4.8/:/usr/lib/gcc/x86_64-linux-gnu/4.8/../../../x86_64-linux-gnu/:/usr/lib/gcc/x86_64-linux-gnu/4.8/../../../../lib/:/lib/x86_64-linux-gnu/:/lib/../lib/:/usr/lib/x86_64-linux-gnu/:/usr/lib/../lib/:/usr/lib/gcc/x86_64-linux-gnu/4.8/../../../:/lib/:/usr/lib/
COLLECT_GCC_OPTIONS='-o' 'conftest' '-O3' '-pipe' '-v' '-shared-libgcc' '-mtune=generic' '-march=x86-64'
 /usr/lib/gcc/x86_64-linux-gnu/4.8/collect2 --sysroot=/ --build-id --eh-frame-hdr -m elf_x86_64 --hash-style=gnu --as-needed -dynamic-linker /lib64/ld-linux-x86-64.so.2 -z relro -o conftest /usr/lib/gcc/x86_64-linux-gnu/4.8/../../../x86_64-linux-gnu/crt1.o /usr/lib/gcc/x86_64-linux-gnu/4.8/../../../x86_64-linux-gnu/crti.o /usr/lib/gcc/x86_64-linux-gnu/4.8/crtbegin.o -L/usr/lib/gcc/x86_64-linux-gnu/4.8 -L/usr/lib/gcc/x86_64-linux-gnu/4.8/../../../x86_64-linux-gnu -L/usr/lib/gcc/x86_64-linux-gnu/4.8/../../../../lib -L/lib/x86_64-linux-gnu -L/lib/../lib -L/usr/lib/x86_64-linux-gnu -L/usr/lib/../lib -L/usr/lib/gcc/x86_64-linux-gnu/4.8/../../.. /tmp/cc9m8hFp.o -lgfortran -lm -lgcc_s -lgcc -lquadmath -lm -lgcc_s -lgcc -lc -lgcc_s -lgcc /usr/lib/gcc/x86_64-linux-gnu/4.8/crtend.o /usr/lib/gcc/x86_64-linux-gnu/4.8/../../../x86_64-linux-gnu/crtn.o
configure:5087: result:  -L/usr/lib/gcc/x86_64-linux-gnu/4.8 -L/usr/lib/gcc/x86_64-linux-gnu/4.8/../../../x86_64-linux-gnu -L/usr/lib/gcc/x86_64-linux-gnu/4.8/../../../../lib -L/lib/x86_64-linux-gnu -L/lib/../lib -L/usr/lib/x86_64-linux-gnu -L/usr/lib/../lib -L/usr/lib/gcc/x86_64-linux-gnu/4.8/../../.. -lgfortran -lm -lgcc_s -lquadmath
configure:5154: Corrected Fortran libraries:  -L/usr/lib/gcc/x86_64-linux-gnu/4.8 -L/usr/lib/gcc/x86_64-linux-gnu/4.8/../../../x86_64-linux-gnu -L/usr/lib/gcc/x86_64-linux-gnu/4.8/../../../../lib -L/lib/x86_64-linux-gnu -L/lib/../lib -L/usr/lib/x86_64-linux-gnu -L/usr/lib/../lib -L/usr/lib/gcc/x86_64-linux-gnu/4.8/../../.. -lgfortran -lm -lquadmath
configure:5163: checking for dummy main to link with Fortran libraries
configure:5202: gcc -o conftest -O3 -pipe -DNDEBUG -pedantic-errors -Wimplicit -Wparentheses -Wsequence-point -Wreturn-type -Wcast-qual -Wall -Wno-unknown-pragmas -Wno-long-long   -DCOINUTILS_BUILD   conftest.c   -L/usr/lib/gcc/x86_64-linux-gnu/4.8 -L/usr/lib/gcc/x86_64-linux-gnu/4.8/../../../x86_64-linux-gnu -L/usr/lib/gcc/x86_64-linux-gnu/4.8/../../../../lib -L/lib/x86_64-linux-gnu -L/lib/../lib -L/usr/lib/x86_64-linux-gnu -L/usr/lib/../lib -L/usr/lib/gcc/x86_64-linux-gnu/4.8/../../.. -lgfortran -lm -lquadmath >&5
configure:5208: $? = 0
configure:5212: test -z 
			 || test ! -s conftest.err
configure:5215: $? = 0
configure:5218: test -s conftest
configure:5221: $? = 0
configure:5299: result: none
configure:5335: checking for Fortran name-mangling scheme
configure:5349: gfortran -c -O3 -pipe   conftest.f >&5
configure:5355: $? = 0
configure:5359: test -z 
			 || test ! -s conftest.err
configure:5362: $? = 0
configure:5365: test -s conftest.o
configure:5368: $? = 0
configure:5415: gcc -o conftest -O3 -pipe -DNDEBUG -pedantic-errors -Wimplicit -Wparentheses -Wsequence-point -Wreturn-type -Wcast-qual -Wall -Wno-unknown-pragmas -Wno-long-long   -DCOINUTILS_BUILD   conftest.c cfortran_test.o   -L/usr/lib/gcc/x86_64-linux-gnu/4.8 -L/usr/lib/gcc/x86_64-linux-gnu/4.8/../../../x86_64-linux-gnu -L/usr/lib/gcc/x86_64-linux-gnu/4.8/../../../../lib -L/lib/x86_64-linux-gnu -L/lib/../lib -L/usr/lib/x86_64-linux-gnu -L/usr/lib/../lib -L/usr/lib/gcc/x86_64-linux-gnu/4.8/../../.. -lgfortran -lm -lquadmath >&5
/tmp/ccRXdjix.o: In function `main':
conftest.c:(.text.startup+0x7): undefined reference to `foobar'
collect2: error: ld returned 1 exit status
configure:5421: $? = 1
configure: failed program was:
| /* confdefs.h.  */
| 
| #define PACKAGE_NAME "CoinUtils"
| #define PACKAGE_TARNAME "coinutils"
| #define PACKAGE_VERSION "2.10.11"
| #define PACKAGE_STRING "CoinUtils 2.10.11"
| #define PACKAGE_BUGREPORT "http://projects.coin-or.org/CoinUtils"
| #define COINUTILS_VERSION "2.10.11"
| #define COINUTILS_VERSION_MAJOR 2
| #define COINUTILS_VERSION_MINOR 10
| #define COINUTILS_VERSION_RELEASE 11
| #define COIN_COINUTILS_VERBOSITY 0
| #define COIN_COINUTILS_CHECKLEVEL 0
| #ifdef __cplusplus
| extern "C" void exit (int) throw ();
| #endif
| /* end confdefs.h.  */
| 
| /* Override any gcc2 internal prototype to avoid an error.  */
| #ifdef __cplusplus
| extern "C"
| #endif
| /* We use char because int might match the return type of a gcc2
|    builtin and then its argument prototype would still apply.  */
| char foobar ();
| #ifdef F77_DUMMY_MAIN
| 
| #  ifdef __cplusplus
|      extern "C"
| #  endif
|    int F77_DUMMY_MAIN() { return 1; }
| 
| #endif
| int
| main ()
| {
| foobar ();
|   ;
|   return 0;
| }
configure:5415: gcc -o conftest -O3 -pipe -DNDEBUG -pedantic-errors -Wimplicit -Wparentheses -Wsequence-point -Wreturn-type -Wcast-qual -Wall -Wno-unknown-pragmas -Wno-long-long   -DCOINUTILS_BUILD   conftest.c cfortran_test.o   -L/usr/lib/gcc/x86_64-linux-gnu/4.8 -L/usr/lib/gcc/x86_64-linux-gnu/4.8/../../../x86_64-linux-gnu -L/usr/lib/gcc/x86_64-linux-gnu/4.8/../../../../lib -L/lib/x86_64-linux-gnu -L/lib/../lib -L/usr/lib/x86_64-linux-gnu -L/usr/lib/../lib -L/usr/lib/gcc/x86_64-linux-gnu/4.8/../../.. -lgfortran -lm -lquadmath >&5
configure:5421: $? = 0
configure:5425: test -z 
			 || test ! -s conftest.err
configure:5428: $? = 0
configure:5431: test -s conftest
configure:5434: $? = 0
configure:5502: gcc -o conftest -O3 -pipe -DNDEBUG -pedantic-errors -Wimplicit -Wparentheses -Wsequence-point -Wreturn-type -Wcast-qual -Wall -Wno-unknown-pragmas -Wno-long-long   -DCOINUTILS_BUILD   conftest.c cfortran_test.o   -L/usr/lib/gcc/x86_64-linux-gnu/4.8 -L/usr/lib/gcc/x86_64-linux-gnu/4.8/../../../x86_64-linux-gnu -L/usr/lib/gcc/x86_64-linux-gnu/4.8/../../../../lib -L/lib/x86_64-linux-gnu -L/lib/../lib -L/usr/lib/x86_64-linux-gnu -L/usr/lib/../lib -L/usr/lib/gcc/x86_64-linux-gnu/4.8/../../.. -lgfortran -lm -lquadmath >&5
configure:5508: $? = 0
configure:5512: test -z 
			 || test ! -s conftest.err
configure:5515: $? = 0
configure:5518: test -s conftest
configure:5521: $? = 0
configure:5571: result: lower case, underscore, no extra underscore
configure:5778: checking for egrep
configure:5788: result: grep -E
configure:5793: checking whether ln -s works
configure:5797: result: yes
configure:5818: checking for a BSD-compatible install
configure:5873: result: /usr/bin/install -c
configure:5884: checking whether build environment is sane
configure:5927: result: yes
configure:5992: checking for gawk
configure:6021: result: no
configure:5992: checking for mawk
configure:6008: found /usr/bin/mawk
configure:6018: result: mawk
configure:6028: checking whether make sets $(MAKE)
configure:6048: result: yes
configure:6078: checking for style of include used by make
configure:6106: result: GNU
configure:6287: checking dependency style of gcc
configure:6377: result: gcc3
configure:6396: checking dependency style of g++
configure:6486: result: gcc3
configure:6504: checking whether to enable maintainer-specific portions of Makefiles
configure:6513: result: no
configure:21895: Using libtool script in directory ..
configure:21994: checking if library version is set
configure:21998: result: 13:11:10
configure:22050: checking cmath usability
configure:22062: g++ -c -O3 -pipe -DNDEBUG -pedantic-errors -Wparentheses -Wreturn-type -Wcast-qual -Wall -Wpointer-arith -Wwrite-strings -Wconversion -Wno-unknown-pragmas -Wno-long-long   -DCOINUTILS_BUILD  conftest.cc >&5
configure:22068: $? = 0
configure:22072: test -z 
			 || test ! -s conftest.err
configure:22075: $? = 0
configure:22078: test -s conftest.o
configure:22081: $? = 0
configure:22091: result: yes
configure:22095: checking cmath presence
configure:22105: g++ -E  conftest.cc
configure:22111: $? = 0
configure:22131: result: yes
configure:22166: checking for cmath
configure:22173: result: yes
configure:22379: checking cfloat usability
configure:22391: g++ -c -O3 -pipe -DNDEBUG -pedantic-errors -Wparentheses -Wreturn-type -Wcast-qual -Wall -Wpointer-arith -Wwrite-strings -Wconversion -Wno-unknown-pragmas -Wno-long-long   -DCOINUTILS_BUILD  conftest.cc >&5
configure:22397: $? = 0
configure:22401: test -z 
			 || test ! -s conftest.err
configure:22404: $? = 0
configure:22407: test -s conftest.o
configure:22410: $? = 0
configure:22420: result: yes
configure:22424: checking cfloat presence
configure:22434: g++ -E  conftest.cc
configure:22440: $? = 0
configure:22460: result: yes
configure:22495: checking for cfloat
configure:22502: result: yes
configure:22708: checking cieeefp usability
configure:22720: g++ -c -O3 -pipe -DNDEBUG -pedantic-errors -Wparentheses -Wreturn-type -Wcast-qual -Wall -Wpointer-arith -Wwrite-strings -Wconversion -Wno-unknown-pragmas -Wno-long-long   -DCOINUTILS_BUILD  conftest.cc >&5
conftest.cc:69:19: fatal error: cieeefp: No such file or directory
 #include <cieeefp>
                   ^
compilation terminated.
configure:22726: $? = 1
configure: failed program was:
| /* confdefs.h.  */
| 
| #define PACKAGE_NAME "CoinUtils"
| #define PACKAGE_TARNAME "coinutils"
| #define PACKAGE_VERSION "2.10.11"
| #define PACKAGE_STRING "CoinUtils 2.10.11"
| #define PACKAGE_BUGREPORT "http://projects.coin-or.org/CoinUtils"
| #define COINUTILS_VERSION "2.10.11"
| #define COINUTILS_VERSION_MAJOR 2
| #define COINUTILS_VERSION_MINOR 10
| #define COINUTILS_VERSION_RELEASE 11
| #define COIN_COINUTILS_VERBOSITY 0
| #define COIN_COINUTILS_CHECKLEVEL 0
| #ifdef __cplusplus
| extern "C" void exit (int) throw ();
| #endif
| #define F77_FUNC(name,NAME) name ## _
| #define F77_FUNC_(name,NAME) name ## _
| #define PACKAGE "coinutils"
| #define VERSION "2.10.11"
| #define STDC_HEADERS 1
| #define HAVE_SYS_TYPES_H 1
| #define HAVE_SYS_STAT_H 1
| #define HAVE_STDLIB_H 1
| #define HAVE_STRING_H 1
| #define HAVE_MEMORY_H 1
| #define HAVE_STRINGS_H 1
| #define HAVE_INTTYPES_H 1
| #define HAVE_STDINT_H 1
| #define HAVE_UNISTD_H 1
| #define HAVE_DLFCN_H 1
| #define HAVE_CMATH 1
| #define HAVE_CFLOAT 1
| /* end confdefs.h.  */
| #include <stdio.h>
| #if HAVE_SYS_TYPES_H
| # include <sys/types.h>
| #endif
| #if HAVE_SYS_STAT_H
| # include <sys/stat.h>
| #endif
| #if STDC_HEADERS
| # include <stdlib.h>
| # include <stddef.h>
| #else
| # if HAVE_STDLIB_H
| #  include <stdlib.h>
| # endif
| #endif
| #if HAVE_STRING_H
| # if !STDC_HEADERS && HAVE_MEMORY_H
| #  include <memory.h>
| # endif
| # include <string.h>
| #endif
| #if HAVE_STRINGS_H
| # include <strings.h>
| #endif
| #if HAVE_INTTYPES_H
| # include <inttypes.h>
| #else
| # if HAVE_STDINT_H
| #  include <stdint.h>
| # endif
| #endif
| #if HAVE_UNISTD_H
| # include <unistd.h>
| #endif
| #include <cieeefp>
configure:22749: result: no
configure:22753: checking cieeefp presence
configure:22763: g++ -E  conftest.cc
conftest.cc:35:19: fatal error: cieeefp: No such file or directory
 #include <cieeefp>
                   ^
compilation terminated.
configure:22769: $? = 1
configure: failed program was:
| /* confdefs.h.  */
| 
| #define PACKAGE_NAME "CoinUtils"
| #define PACKAGE_TARNAME "coinutils"
| #define PACKAGE_VERSION "2.10.11"
| #define PACKAGE_STRING "CoinUtils 2.10.11"
| #define PACKAGE_BUGREPORT "http://projects.coin-or.org/CoinUtils"
| #define COINUTILS_VERSION "2.10.11"
| #define COINUTILS_VERSION_MAJOR 2
| #define COINUTILS_VERSION_MINOR 10
| #define COINUTILS_VERSION_RELEASE 11
| #define COIN_COINUTILS_VERBOSITY 0
| #define COIN_COINUTILS_CHECKLEVEL 0
| #ifdef __cplusplus
| extern "C" void exit (int) throw ();
| #endif
| #define F77_FUNC(name,NAME) name ## _
| #define F77_FUNC_(name,NAME) name ## _
| #define PACKAGE "coinutils"
| #define VERSION "2.10.11"
| #define STDC_HEADERS 1
| #define HAVE_SYS_TYPES_H 1
| #define HAVE_SYS_STAT_H 1
| #define HAVE_STDLIB_H 1
| #define HAVE_STRING_H 1
| #define HAVE_MEMORY_H 1
| #define HAVE_STRINGS_H 1
| #define HAVE_INTTYPES_H 1
| #define HAVE_STDINT_H 1
| #define HAVE_UNISTD_H 1
| #define HAVE_DLFCN_H 1
| #define HAVE_CMATH 1
| #define HAVE_CFLOAT 1
| /* end confdefs.h.  */
| #include <cieeefp>
configure:22789: result: no
configure:22824: checking for cieeefp
configure:22831: result: no
configure:22866: checking ieeefp.h usability
configure:22878: g++ -c -O3 -pipe -DNDEBUG -pedantic-errors -Wparentheses -Wreturn-type -Wcast-qual -Wall -Wpointer-arith -Wwrite-strings -Wconversion -Wno-unknown-pragmas -Wno-long-long   -DCOINUTILS_BUILD  conftest.cc >&5
conftest.cc:69:20: fatal error: ieeefp.h: No such file or directory
 #include <ieeefp.h>
                    ^
compilation terminated.
configure:22884: $? = 1
configure: failed program was:
| /* confdefs.h.  */
| 
| #define PACKAGE_NAME "CoinUtils"
| #define PACKAGE_TARNAME "coinutils"
| #define PACKAGE_VERSION "2.10.11"
| #define PACKAGE_STRING "CoinUtils 2.10.11"
| #define PACKAGE_BUGREPORT "http://projects.coin-or.org/CoinUtils"
| #define COINUTILS_VERSION "2.10.11"
| #define COINUTILS_VERSION_MAJOR 2
| #define COINUTILS_VERSION_MINOR 10
| #define COINUTILS_VERSION_RELEASE 11
| #define COIN_COINUTILS_VERBOSITY 0
| #define COIN_COINUTILS_CHECKLEVEL 0
| #ifdef __cplusplus
| extern "C" void exit (int) throw ();
| #endif
| #define F77_FUNC(name,NAME) name ## _
| #define F77_FUNC_(name,NAME) name ## _
| #define PACKAGE "coinutils"
| #define VERSION "2.10.11"
| #define STDC_HEADERS 1
| #define HAVE_SYS_TYPES_H 1
| #define HAVE_SYS_STAT_H 1
| #define HAVE_STDLIB_H 1
| #define HAVE_STRING_H 1
| #define HAVE_MEMORY_H 1
| #define HAVE_STRINGS_H 1
| #define HAVE_INTTYPES_H 1
| #define HAVE_STDINT_H 1
| #define HAVE_UNISTD_H 1
| #define HAVE_DLFCN_H 1
| #define HAVE_CMATH 1
| #define HAVE_CFLOAT 1
| /* end confdefs.h.  */
| #include <stdio.h>
| #if HAVE_SYS_TYPES_H
| # include <sys/types.h>
| #endif
| #if HAVE_SYS_STAT_H
| # include <sys/stat.h>
| #endif
| #if STDC_HEADERS
| # include <stdlib.h>
| # include <stddef.h>
| #else
| # if HAVE_STDLIB_H
| #  include <stdlib.h>
| # endif
| #endif
| #if HAVE_STRING_H
| # if !STDC_HEADERS && HAVE_MEMORY_H
| #  include <memory.h>
| # endif
| # include <string.h>
| #endif
| #if HAVE_STRINGS_H
| # include <strings.h>
| #endif
| #if HAVE_INTTYPES_H
| # include <inttypes.h>
| #else
| # if HAVE_STDINT_H
| #  include <stdint.h>
| # endif
| #endif
| #if HAVE_UNISTD_H
| # include <unistd.h>
| #endif
| #include <ieeefp.h>
configure:22907: result: no
configure:22911: checking ieeefp.h presence
configure:22921: g++ -E  conftest.cc
conftest.cc:35:20: fatal error: ieeefp.h: No such file or directory
 #include <ieeefp.h>
                    ^
compilation terminated.
configure:22927: $? = 1
configure: failed program was:
| /* confdefs.h.  */
| 
| #define PACKAGE_NAME "CoinUtils"
| #define PACKAGE_TARNAME "coinutils"
| #define PACKAGE_VERSION "2.10.11"
| #define PACKAGE_STRING "CoinUtils 2.10.11"
| #define PACKAGE_BUGREPORT "http://projects.coin-or.org/CoinUtils"
| #define COINUTILS_VERSION "2.10.11"
| #define COINUTILS_VERSION_MAJOR 2
| #define COINUTILS_VERSION_MINOR 10
| #define COINUTILS_VERSION_RELEASE 11
| #define COIN_COINUTILS_VERBOSITY 0
| #define COIN_COINUTILS_CHECKLEVEL 0
| #ifdef __cplusplus
| extern "C" void exit (int) throw ();
| #endif
| #define F77_FUNC(name,NAME) name ## _
| #define F77_FUNC_(name,NAME) name ## _
| #define PACKAGE "coinutils"
| #define VERSION "2.10.11"
| #define STDC_HEADERS 1
| #define HAVE_SYS_TYPES_H 1
| #define HAVE_SYS_STAT_H 1
| #define HAVE_STDLIB_H 1
| #define HAVE_STRING_H 1
| #define HAVE_MEMORY_H 1
| #define HAVE_STRINGS_H 1
| #define HAVE_INTTYPES_H 1
| #define HAVE_STDINT_H 1
| #define HAVE_UNISTD_H 1
| #define HAVE_DLFCN_H 1
| #define HAVE_CMATH 1
| #define HAVE_CFLOAT 1
| /* end confdefs.h.  */
| #include <ieeefp.h>
configure:22947: result: no
configure:22982: checking for ieeefp.h
configure:22989: result: no
configure:23013: checking whether isfinite is declared
configure:23067: g++ -c -O3 -pipe -DNDEBUG -pedantic-errors -Wparentheses -Wreturn-type -Wcast-qual -Wall -Wpointer-arith -Wwrite-strings -Wconversion -Wno-unknown-pragmas -Wno-long-long   -DCOINUTILS_BUILD  conftest.cc >&5
conftest.cc: In function 'int main()':
conftest.cc:70:22: error: 'isfinite' was not declared in this scope
   char *p = (char *) isfinite;
                      ^
conftest.cc:70:22: note: suggested alternative:
In file included from conftest.cc:37:0:
/usr/include/c++/4.9/cmath:819:5: note:   'std::isfinite'
     isfinite(_Tp __f)
     ^
conftest.cc:70:9: warning: unused variable 'p' [-Wunused-variable]
   char *p = (char *) isfinite;
         ^
configure:23073: $? = 1
configure: failed program was:
| /* confdefs.h.  */
| 
| #define PACKAGE_NAME "CoinUtils"
| #define PACKAGE_TARNAME "coinutils"
| #define PACKAGE_VERSION "2.10.11"
| #define PACKAGE_STRING "CoinUtils 2.10.11"
| #define PACKAGE_BUGREPORT "http://projects.coin-or.org/CoinUtils"
| #define COINUTILS_VERSION "2.10.11"
| #define COINUTILS_VERSION_MAJOR 2
| #define COINUTILS_VERSION_MINOR 10
| #define COINUTILS_VERSION_RELEASE 11
| #define COIN_COINUTILS_VERBOSITY 0
| #define COIN_COINUTILS_CHECKLEVEL 0
| #ifdef __cplusplus
| extern "C" void exit (int) throw ();
| #endif
| #define F77_FUNC(name,NAME) name ## _
| #define F77_FUNC_(name,NAME) name ## _
| #define PACKAGE "coinutils"
| #define VERSION "2.10.11"
| #define STDC_HEADERS 1
| #define HAVE_SYS_TYPES_H 1
| #define HAVE_SYS_STAT_H 1
| #define HAVE_STDLIB_H 1
| #define HAVE_STRING_H 1
| #define HAVE_MEMORY_H 1
| #define HAVE_STRINGS_H 1
| #define HAVE_INTTYPES_H 1
| #define HAVE_STDINT_H 1
| #define HAVE_UNISTD_H 1
| #define HAVE_DLFCN_H 1
| #define HAVE_CMATH 1
| #define HAVE_CFLOAT 1
| /* end confdefs.h.  */
| 
| #ifdef HAVE_CMATH
| # include <cmath>
| #else
| # ifdef HAVE_MATH_H
| #  include <math.h>
| # endif
| #endif
| #ifdef HAVE_CFLOAT
| # include <cfloat>
| #else
| # ifdef HAVE_FLOAT_H
| #  include <float.h>
| # endif
| #endif
| #ifdef HAVE_CIEEEFP
| # include <cieeefp>
| #else
| # ifdef HAVE_IEEEFP_H
| #  include <ieeefp.h>
| # endif
| #endif
| 
| #ifdef F77_DUMMY_MAIN
| 
| #  ifdef __cplusplus
|      extern "C"
| #  endif
|    int F77_DUMMY_MAIN() { return 1; }
| 
| #endif
| int
| main ()
| {
| #ifndef isfinite
|   char *p = (char *) isfinite;
| #endif
| 
|   ;
|   return 0;
| }
configure:23097: result: no
configure:23104: checking whether finite is declared
configure:23158: g++ -c -O3 -pipe -DNDEBUG -pedantic-errors -Wparentheses -Wreturn-type -Wcast-qual -Wall -Wpointer-arith -Wwrite-strings -Wconversion -Wno-unknown-pragmas -Wno-long-long   -DCOINUTILS_BUILD  conftest.cc >&5
conftest.cc: In function 'int main()':
conftest.cc:70:9: warning: unused variable 'p' [-Wunused-variable]
   char *p = (char *) finite;
         ^
configure:23164: $? = 0
configure:23168: test -z 
			 || test ! -s conftest.err
configure:23171: $? = 0
configure:23174: test -s conftest.o
configure:23177: $? = 0
configure:23188: result: yes
configure:23331: checking for cmath
configure:23336: result: yes
configure:23660: checking for cfloat
configure:23665: result: yes
configure:23989: checking for cieeefp
configure:23994: result: no
configure:24147: checking for ieeefp.h
configure:24152: result: no
configure:24303: checking whether isnan is declared
configure:24357: g++ -c -O3 -pipe -DNDEBUG -pedantic-errors -Wparentheses -Wreturn-type -Wcast-qual -Wall -Wpointer-arith -Wwrite-strings -Wconversion -Wno-unknown-pragmas -Wno-long-long   -DCOINUTILS_BUILD  conftest.cc >&5
conftest.cc: In function 'int main()':
conftest.cc:73:9: warning: unused variable 'p' [-Wunused-variable]
   char *p = (char *) isnan;
         ^
configure:24363: $? = 0
configure:24367: test -z 
			 || test ! -s conftest.err
configure:24370: $? = 0
configure:24373: test -s conftest.o
configure:24376: $? = 0
configure:24387: result: yes
configure:24963: checking cinttypes usability
configure:24975: g++ -c -O3 -pipe -DNDEBUG -pedantic-errors -Wparentheses -Wreturn-type -Wcast-qual -Wall -Wpointer-arith -Wwrite-strings -Wconversion -Wno-unknown-pragmas -Wno-long-long   -DCOINUTILS_BUILD  conftest.cc >&5
In file included from /usr/include/c++/4.9/cinttypes:35:0,
                 from conftest.cc:74:
/usr/include/c++/4.9/bits/c++0x_warning.h:32:2: error: #error This file requires compiler and library support for the ISO C++ 2011 standard. This support is currently experimental, and must be enabled with the -std=c++11 or -std=gnu++11 compiler options.
 #error This file requires compiler and library support for the \
  ^
configure:24981: $? = 1
configure: failed program was:
| /* confdefs.h.  */
| 
| #define PACKAGE_NAME "CoinUtils"
| #define PACKAGE_TARNAME "coinutils"
| #define PACKAGE_VERSION "2.10.11"
| #define PACKAGE_STRING "CoinUtils 2.10.11"
| #define PACKAGE_BUGREPORT "http://projects.coin-or.org/CoinUtils"
| #define COINUTILS_VERSION "2.10.11"
| #define COINUTILS_VERSION_MAJOR 2
| #define COINUTILS_VERSION_MINOR 10
| #define COINUTILS_VERSION_RELEASE 11
| #define COIN_COINUTILS_VERBOSITY 0
| #define COIN_COINUTILS_CHECKLEVEL 0
| #ifdef __cplusplus
| extern "C" void exit (int) throw ();
| #endif
| #define F77_FUNC(name,NAME) name ## _
| #define F77_FUNC_(name,NAME) name ## _
| #define PACKAGE "coinutils"
| #define VERSION "2.10.11"
| #define STDC_HEADERS 1
| #define HAVE_SYS_TYPES_H 1
| #define HAVE_SYS_STAT_H 1
| #define HAVE_STDLIB_H 1
| #define HAVE_STRING_H 1
| #define HAVE_MEMORY_H 1
| #define HAVE_STRINGS_H 1
| #define HAVE_INTTYPES_H 1
| #define HAVE_STDINT_H 1
| #define HAVE_UNISTD_H 1
| #define HAVE_DLFCN_H 1
| #define HAVE_CMATH 1
| #define HAVE_CFLOAT 1
| #define COIN_C_FINITE finite
| #define HAVE_CMATH 1
| #define HAVE_CFLOAT 1
| #define COIN_C_ISNAN isnan
| #define COINUTILS_MEMPOOL_MAXPOOLED -1
| /* end confdefs.h.  */
| #include <stdio.h>
| #if HAVE_SYS_TYPES_H
| # include <sys/types.h>
| #endif
| #if HAVE_SYS_STAT_H
| # include <sys/stat.h>
| #endif
| #if STDC_HEADERS
| # include <stdlib.h>
| # include <stddef.h>
| #else
| # if HAVE_STDLIB_H
| #  include <stdlib.h>
| # endif
| #endif
| #if HAVE_STRING_H
| # if !STDC_HEADERS && HAVE_MEMORY_H
| #  include <memory.h>
| # endif
| # include <string.h>
| #endif
| #if HAVE_STRINGS_H
| # include <strings.h>
| #endif
| #if HAVE_INTTYPES_H
| # include <inttypes.h>
| #else
| # if HAVE_STDINT_H
| #  include <stdint.h>
| # endif
| #endif
| #if HAVE_UNISTD_H
| # include <unistd.h>
| #endif
| #include <cinttypes>
configure:25004: result: no
configure:25008: checking cinttypes presence
configure:25018: g++ -E  conftest.cc
In file included from /usr/include/c++/4.9/cinttypes:35:0,
                 from conftest.cc:40:
/usr/include/c++/4.9/bits/c++0x_warning.h:32:2: error: #error This file requires compiler and library support for the ISO C++ 2011 standard. This support is currently experimental, and must be enabled with the -std=c++11 or -std=gnu++11 compiler options.
 #error This file requires compiler and library support for the \
  ^
configure:25024: $? = 1
configure: failed program was:
| /* confdefs.h.  */
| 
| #define PACKAGE_NAME "CoinUtils"
| #define PACKAGE_TARNAME "coinutils"
| #define PACKAGE_VERSION "2.10.11"
| #define PACKAGE_STRING "CoinUtils 2.10.11"
| #define PACKAGE_BUGREPORT "http://projects.coin-or.org/CoinUtils"
| #define COINUTILS_VERSION "2.10.11"
| #define COINUTILS_VERSION_MAJOR 2
| #define COINUTILS_VERSION_MINOR 10
| #define COINUTILS_VERSION_RELEASE 11
| #define COIN_COINUTILS_VERBOSITY 0
| #define COIN_COINUTILS_CHECKLEVEL 0
| #ifdef __cplusplus
| extern "C" void exit (int) throw ();
| #endif
| #define F77_FUNC(name,NAME) name ## _
| #define F77_FUNC_(name,NAME) name ## _
| #define PACKAGE "coinutils"
| #define VERSION "2.10.11"
| #define STDC_HEADERS 1
| #define HAVE_SYS_TYPES_H 1
| #define HAVE_SYS_STAT_H 1
| #define HAVE_STDLIB_H 1
| #define HAVE_STRING_H 1
| #define HAVE_MEMORY_H 1
| #define HAVE_STRINGS_H 1
| #define HAVE_INTTYPES_H 1
| #define HAVE_STDINT_H 1
| #define HAVE_UNISTD_H 1
| #define HAVE_DLFCN_H 1
| #define HAVE_CMATH 1
| #define HAVE_CFLOAT 1
| #define COIN_C_FINITE finite
| #define HAVE_CMATH 1
| #define HAVE_CFLOAT 1
| #define COIN_C_ISNAN isnan
| #define COINUTILS_MEMPOOL_MAXPOOLED -1
| /* end confdefs.h.  */
| #include <cinttypes>
configure:25044: result: no
configure:25079: checking for cinttypes
configure:25086: result: no
configure:25121: checking inttypes.h usability
configure:25133: g++ -c -O3 -pipe -DNDEBUG -pedantic-errors -Wparentheses -Wreturn-type -Wcast-qual -Wall -Wpointer-arith -Wwrite-strings -Wconversion -Wno-unknown-pragmas -Wno-long-long   -DCOINUTILS_BUILD  conftest.cc >&5
configure:25139: $? = 0
configure:25143: test -z 
			 || test ! -s conftest.err
configure:25146: $? = 0
configure:25149: test -s conftest.o
configure:25152: $? = 0
configure:25162: result: yes
configure:25166: checking inttypes.h presence
configure:25176: g++ -E  conftest.cc
configure:25182: $? = 0
configure:25202: result: yes
configure:25237: checking for inttypes.h
configure:25244: result: yes
configure:25292: checking cstdint usability
configure:25304: g++ -c -O3 -pipe -DNDEBUG -pedantic-errors -Wparentheses -Wreturn-type -Wcast-qual -Wall -Wpointer-arith -Wwrite-strings -Wconversion -Wno-unknown-pragmas -Wno-long-long   -DCOINUTILS_BUILD  conftest.cc >&5
In file included from /usr/include/c++/4.9/cstdint:35:0,
                 from conftest.cc:75:
/usr/include/c++/4.9/bits/c++0x_warning.h:32:2: error: #error This file requires compiler and library support for the ISO C++ 2011 standard. This support is currently experimental, and must be enabled with the -std=c++11 or -std=gnu++11 compiler options.
 #error This file requires compiler and library support for the \
  ^
configure:25310: $? = 1
configure: failed program was:
| /* confdefs.h.  */
| 
| #define PACKAGE_NAME "CoinUtils"
| #define PACKAGE_TARNAME "coinutils"
| #define PACKAGE_VERSION "2.10.11"
| #define PACKAGE_STRING "CoinUtils 2.10.11"
| #define PACKAGE_BUGREPORT "http://projects.coin-or.org/CoinUtils"
| #define COINUTILS_VERSION "2.10.11"
| #define COINUTILS_VERSION_MAJOR 2
| #define COINUTILS_VERSION_MINOR 10
| #define COINUTILS_VERSION_RELEASE 11
| #define COIN_COINUTILS_VERBOSITY 0
| #define COIN_COINUTILS_CHECKLEVEL 0
| #ifdef __cplusplus
| extern "C" void exit (int) throw ();
| #endif
| #define F77_FUNC(name,NAME) name ## _
| #define F77_FUNC_(name,NAME) name ## _
| #define PACKAGE "coinutils"
| #define VERSION "2.10.11"
| #define STDC_HEADERS 1
| #define HAVE_SYS_TYPES_H 1
| #define HAVE_SYS_STAT_H 1
| #define HAVE_STDLIB_H 1
| #define HAVE_STRING_H 1
| #define HAVE_MEMORY_H 1
| #define HAVE_STRINGS_H 1
| #define HAVE_INTTYPES_H 1
| #define HAVE_STDINT_H 1
| #define HAVE_UNISTD_H 1
| #define HAVE_DLFCN_H 1
| #define HAVE_CMATH 1
| #define HAVE_CFLOAT 1
| #define COIN_C_FINITE finite
| #define HAVE_CMATH 1
| #define HAVE_CFLOAT 1
| #define COIN_C_ISNAN isnan
| #define COINUTILS_MEMPOOL_MAXPOOLED -1
| #define HAVE_INTTYPES_H 1
| /* end confdefs.h.  */
| #include <stdio.h>
| #if HAVE_SYS_TYPES_H
| # include <sys/types.h>
| #endif
| #if HAVE_SYS_STAT_H
| # include <sys/stat.h>
| #endif
| #if STDC_HEADERS
| # include <stdlib.h>
| # include <stddef.h>
| #else
| # if HAVE_STDLIB_H
| #  include <stdlib.h>
| # endif
| #endif
| #if HAVE_STRING_H
| # if !STDC_HEADERS && HAVE_MEMORY_H
| #  include <memory.h>
| # endif
| # include <string.h>
| #endif
| #if HAVE_STRINGS_H
| # include <strings.h>
| #endif
| #if HAVE_INTTYPES_H
| # include <inttypes.h>
| #else
| # if HAVE_STDINT_H
| #  include <stdint.h>
| # endif
| #endif
| #if HAVE_UNISTD_H
| # include <unistd.h>
| #endif
| #include <cstdint>
configure:25333: result: no
configure:25337: checking cstdint presence
configure:25347: g++ -E  conftest.cc
In file included from /usr/include/c++/4.9/cstdint:35:0,
                 from conftest.cc:41:
/usr/include/c++/4.9/bits/c++0x_warning.h:32:2: error: #error This file requires compiler and library support for the ISO C++ 2011 standard. This support is currently experimental, and must be enabled with the -std=c++11 or -std=gnu++11 compiler options.
 #error This file requires compiler and library support for the \
  ^
configure:25353: $? = 1
configure: failed program was:
| /* confdefs.h.  */
| 
| #define PACKAGE_NAME "CoinUtils"
| #define PACKAGE_TARNAME "coinutils"
| #define PACKAGE_VERSION "2.10.11"
| #define PACKAGE_STRING "CoinUtils 2.10.11"
| #define PACKAGE_BUGREPORT "http://projects.coin-or.org/CoinUtils"
| #define COINUTILS_VERSION "2.10.11"
| #define COINUTILS_VERSION_MAJOR 2
| #define COINUTILS_VERSION_MINOR 10
| #define COINUTILS_VERSION_RELEASE 11
| #define COIN_COINUTILS_VERBOSITY 0
| #define COIN_COINUTILS_CHECKLEVEL 0
| #ifdef __cplusplus
| extern "C" void exit (int) throw ();
| #endif
| #define F77_FUNC(name,NAME) name ## _
| #define F77_FUNC_(name,NAME) name ## _
| #define PACKAGE "coinutils"
| #define VERSION "2.10.11"
| #define STDC_HEADERS 1
| #define HAVE_SYS_TYPES_H 1
| #define HAVE_SYS_STAT_H 1
| #define HAVE_STDLIB_H 1
| #define HAVE_STRING_H 1
| #define HAVE_MEMORY_H 1
| #define HAVE_STRINGS_H 1
| #define HAVE_INTTYPES_H 1
| #define HAVE_STDINT_H 1
| #define HAVE_UNISTD_H 1
| #define HAVE_DLFCN_H 1
| #define HAVE_CMATH 1
| #define HAVE_CFLOAT 1
| #define COIN_C_FINITE finite
| #define HAVE_CMATH 1
| #define HAVE_CFLOAT 1
| #define COIN_C_ISNAN isnan
| #define COINUTILS_MEMPOOL_MAXPOOLED -1
| #define HAVE_INTTYPES_H 1
| /* end confdefs.h.  */
| #include <cstdint>
configure:25373: result: no
configure:25408: checking for cstdint
configure:25415: result: no
configure:25450: checking stdint.h usability
configure:25462: g++ -c -O3 -pipe -DNDEBUG -pedantic-errors -Wparentheses -Wreturn-type -Wcast-qual -Wall -Wpointer-arith -Wwrite-strings -Wconversion -Wno-unknown-pragmas -Wno-long-long   -DCOINUTILS_BUILD  conftest.cc >&5
configure:25468: $? = 0
configure:25472: test -z 
			 || test ! -s conftest.err
configure:25475: $? = 0
configure:25478: test -s conftest.o
configure:25481: $? = 0
configure:25491: result: yes
configure:25495: checking stdint.h presence
configure:25505: g++ -E  conftest.cc
configure:25511: $? = 0
configure:25531: result: yes
configure:25566: checking for stdint.h
configure:25573: result: yes
configure:25604: checking for int64_t
configure:25645: g++ -c -O3 -pipe -DNDEBUG -pedantic-errors -Wparentheses -Wreturn-type -Wcast-qual -Wall -Wpointer-arith -Wwrite-strings -Wconversion -Wno-unknown-pragmas -Wno-long-long   -DCOINUTILS_BUILD  conftest.cc >&5
configure:25651: $? = 0
configure:25655: test -z 
			 || test ! -s conftest.err
configure:25658: $? = 0
configure:25661: test -s conftest.o
configure:25664: $? = 0
configure:25675: result: yes
configure:27155: checking for intptr_t
configure:27196: g++ -c -O3 -pipe -DNDEBUG -pedantic-errors -Wparentheses -Wreturn-type -Wcast-qual -Wall -Wpointer-arith -Wwrite-strings -Wconversion -Wno-unknown-pragmas -Wno-long-long   -DCOINUTILS_BUILD  conftest.cc >&5
configure:27202: $? = 0
configure:27206: test -z 
			 || test ! -s conftest.err
configure:27209: $? = 0
configure:27212: test -s conftest.o
configure:27215: $? = 0
configure:27226: result: yes
configure:29190: checking windows.h usability
configure:29202: g++ -c -O3 -pipe -DNDEBUG -pedantic-errors -Wparentheses -Wreturn-type -Wcast-qual -Wall -Wpointer-arith -Wwrite-strings -Wconversion -Wno-unknown-pragmas -Wno-long-long   -DCOINUTILS_BUILD  conftest.cc >&5
conftest.cc:80:21: fatal error: windows.h: No such file or directory
 #include <windows.h>
                     ^
compilation terminated.
configure:29208: $? = 1
configure: failed program was:
| /* confdefs.h.  */
| 
| #define PACKAGE_NAME "CoinUtils"
| #define PACKAGE_TARNAME "coinutils"
| #define PACKAGE_VERSION "2.10.11"
| #define PACKAGE_STRING "CoinUtils 2.10.11"
| #define PACKAGE_BUGREPORT "http://projects.coin-or.org/CoinUtils"
| #define COINUTILS_VERSION "2.10.11"
| #define COINUTILS_VERSION_MAJOR 2
| #define COINUTILS_VERSION_MINOR 10
| #define COINUTILS_VERSION_RELEASE 11
| #define COIN_COINUTILS_VERBOSITY 0
| #define COIN_COINUTILS_CHECKLEVEL 0
| #ifdef __cplusplus
| extern "C" void exit (int) throw ();
| #endif
| #define F77_FUNC(name,NAME) name ## _
| #define F77_FUNC_(name,NAME) name ## _
| #define PACKAGE "coinutils"
| #define VERSION "2.10.11"
| #define STDC_HEADERS 1
| #define HAVE_SYS_TYPES_H 1
| #define HAVE_SYS_STAT_H 1
| #define HAVE_STDLIB_H 1
| #define HAVE_STRING_H 1
| #define HAVE_MEMORY_H 1
| #define HAVE_STRINGS_H 1
| #define HAVE_INTTYPES_H 1
| #define HAVE_STDINT_H 1
| #define HAVE_UNISTD_H 1
| #define HAVE_DLFCN_H 1
| #define HAVE_CMATH 1
| #define HAVE_CFLOAT 1
| #define COIN_C_FINITE finite
| #define HAVE_CMATH 1
| #define HAVE_CFLOAT 1
| #define COIN_C_ISNAN isnan
| #define COINUTILS_MEMPOOL_MAXPOOLED -1
| #define HAVE_INTTYPES_H 1
| #define HAVE_STDINT_H 1
| #define COIN_INT64_T int64_t
| #define COIN_UINT64_T int64_t
| #define COIN_INTPTR_T intptr_t
| #define COINUTILS_HAS_STDINT_H 1
| /* end confdefs.h.  */
| #include <stdio.h>
| #if HAVE_SYS_TYPES_H
| # include <sys/types.h>
| #endif
| #if HAVE_SYS_STAT_H
| # include <sys/stat.h>
| #endif
| #if STDC_HEADERS
| # include <stdlib.h>
| # include <stddef.h>
| #else
| # if HAVE_STDLIB_H
| #  include <stdlib.h>
| # endif
| #endif
| #if HAVE_STRING_H
| # if !STDC_HEADERS && HAVE_MEMORY_H
| #  include <memory.h>
| # endif
| # include <string.h>
| #endif
| #if HAVE_STRINGS_H
| # include <strings.h>
| #endif
| #if HAVE_INTTYPES_H
| # include <inttypes.h>
| #else
| # if HAVE_STDINT_H
| #  include <stdint.h>
| # endif
| #endif
| #if HAVE_UNISTD_H
| # include <unistd.h>
| #endif
| #include <windows.h>
configure:29231: result: no
configure:29235: checking windows.h presence
configure:29245: g++ -E  conftest.cc
conftest.cc:46:21: fatal error: windows.h: No such file or directory
 #include <windows.h>
                     ^
compilation terminated.
configure:29251: $? = 1
configure: failed program was:
| /* confdefs.h.  */
| 
| #define PACKAGE_NAME "CoinUtils"
| #define PACKAGE_TARNAME "coinutils"
| #define PACKAGE_VERSION "2.10.11"
| #define PACKAGE_STRING "CoinUtils 2.10.11"
| #define PACKAGE_BUGREPORT "http://projects.coin-or.org/CoinUtils"
| #define COINUTILS_VERSION "2.10.11"
| #define COINUTILS_VERSION_MAJOR 2
| #define COINUTILS_VERSION_MINOR 10
| #define COINUTILS_VERSION_RELEASE 11
| #define COIN_COINUTILS_VERBOSITY 0
| #define COIN_COINUTILS_CHECKLEVEL 0
| #ifdef __cplusplus
| extern "C" void exit (int) throw ();
| #endif
| #define F77_FUNC(name,NAME) name ## _
| #define F77_FUNC_(name,NAME) name ## _
| #define PACKAGE "coinutils"
| #define VERSION "2.10.11"
| #define STDC_HEADERS 1
| #define HAVE_SYS_TYPES_H 1
| #define HAVE_SYS_STAT_H 1
| #define HAVE_STDLIB_H 1
| #define HAVE_STRING_H 1
| #define HAVE_MEMORY_H 1
| #define HAVE_STRINGS_H 1
| #define HAVE_INTTYPES_H 1
| #define HAVE_STDINT_H 1
| #define HAVE_UNISTD_H 1
| #define HAVE_DLFCN_H 1
| #define HAVE_CMATH 1
| #define HAVE_CFLOAT 1
| #define COIN_C_FINITE finite
| #define HAVE_CMATH 1
| #define HAVE_CFLOAT 1
| #define COIN_C_ISNAN isnan
| #define COINUTILS_MEMPOOL_MAXPOOLED -1
| #define HAVE_INTTYPES_H 1
| #define HAVE_STDINT_H 1
| #define COIN_INT64_T int64_t
| #define COIN_UINT64_T int64_t
| #define COIN_INTPTR_T intptr_t
| #define COINUTILS_HAS_STDINT_H 1
| /* end confdefs.h.  */
| #include <windows.h>
configure:29271: result: no
configure:29306: checking for windows.h
configure:29313: result: no
configure:29344: checking endian.h usability
configure:29356: g++ -c -O3 -pipe -DNDEBUG -pedantic-errors -Wparentheses -Wreturn-type -Wcast-qual -Wall -Wpointer-arith -Wwrite-strings -Wconversion -Wno-unknown-pragmas -Wno-long-long   -DCOINUTILS_BUILD  conftest.cc >&5
configure:29362: $? = 0
configure:29366: test -z 
			 || test ! -s conftest.err
configure:29369: $? = 0
configure:29372: test -s conftest.o
configure:29375: $? = 0
configure:29385: result: yes
configure:29389: checking endian.h presence
configure:29399: g++ -E  conftest.cc
configure:29405: $? = 0
configure:29425: result: yes
configure:29460: checking for endian.h
configure:29467: result: yes
configure:29554: checking for pkg-config
configure:29570: found /usr/bin/pkg-config
configure:29580: result: pkg-config
configure:29595: checking pkg-config is at least version 0.16.0
configure:29598: result: yes
configure:32087: checking whether -lblas has BLAS
configure:32364: g++ -o conftest -O3 -pipe -DNDEBUG -pedantic-errors -Wparentheses -Wreturn-type -Wcast-qual -Wall -Wpointer-arith -Wwrite-strings -Wconversion -Wno-unknown-pragmas -Wno-long-long   -DCOINUTILS_BUILD   conftest.cc -lblas  >&5
configure:32370: $? = 0
configure:32374: test -z 
			 || test ! -s conftest.err
configure:32377: $? = 0
configure:32380: test -s conftest
configure:32383: $? = 0
configure:32400: result: yes: -lblas
configure:33484: checking whether LAPACK is already available with BLAS library
configure:33761: g++ -o conftest -O3 -pipe -DNDEBUG -pedantic-errors -Wparentheses -Wreturn-type -Wcast-qual -Wall -Wpointer-arith -Wwrite-strings -Wconversion -Wno-unknown-pragmas -Wno-long-long   -DCOINUTILS_BUILD   conftest.cc -lblas  >&5
/tmp/ccOeASkN.o: In function `main':
conftest.cc:(.text.startup+0x5): undefined reference to `dsyev_'
collect2: error: ld returned 1 exit status
configure:33767: $? = 1
configure: failed program was:
| /* confdefs.h.  */
| 
| #define PACKAGE_NAME "CoinUtils"
| #define PACKAGE_TARNAME "coinutils"
| #define PACKAGE_VERSION "2.10.11"
| #define PACKAGE_STRING "CoinUtils 2.10.11"
| #define PACKAGE_BUGREPORT "http://projects.coin-or.org/CoinUtils"
| #define COINUTILS_VERSION "2.10.11"
| #define COINUTILS_VERSION_MAJOR 2
| #define COINUTILS_VERSION_MINOR 10
| #define COINUTILS_VERSION_RELEASE 11
| #define COIN_COINUTILS_VERBOSITY 0
| #define COIN_COINUTILS_CHECKLEVEL 0
| #ifdef __cplusplus
| extern "C" void exit (int) throw ();
| #endif
| #define F77_FUNC(name,NAME) name ## _
| #define F77_FUNC_(name,NAME) name ## _
| #define PACKAGE "coinutils"
| #define VERSION "2.10.11"
| #define STDC_HEADERS 1
| #define HAVE_SYS_TYPES_H 1
| #define HAVE_SYS_STAT_H 1
| #define HAVE_STDLIB_H 1
| #define HAVE_STRING_H 1
| #define HAVE_MEMORY_H 1
| #define HAVE_STRINGS_H 1
| #define HAVE_INTTYPES_H 1
| #define HAVE_STDINT_H 1
| #define HAVE_UNISTD_H 1
| #define HAVE_DLFCN_H 1
| #define HAVE_CMATH 1
| #define HAVE_CFLOAT 1
| #define COIN_C_FINITE finite
| #define HAVE_CMATH 1
| #define HAVE_CFLOAT 1
| #define COIN_C_ISNAN isnan
| #define COINUTILS_MEMPOOL_MAXPOOLED -1
| #define HAVE_INTTYPES_H 1
| #define HAVE_STDINT_H 1
| #define COIN_INT64_T int64_t
| #define COIN_UINT64_T int64_t
| #define COIN_INTPTR_T intptr_t
| #define COINUTILS_HAS_STDINT_H 1
| #define HAVE_ENDIAN_H 1
| #define COIN_HAS_BLAS 1
| /* end confdefs.h.  */
| extern "C" {void dsyev_();}
| #ifdef F77_DUMMY_MAIN
| 
| #  ifdef __cplusplus
|      extern "C"
| #  endif
|    int F77_DUMMY_MAIN() { return 1; }
| 
| #endif
| int
| main ()
| {
| dsyev_()
|   ;
|   return 0;
| }
configure:33828: g++ -o conftest -O3 -pipe -DNDEBUG -pedantic-errors -Wparentheses -Wreturn-type -Wcast-qual -Wall -Wpointer-arith -Wwrite-strings -Wconversion -Wno-unknown-pragmas -Wno-long-long   -DCOINUTILS_BUILD   conftest.cc -lblas   -L/usr/lib/gcc/x86_64-linux-gnu/4.8 -L/usr/lib/gcc/x86_64-linux-gnu/4.8/../../../x86_64-linux-gnu -L/usr/lib/gcc/x86_64-linux-gnu/4.8/../../../../lib -L/lib/x86_64-linux-gnu -L/lib/../lib -L/usr/lib/x86_64-linux-gnu -L/usr/lib/../lib -L/usr/lib/gcc/x86_64-linux-gnu/4.8/../../.. -lgfortran -lm -lquadmath >&5
/tmp/ccaaSGHP.o: In function `main':
conftest.cc:(.text.startup+0x5): undefined reference to `dsyev_'
collect2: error: ld returned 1 exit status
configure:33834: $? = 1
configure: failed program was:
| /* confdefs.h.  */
| 
| #define PACKAGE_NAME "CoinUtils"
| #define PACKAGE_TARNAME "coinutils"
| #define PACKAGE_VERSION "2.10.11"
| #define PACKAGE_STRING "CoinUtils 2.10.11"
| #define PACKAGE_BUGREPORT "http://projects.coin-or.org/CoinUtils"
| #define COINUTILS_VERSION "2.10.11"
| #define COINUTILS_VERSION_MAJOR 2
| #define COINUTILS_VERSION_MINOR 10
| #define COINUTILS_VERSION_RELEASE 11
| #define COIN_COINUTILS_VERBOSITY 0
| #define COIN_COINUTILS_CHECKLEVEL 0
| #ifdef __cplusplus
| extern "C" void exit (int) throw ();
| #endif
| #define F77_FUNC(name,NAME) name ## _
| #define F77_FUNC_(name,NAME) name ## _
| #define PACKAGE "coinutils"
| #define VERSION "2.10.11"
| #define STDC_HEADERS 1
| #define HAVE_SYS_TYPES_H 1
| #define HAVE_SYS_STAT_H 1
| #define HAVE_STDLIB_H 1
| #define HAVE_STRING_H 1
| #define HAVE_MEMORY_H 1
| #define HAVE_STRINGS_H 1
| #define HAVE_INTTYPES_H 1
| #define HAVE_STDINT_H 1
| #define HAVE_UNISTD_H 1
| #define HAVE_DLFCN_H 1
| #define HAVE_CMATH 1
| #define HAVE_CFLOAT 1
| #define COIN_C_FINITE finite
| #define HAVE_CMATH 1
| #define HAVE_CFLOAT 1
| #define COIN_C_ISNAN isnan
| #define COINUTILS_MEMPOOL_MAXPOOLED -1
| #define HAVE_INTTYPES_H 1
| #define HAVE_STDINT_H 1
| #define COIN_INT64_T int64_t
| #define COIN_UINT64_T int64_t
| #define COIN_INTPTR_T intptr_t
| #define COINUTILS_HAS_STDINT_H 1
| #define HAVE_ENDIAN_H 1
| #define COIN_HAS_BLAS 1
| /* end confdefs.h.  */
| extern "C" {void dsyev_();}
| #ifdef F77_DUMMY_MAIN
| 
| #  ifdef __cplusplus
|      extern "C"
| #  endif
|    int F77_DUMMY_MAIN() { return 1; }
| 
| #endif
| int
| main ()
| {
| dsyev_()
|   ;
|   return 0;
| }
configure:33864: result: no
configure:34686: checking whether -llapack has LAPACK
configure:34963: g++ -o conftest -O3 -pipe -DNDEBUG -pedantic-errors -Wparentheses -Wreturn-type -Wcast-qual -Wall -Wpointer-arith -Wwrite-strings -Wconversion -Wno-unknown-pragmas -Wno-long-long   -DCOINUTILS_BUILD   conftest.cc -llapack -lblas  >&5
configure:34969: $? = 0
configure:34973: test -z 
			 || test ! -s conftest.err
configure:34976: $? = 0
configure:34979: test -s conftest
configure:34982: $? = 0
configure:34999: result: yes: -llapack
configure:35651: checking for COIN-OR package Glpk
configure:35815: result: not given: No package 'coinglpk' found
configure:36161: checking for COIN-OR package Sample
configure:36292: result: yes: 1.2.10 
configure:36641: checking for COIN-OR package Netlib
configure:36790: result: not given: No package 'coindatanetlib' found
configure:37158: checking zlib.h usability
configure:37170: g++ -c -O3 -pipe -DNDEBUG -pedantic-errors -Wparentheses -Wreturn-type -Wcast-qual -Wall -Wpointer-arith -Wwrite-strings -Wconversion -Wno-unknown-pragmas -Wno-long-long   -DCOINUTILS_BUILD  conftest.cc >&5
configure:37176: $? = 0
configure:37180: test -z 
			 || test ! -s conftest.err
configure:37183: $? = 0
configure:37186: test -s conftest.o
configure:37189: $? = 0
configure:37199: result: yes
configure:37203: checking zlib.h presence
configure:37213: g++ -E  conftest.cc
configure:37219: $? = 0
configure:37239: result: yes
configure:37274: checking for zlib.h
configure:37281: result: yes
configure:37297: checking for gzopen in -lz
configure:37335: g++ -o conftest -O3 -pipe -DNDEBUG -pedantic-errors -Wparentheses -Wreturn-type -Wcast-qual -Wall -Wpointer-arith -Wwrite-strings -Wconversion -Wno-unknown-pragmas -Wno-long-long   -DCOINUTILS_BUILD   conftest.cc -lz   >&5
configure:37341: $? = 0
configure:37345: test -z 
			 || test ! -s conftest.err
configure:37348: $? = 0
configure:37351: test -s conftest
configure:37354: $? = 0
configure:37367: result: yes
configure:37438: checking bzlib.h usability
configure:37450: g++ -c -O3 -pipe -DNDEBUG -pedantic-errors -Wparentheses -Wreturn-type -Wcast-qual -Wall -Wpointer-arith -Wwrite-strings -Wconversion -Wno-unknown-pragmas -Wno-long-long   -DCOINUTILS_BUILD  conftest.cc >&5
configure:37456: $? = 0
configure:37460: test -z 
			 || test ! -s conftest.err
configure:37463: $? = 0
configure:37466: test -s conftest.o
configure:37469: $? = 0
configure:37479: result: yes
configure:37483: checking bzlib.h presence
configure:37493: g++ -E  conftest.cc
configure:37499: $? = 0
configure:37519: result: yes
configure:37554: checking for bzlib.h
configure:37561: result: yes
configure:37577: checking for BZ2_bzReadOpen in -lbz2
configure:37615: g++ -o conftest -O3 -pipe -DNDEBUG -pedantic-errors -Wparentheses -Wreturn-type -Wcast-qual -Wall -Wpointer-arith -Wwrite-strings -Wconversion -Wno-unknown-pragmas -Wno-long-long   -DCOINUTILS_BUILD   conftest.cc -lbz2   >&5
configure:37621: $? = 0
configure:37625: test -z 
			 || test ! -s conftest.err
configure:37628: $? = 0
configure:37631: test -s conftest
configure:37634: $? = 0
configure:37647: result: yes
configure:38006: checking whether this is a VPATH configuration
configure:38013: result: no
configure:38033: configuring doxygen documentation options
configure:38040: checking for doxygen
configure:38067: result: no
configure:38076: checking for latex
configure:38103: result: no
configure:38131: checking for dot
configure:38158: result: NO
configure:38270: checking which command should be used to link input files
configure:38278: result: ln -s
configure:38612: creating ./config.status

## ---------------------- ##
## Running config.status. ##
## ---------------------- ##

This file was extended by CoinUtils config.status 2.10.11, which was
generated by GNU Autoconf 2.59.  Invocation command line was

  CONFIG_FILES    = 
  CONFIG_HEADERS  = 
  CONFIG_LINKS    = 
  CONFIG_COMMANDS = 
  $ ./config.status 

on alexey-linux-desktop1

config.status:839: creating Makefile
config.status:839: creating src/Makefile
config.status:839: creating test/Makefile
config.status:839: creating coinutils.pc
config.status:839: creating coinutils-uninstalled.pc
config.status:839: creating doxydoc/doxygen.conf
config.status:943: creating src/config.h
config.status:943: creating src/config_coinutils.h
config.status:1307: executing depfiles commands
configure:40102: In case of trouble, first consult the troubleshooting page at https://projects.coin-or.org/BuildTools/wiki/user-troubleshooting
configure:40105: Configuration of CoinUtils successful

## ---------------- ##
## Cache variables. ##
## ---------------- ##

ac_cv_build=x86_64-unknown-linux-gnu
ac_cv_build_alias=x86_64-unknown-linux-gnu
ac_cv_c_compiler_gnu=yes
ac_cv_cxx_compiler_gnu=yes
ac_cv_env_ADD_CFLAGS_set=
ac_cv_env_ADD_CFLAGS_value=
ac_cv_env_ADD_CXXFLAGS_set=
ac_cv_env_ADD_CXXFLAGS_value=
ac_cv_env_ADD_FFLAGS_set=
ac_cv_env_ADD_FFLAGS_value=
ac_cv_env_CC_set=
ac_cv_env_CC_value=
ac_cv_env_CDEFS_set=
ac_cv_env_CDEFS_value=
ac_cv_env_CFLAGS_set=
ac_cv_env_CFLAGS_value=
ac_cv_env_CPPFLAGS_set=
ac_cv_env_CPPFLAGS_value=
ac_cv_env_CPP_set=
ac_cv_env_CPP_value=
ac_cv_env_CXXCPP_set=
ac_cv_env_CXXCPP_value=
ac_cv_env_CXXDEFS_set=
ac_cv_env_CXXDEFS_value=
ac_cv_env_CXXFLAGS_set=
ac_cv_env_CXXFLAGS_value=
ac_cv_env_CXX_set=
ac_cv_env_CXX_value=
ac_cv_env_DBG_CFLAGS_set=
ac_cv_env_DBG_CFLAGS_value=
ac_cv_env_DBG_CXXFLAGS_set=
ac_cv_env_DBG_CXXFLAGS_value=
ac_cv_env_DBG_FFLAGS_set=
ac_cv_env_DBG_FFLAGS_value=
ac_cv_env_F77_set=
ac_cv_env_F77_value=
ac_cv_env_FFLAGS_set=
ac_cv_env_FFLAGS_value=
ac_cv_env_LDFLAGS_set=
ac_cv_env_LDFLAGS_value=
ac_cv_env_MPICC_set=
ac_cv_env_MPICC_value=
ac_cv_env_MPICXX_set=
ac_cv_env_MPICXX_value=
ac_cv_env_MPIF77_set=
ac_cv_env_MPIF77_value=
ac_cv_env_OPT_CFLAGS_set=
ac_cv_env_OPT_CFLAGS_value=
ac_cv_env_OPT_CXXFLAGS_set=
ac_cv_env_OPT_CXXFLAGS_value=
ac_cv_env_OPT_FFLAGS_set=
ac_cv_env_OPT_FFLAGS_value=
ac_cv_env_PKG_CONFIG_set=
ac_cv_env_PKG_CONFIG_value=
ac_cv_env_build_alias_set=
ac_cv_env_build_alias_value=
ac_cv_env_host_alias_set=
ac_cv_env_host_alias_value=
ac_cv_env_target_alias_set=
ac_cv_env_target_alias_value=
ac_cv_exeext=
ac_cv_f77_compiler_gnu=yes
ac_cv_f77_dummy_main=none
ac_cv_f77_libs=' -L/usr/lib/gcc/x86_64-linux-gnu/4.8 -L/usr/lib/gcc/x86_64-linux-gnu/4.8/../../../x86_64-linux-gnu -L/usr/lib/gcc/x86_64-linux-gnu/4.8/../../../../lib -L/lib/x86_64-linux-gnu -L/lib/../lib -L/usr/lib/x86_64-linux-gnu -L/usr/lib/../lib -L/usr/lib/gcc/x86_64-linux-gnu/4.8/../../.. -lgfortran -lm -lquadmath'
ac_cv_f77_mangling='lower case, underscore, no extra underscore'
ac_cv_fortran_dummy_main=none
ac_cv_have_decl_finite=yes
ac_cv_have_decl_isfinite=no
ac_cv_have_decl_isnan=yes
ac_cv_header_bzlib_h=yes
ac_cv_header_cfloat=yes
ac_cv_header_cieeefp=no
ac_cv_header_cinttypes=no
ac_cv_header_cmath=yes
ac_cv_header_cstdint=no
ac_cv_header_endian_h=yes
ac_cv_header_ieeefp_h=no
ac_cv_header_inttypes_h=yes
ac_cv_header_stdint_h=yes
ac_cv_header_windows_h=no
ac_cv_header_zlib_h=yes
ac_cv_lib_bz2_BZ2_bzReadOpen=yes
ac_cv_lib_z_gzopen=yes
ac_cv_objext=o
ac_cv_path_install='/usr/bin/install -c'
ac_cv_prog_AWK=mawk
ac_cv_prog_ac_ct_CC=gcc
ac_cv_prog_ac_ct_CXX=g++
ac_cv_prog_ac_ct_F77=gfortran
ac_cv_prog_ac_ct_PKG_CONFIG=pkg-config
ac_cv_prog_cc_g=yes
ac_cv_prog_cc_stdc=
ac_cv_prog_coin_doxy_usedot=NO
ac_cv_prog_coin_have_doxygen=no
ac_cv_prog_coin_have_latex=no
ac_cv_prog_cxx_g=yes
ac_cv_prog_egrep='grep -E'
ac_cv_prog_f77_g=yes
ac_cv_prog_f77_v=-v
ac_cv_prog_have_svnversion=yes
ac_cv_prog_make_make_set=yes
ac_cv_type_int64_t=yes
ac_cv_type_intptr_t=yes
am_cv_CC_dependencies_compiler_type=gcc3
am_cv_CXX_dependencies_compiler_type=gcc3

## ----------------- ##
## Output variables. ##
## ----------------- ##

ABSBUILDDIR='/home/alexey/development/cpp_projects/keggle_santa/libs/Cbc-2.9.7/CoinUtils'
ACLOCAL='${SHELL} /home/alexey/development/cpp_projects/keggle_santa/libs/Cbc-2.9.7/CoinUtils/missing --run aclocal-1.9'
ADD_CFLAGS=''
ADD_CXXFLAGS=''
ADD_FFLAGS=''
ALWAYS_FALSE_FALSE=''
ALWAYS_FALSE_TRUE='#'
AMDEPBACKSLASH='\'
AMDEP_FALSE='#'
AMDEP_TRUE=''
AMTAR='${SHELL} /home/alexey/development/cpp_projects/keggle_santa/libs/Cbc-2.9.7/CoinUtils/missing --run tar'
AR='ar'
AUTOCONF='${SHELL} /home/alexey/development/cpp_projects/keggle_santa/libs/Cbc-2.9.7/CoinUtils/missing --run autoconf'
AUTOHEADER='${SHELL} /home/alexey/development/cpp_projects/keggle_santa/libs/Cbc-2.9.7/CoinUtils/missing --run autoheader'
AUTOMAKE='${SHELL} /home/alexey/development/cpp_projects/keggle_santa/libs/Cbc-2.9.7/CoinUtils/missing --run automake-1.9'
AUX_DIR=''
AWK='mawk'
BLAS_CFLAGS=''
BLAS_CFLAGS_INSTALLED=''
BLAS_DATA=''
BLAS_DATA_INSTALLED=''
BLAS_DEPENDENCIES=''
BLAS_LIBS='-lblas'
BLAS_LIBS_INSTALLED=''
BUILDTOOLSDIR=''
CC='gcc'
CCDEPMODE='depmode=gcc3'
CDEFS=''
CFLAGS='-O3 -pipe -DNDEBUG -pedantic-errors -Wimplicit -Wparentheses -Wsequence-point -Wreturn-type -Wcast-qual -Wall -Wno-unknown-pragmas -Wno-long-long   -DCOINUTILS_BUILD'
COINUTILSLIB_CFLAGS=''
COINUTILSLIB_CFLAGS_INSTALLED=''
COINUTILSLIB_DEPENDENCIES=''
COINUTILSLIB_LIBS='-lbz2 -lz -llapack -lblas -lm '
COINUTILSLIB_LIBS_INSTALLED='-lbz2 -lz -llapack -lblas -lm '
COINUTILSLIB_PCLIBS='-lbz2 -lz -llapack -lblas -lm '
COINUTILSLIB_PCREQUIRES=''
COINUTILS_SVN_REV=''
COIN_CC_IS_CL_FALSE=''
COIN_CC_IS_CL_TRUE='#'
COIN_CXX_IS_CL_FALSE=''
COIN_CXX_IS_CL_TRUE='#'
COIN_HAS_BLAS_FALSE='#'
COIN_HAS_BLAS_TRUE=''
COIN_HAS_DOXYGEN_FALSE=''
COIN_HAS_DOXYGEN_TRUE='#'
COIN_HAS_GLPK_FALSE=''
COIN_HAS_GLPK_TRUE='#'
COIN_HAS_LAPACK_FALSE='#'
COIN_HAS_LAPACK_TRUE=''
COIN_HAS_LATEX_FALSE=''
COIN_HAS_LATEX_TRUE='#'
COIN_HAS_NETLIB_FALSE=''
COIN_HAS_NETLIB_TRUE='#'
COIN_HAS_PKGCONFIG_FALSE='#'
COIN_HAS_PKGCONFIG_TRUE=''
COIN_HAS_SAMPLE_FALSE='#'
COIN_HAS_SAMPLE_TRUE=''
COIN_HAS_ZLIB_FALSE='#'
COIN_HAS_ZLIB_TRUE=''
COIN_PKG_CONFIG_PATH='/home/alexey/development/cpp_projects/keggle_santa/libs/Cbc-2.9.7/lib64/pkgconfig:/home/alexey/development/cpp_projects/keggle_santa/libs/Cbc-2.9.7/lib/pkgconfig:/home/alexey/development/cpp_projects/keggle_santa/libs/Cbc-2.9.7/share/pkgconfig:'
COIN_PKG_CONFIG_PATH_UNINSTALLED='/home/alexey/development/cpp_projects/keggle_santa/libs/Cbc-2.9.7/Cbc:/home/alexey/development/cpp_projects/keggle_santa/libs/Cbc-2.9.7/Cgl:/home/alexey/development/cpp_projects/keggle_santa/libs/Cbc-2.9.7/Clp:/home/alexey/development/cpp_projects/keggle_santa/libs/Cbc-2.9.7/Osi:/home/alexey/development/cpp_projects/keggle_santa/libs/Cbc-2.9.7/CoinUtils:/home/alexey/development/cpp_projects/keggle_santa/libs/Cbc-2.9.7/Data/miplib3:/home/alexey/development/cpp_projects/keggle_santa/libs/Cbc-2.9.7/Data/Sample:'
CPP='gcc -E'
CPPFLAGS=''
CXX='g++'
CXXCPP='g++ -E'
CXXDEFS=''
CXXDEPMODE='depmode=gcc3'
CXXFLAGS='-O3 -pipe -DNDEBUG -pedantic-errors -Wparentheses -Wreturn-type -Wcast-qual -Wall -Wpointer-arith -Wwrite-strings -Wconversion -Wno-unknown-pragmas -Wno-long-long   -DCOINUTILS_BUILD'
CYGPATH_W='echo'
DBG_CFLAGS='-g -O0 -pipe -pedantic-errors -Wimplicit -Wparentheses -Wsequence-point -Wreturn-type -Wcast-qual -Wall -Wno-unknown-pragmas -Wno-long-long  '
DBG_CXXFLAGS='-g -O0 -pipe -pedantic-errors -Wparentheses -Wreturn-type -Wcast-qual -Wall -Wpointer-arith -Wwrite-strings -Wconversion -Wno-unknown-pragmas -Wno-long-long  '
DBG_FFLAGS='-g -O0 -pipe  '
DEFS='-DHAVE_CONFIG_H'
DEPDIR='.deps'
DEPENDENCY_LINKING_FALSE='#'
DEPENDENCY_LINKING_TRUE=''
ECHO='echo'
ECHO_C=''
ECHO_N='-n'
ECHO_T=''
EGREP='grep -E'
EXEEXT=''
F77='gfortran'
FFLAGS='-O3 -pipe  '
FLIBS=' -L/usr/lib/gcc/x86_64-linux-gnu/4.8 -L/usr/lib/gcc/x86_64-linux-gnu/4.8/../../../x86_64-linux-gnu -L/usr/lib/gcc/x86_64-linux-gnu/4.8/../../../../lib -L/lib/x86_64-linux-gnu -L/lib/../lib -L/usr/lib/x86_64-linux-gnu -L/usr/lib/../lib -L/usr/lib/gcc/x86_64-linux-gnu/4.8/../../.. -lgfortran -lm -lquadmath'
GLPK_CFLAGS=''
GLPK_CFLAGS_INSTALLED=''
GLPK_DATA=''
GLPK_DATA_INSTALLED=''
GLPK_DEPENDENCIES=''
GLPK_LIBS=''
GLPK_LIBS_INSTALLED=''
HAVE_EXTERNALS_FALSE=''
HAVE_EXTERNALS_TRUE='#'
INSTALL_DATA='${INSTALL} -m 644'
INSTALL_PROGRAM='${INSTALL}'
INSTALL_SCRIPT='${INSTALL}'
INSTALL_STRIP_PROGRAM='${SHELL} $(install_sh) -c -s'
LAPACK_CFLAGS=''
LAPACK_CFLAGS_INSTALLED=''
LAPACK_DATA=''
LAPACK_DATA_INSTALLED=''
LAPACK_DEPENDENCIES=''
LAPACK_LIBS='-llapack'
LAPACK_LIBS_INSTALLED=''
LDFLAGS=''
LIBEXT='a'
LIBOBJS=''
LIBS=''
LIBTOOL='$(SHELL) $(top_builddir)/../libtool'
LIBTOOLM4=''
LN_S='ln -s'
LTLIBOBJS=''
LT_LDFLAGS='-no-undefined -version-info 13:11:10'
MAINT='#'
MAINTAINER_MODE_FALSE=''
MAINTAINER_MODE_TRUE='#'
MAKEINFO='${SHELL} /home/alexey/development/cpp_projects/keggle_santa/libs/Cbc-2.9.7/CoinUtils/missing --run makeinfo'
MPICC=''
MPICXX=''
MPIF77=''
NETLIB_CFLAGS=''
NETLIB_CFLAGS_INSTALLED=''
NETLIB_DATA=''
NETLIB_DATA_INSTALLED=''
NETLIB_DEPENDENCIES=''
NETLIB_LIBS=''
NETLIB_LIBS_INSTALLED=''
OBJEXT='o'
OPT_CFLAGS='-O3 -pipe -DNDEBUG -pedantic-errors -Wimplicit -Wparentheses -Wsequence-point -Wreturn-type -Wcast-qual -Wall -Wno-unknown-pragmas -Wno-long-long  '
OPT_CXXFLAGS='-O3 -pipe -DNDEBUG -pedantic-errors -Wparentheses -Wreturn-type -Wcast-qual -Wall -Wpointer-arith -Wwrite-strings -Wconversion -Wno-unknown-pragmas -Wno-long-long  '
OPT_FFLAGS='-O3 -pipe  '
PACKAGE='coinutils'
PACKAGE_BUGREPORT='http://projects.coin-or.org/CoinUtils'
PACKAGE_NAME='CoinUtils'
PACKAGE_STRING='CoinUtils 2.10.11'
PACKAGE_TARNAME='coinutils'
PACKAGE_VERSION='2.10.11'
PATH_SEPARATOR=':'
PKG_CONFIG='pkg-config'
RANLIB='ranlib'
RPATH_FLAGS=' -Wl,--rpath -Wl,/home/alexey/development/cpp_projects/keggle_santa/libs/Cbc-2.9.7/lib'
SAMPLE_CFLAGS=' '
SAMPLE_CFLAGS_INSTALLED=''
SAMPLE_DATA='/home/alexey/development/cpp_projects/keggle_santa/libs/Cbc-2.9.7/Data/Sample'
SAMPLE_DATA_INSTALLED=''
SAMPLE_DEPENDENCIES='  '
SAMPLE_LIBS=' '
SAMPLE_LIBS_INSTALLED=''
SET_MAKE=''
SHELL='/bin/bash'
STRIP='strip'
VERSION='2.10.11'
VPATH_DISTCLEANFILES=''
abs_bin_dir='/home/alexey/development/cpp_projects/keggle_santa/libs/Cbc-2.9.7/bin'
abs_include_dir='/home/alexey/development/cpp_projects/keggle_santa/libs/Cbc-2.9.7/include'
abs_lib_dir='/home/alexey/development/cpp_projects/keggle_santa/libs/Cbc-2.9.7/lib'
abs_source_dir='/home/alexey/development/cpp_projects/keggle_santa/libs/Cbc-2.9.7/CoinUtils'
ac_c_preproc_warn_flag=''
ac_ct_AR='ar'
ac_ct_CC='gcc'
ac_ct_CXX='g++'
ac_ct_F77='gfortran'
ac_ct_PKG_CONFIG='pkg-config'
ac_ct_RANLIB='ranlib'
ac_ct_STRIP='strip'
ac_cxx_preproc_warn_flag=''
am__fastdepCC_FALSE='#'
am__fastdepCC_TRUE=''
am__fastdepCXX_FALSE='#'
am__fastdepCXX_TRUE=''
am__include='include'
am__leading_dot='.'
am__quote=''
am__tar='${AMTAR} chof - "$$tardir"'
am__untar='${AMTAR} xf -'
bindir='${exec_prefix}/bin'
build='x86_64-unknown-linux-gnu'
build_alias=''
build_cpu='x86_64'
build_os='linux-gnu'
build_vendor='unknown'
coin_doxy_excludes=''
coin_doxy_logname='doxydoc/coinutils_doxy.log'
coin_doxy_tagfiles=''
coin_doxy_tagname='doxydoc/coinutils_doxy.tag'
coin_doxy_usedot='NO'
coin_have_doxygen='no'
coin_have_latex='no'
datadir='${prefix}/share'
exec_prefix='${prefix}'
have_autoconf=''
have_automake=''
have_svn=''
have_svnversion='yes'
host='x86_64-unknown-linux-gnu'
host_alias=''
host_cpu='x86_64'
host_os='linux-gnu'
host_vendor='unknown'
includedir='${prefix}/include'
infodir='${prefix}/info'
install_sh='/home/alexey/development/cpp_projects/keggle_santa/libs/Cbc-2.9.7/CoinUtils/install-sh'
libdir='${exec_prefix}/lib'
libexecdir='${exec_prefix}/libexec'
localstatedir='${prefix}/var'
mandir='${prefix}/man'
mkdir_p='mkdir -p --'
oldincludedir='/usr/include'
prefix='/home/alexey/development/cpp_projects/keggle_santa/libs/Cbc-2.9.7'
program_transform_name='s,x,x,'
sbindir='${exec_prefix}/sbin'
sharedstatedir='${prefix}/com'
sol_cc_compiler=''
sysconfdir='${prefix}/etc'
target_alias=''

## ----------- ##
## confdefs.h. ##
## ----------- ##

#define COINUTILS_HAS_STDINT_H 1
#define COINUTILS_MEMPOOL_MAXPOOLED -1
#define COINUTILS_VERSION "2.10.11"
#define COINUTILS_VERSION_MAJOR 2
#define COINUTILS_VERSION_MINOR 10
#define COINUTILS_VERSION_RELEASE 11
#define COIN_COINUTILS_CHECKLEVEL 0
#define COIN_COINUTILS_VERBOSITY 0
#define COIN_C_FINITE finite
#define COIN_C_ISNAN isnan
#define COIN_HAS_BLAS 1
#define COIN_HAS_BZLIB 1
#define COIN_HAS_LAPACK 1
#define COIN_HAS_SAMPLE 1
#define COIN_HAS_ZLIB 1
#define COIN_INT64_T int64_t
#define COIN_INTPTR_T intptr_t
#define COIN_UINT64_T int64_t
#define F77_FUNC(name,NAME) name ## _
#define F77_FUNC_(name,NAME) name ## _
#define HAVE_BZLIB_H 1
#define HAVE_CFLOAT 1
#define HAVE_CFLOAT 1
#define HAVE_CMATH 1
#define HAVE_CMATH 1
#define HAVE_DLFCN_H 1
#define HAVE_ENDIAN_H 1
#define HAVE_INTTYPES_H 1
#define HAVE_INTTYPES_H 1
#define HAVE_MEMORY_H 1
#define HAVE_STDINT_H 1
#define HAVE_STDINT_H 1
#define HAVE_STDLIB_H 1
#define HAVE_STRINGS_H 1
#define HAVE_STRING_H 1
#define HAVE_SYS_STAT_H 1
#define HAVE_SYS_TYPES_H 1
#define HAVE_UNISTD_H 1
#define HAVE_ZLIB_H 1
#define PACKAGE "coinutils"
#define PACKAGE_BUGREPORT "http://projects.coin-or.org/CoinUtils"
#define PACKAGE_NAME "CoinUtils"
#define PACKAGE_STRING "CoinUtils 2.10.11"
#define PACKAGE_TARNAME "coinutils"
#define PACKAGE_VERSION "2.10.11"
#define STDC_HEADERS 1
#define VERSION "2.10.11"
#endif
#ifdef __cplusplus
extern "C" void exit (int) throw ();

configure: exit 0
